[ 2014-05-23T12:00:23+08:00 ] 127.0.0.1 /index.php/Index/scanme
INFO: [ route_check ] --START--
INFO: CheckRoute Behavior ::run [ RunTime:0.003796s ]
INFO: [ route_check ] --END-- [ RunTime:0.003960s ]
INFO: [ app_begin ] --START--
INFO: ReadHtmlCache Behavior ::run [ RunTime:0.003158s ]
INFO: [ app_begin ] --END-- [ RunTime:0.003305s ]
SQL: SHOW COLUMNS FROM `spider` [ RunTime:0.081715s ]
SQL: SELECT * FROM `spider`  [ RunTime:0.002792s ]
NOTIC: [8] Undefined index:  timestamp E:\web tools\wamp\www\PluginDetect\Lib\Action\IndexAction.class.php 第 56 行.
INFO: [ view_parse ] --START--
INFO: ParseTemplate Behavior ::run [ RunTime:0.048674s ]
INFO: [ view_parse ] --END-- [ RunTime:0.048824s ]
INFO: [ view_filter ] --START--
INFO: ContentReplace Behavior ::run [ RunTime:0.002334s ]
INFO: TokenBuild Behavior ::run [ RunTime:0.002320s ]
INFO: WriteHtmlCache Behavior ::run [ RunTime:0.002135s ]
INFO: ShowRuntime Behavior ::run [ RunTime:0.002471s ]
INFO: [ view_filter ] --END-- [ RunTime:0.009545s ]
INFO: [ view_end ] --START--
INFO: ShowPageTrace Behavior ::run [ RunTime:0.002776s ]
INFO: [ view_end ] --END-- [ RunTime:0.002880s ]

[ 2014-05-23T12:00:26+08:00 ] 127.0.0.1 /index.php/Index/scanme
INFO: [ route_check ] --START--
INFO: CheckRoute Behavior ::run [ RunTime:0.001819s ]
INFO: [ route_check ] --END-- [ RunTime:0.001981s ]
INFO: [ app_begin ] --START--
INFO: ReadHtmlCache Behavior ::run [ RunTime:0.001534s ]
INFO: [ app_begin ] --END-- [ RunTime:0.001616s ]
SQL: SHOW COLUMNS FROM `spider` [ RunTime:0.053936s ]
SQL: SELECT * FROM `spider`  [ RunTime:0.003734s ]
SQL: SHOW COLUMNS FROM `scanrecord` [ RunTime:0.341977s ]
SQL: INSERT INTO `scanrecord` (`ip`,`browser`,`browserversion`,`plugininfo`,`os`,`timestamp`) VALUES ('127.0.0.1','chrome','34,0,1847,137','reader=U2FsdGVkX1+0ovnbcuj4Al9AbCDPeaQ3qwVB12QyL8I=&dvr=U2FsdGVkX18URWXD8S/44utOCvybbpTKzIe290eszn0=&flash=U2FsdGVkX19xdW4Zs5TEpj3I859wciAYZpSYl93THl4=&java=U2FsdGVkX182tkYxZwjJB5vM8CQUg+Cygk6I2DXPi6w=&qt=U2FsdGVkX19RSYt3KGOVNWSk9XIbOD512Mtw7h4sgQ0=&silver=U2FsdGVkX1/ZLVFp0E/IPCvlwIUgsaiCyCkYzpxSSVE=&vlc=U2FsdGVkX18TfA6IABHmvPpz/ZOOovPT9/9p/kbolFI=&xunlei=U2FsdGVkX1/C4GtO9uRlJpAZ0pxn+cnw0mbk0fMsG94=&alipay=U2FsdGVkX1/+uRkeF+9mXdSe19BeQoB2gE37kxnMRqY=&qqmail=U2FsdGVkX1+hlVpQkyFEjgCnSdST86flOxk8njJfWoo=&upeditor=U2FsdGVkX18TjjEw89RTXOwXTmRwsuIExLHyB873xtY=&','Windows','2014-05-23 12:00:25') [ RunTime:0.161909s ]
INFO: [ view_parse ] --START--
INFO: ParseTemplate Behavior ::run [ RunTime:0.036743s ]
INFO: [ view_parse ] --END-- [ RunTime:0.036988s ]
INFO: [ view_filter ] --START--
INFO: ContentReplace Behavior ::run [ RunTime:0.002047s ]
INFO: TokenBuild Behavior ::run [ RunTime:0.001332s ]
INFO: WriteHtmlCache Behavior ::run [ RunTime:0.001242s ]
INFO: ShowRuntime Behavior ::run [ RunTime:0.001460s ]
INFO: [ view_filter ] --END-- [ RunTime:0.006382s ]
INFO: [ view_end ] --START--
INFO: ShowPageTrace Behavior ::run [ RunTime:0.001509s ]
INFO: [ view_end ] --END-- [ RunTime:0.001589s ]

[ 2014-05-23T12:03:48+08:00 ] 127.0.0.1 /index.php/Index/scanme
INFO: [ route_check ] --START--
INFO: CheckRoute Behavior ::run [ RunTime:0.002450s ]
INFO: [ route_check ] --END-- [ RunTime:0.002621s ]
INFO: [ app_begin ] --START--
INFO: ReadHtmlCache Behavior ::run [ RunTime:0.001875s ]
INFO: [ app_begin ] --END-- [ RunTime:0.001986s ]
SQL: SHOW COLUMNS FROM `spider` [ RunTime:0.003903s ]
SQL: SELECT * FROM `spider`  [ RunTime:0.001956s ]
NOTIC: [8] Undefined index:  timestamp E:\web tools\wamp\www\PluginDetect\Lib\Action\IndexAction.class.php 第 56 行.
INFO: [ view_parse ] --START--
INFO: ParseTemplate Behavior ::run [ RunTime:0.025575s ]
INFO: [ view_parse ] --END-- [ RunTime:0.025730s ]
INFO: [ view_filter ] --START--
INFO: ContentReplace Behavior ::run [ RunTime:0.001440s ]
INFO: TokenBuild Behavior ::run [ RunTime:0.001683s ]
INFO: WriteHtmlCache Behavior ::run [ RunTime:0.001211s ]
INFO: ShowRuntime Behavior ::run [ RunTime:0.001391s ]
INFO: [ view_filter ] --END-- [ RunTime:0.005994s ]
INFO: [ view_end ] --START--
INFO: ShowPageTrace Behavior ::run [ RunTime:0.001605s ]
INFO: [ view_end ] --END-- [ RunTime:0.001710s ]

[ 2014-05-23T12:03:50+08:00 ] 127.0.0.1 /index.php/Index/scanme
INFO: [ route_check ] --START--
INFO: CheckRoute Behavior ::run [ RunTime:0.001804s ]
INFO: [ route_check ] --END-- [ RunTime:0.001922s ]
INFO: [ app_begin ] --START--
INFO: ReadHtmlCache Behavior ::run [ RunTime:0.001437s ]
INFO: [ app_begin ] --END-- [ RunTime:0.001542s ]
SQL: SHOW COLUMNS FROM `spider` [ RunTime:0.003699s ]
SQL: SELECT * FROM `spider`  [ RunTime:0.002265s ]
SQL: SHOW COLUMNS FROM `scanrecord` [ RunTime:0.004794s ]
SQL: INSERT INTO `scanrecord` (`ip`,`browser`,`browserversion`,`plugininfo`,`os`,`timestamp`) VALUES ('127.0.0.1','chrome','34,0,1847,137','reader=U2FsdGVkX19YH3AYEJ/A/VEzltxg5eZVSqxGzUePMTo=&dvr=U2FsdGVkX1990bcAp9N73eTJGAS0bYu3RBQ2OiWmaNM=&flash=U2FsdGVkX18/B4TgAXLFvwS/xaw58ilXsRmDx1z8h3c=&java=U2FsdGVkX187xdZLSQyET3yOb4+DZ7zTJ9JXAsnesVU=&qt=U2FsdGVkX18SNi1J9NTtlJ0YAYwWK3j51dF5rBUsQFs=&silver=U2FsdGVkX1+VZ8s/cUpS2w08AaQBKALg01cQs27+D0k=&vlc=U2FsdGVkX1+csp563QjOx7eT5KFu5lYuiaVnojwr978=&xunlei=U2FsdGVkX18juBkEzln3SRH4YBLEe0Ty2tRSxbvEiV0=&alipay=U2FsdGVkX1/or','Windows','2014-05-23 12:03:49') [ RunTime:0.049359s ]
INFO: [ view_parse ] --START--
INFO: ParseTemplate Behavior ::run [ RunTime:0.032888s ]
INFO: [ view_parse ] --END-- [ RunTime:0.033127s ]
INFO: [ view_filter ] --START--
INFO: ContentReplace Behavior ::run [ RunTime:0.002787s ]
INFO: TokenBuild Behavior ::run [ RunTime:0.002557s ]
INFO: WriteHtmlCache Behavior ::run [ RunTime:0.002322s ]
INFO: ShowRuntime Behavior ::run [ RunTime:0.001601s ]
INFO: [ view_filter ] --END-- [ RunTime:0.009677s ]
INFO: [ view_end ] --START--
INFO: ShowPageTrace Behavior ::run [ RunTime:0.001505s ]
INFO: [ view_end ] --END-- [ RunTime:0.001590s ]

[ 2014-05-23T12:07:05+08:00 ] 127.0.0.1 /index.php/Index/login
INFO: [ route_check ] --START--
INFO: CheckRoute Behavior ::run [ RunTime:0.002778s ]
INFO: [ route_check ] --END-- [ RunTime:0.002988s ]
INFO: [ app_begin ] --START--
INFO: ReadHtmlCache Behavior ::run [ RunTime:0.002362s ]
INFO: [ app_begin ] --END-- [ RunTime:0.002535s ]
NOTIC: [8] Constant THEME_NAME already defined E:\web tools\wamp\www\ThinkPHP\Lib\Core\View.class.php 第 223 行.
NOTIC: [8] Constant THEME_PATH already defined E:\web tools\wamp\www\ThinkPHP\Lib\Core\View.class.php 第 174 行.
NOTIC: [8] Constant APP_TMPL_PATH already defined E:\web tools\wamp\www\ThinkPHP\Lib\Core\View.class.php 第 175 行.
INFO: [ view_parse ] --START--
INFO: ParseTemplate Behavior ::run [ RunTime:0.044002s ]
INFO: [ view_parse ] --END-- [ RunTime:0.044173s ]
INFO: [ view_filter ] --START--
INFO: ContentReplace Behavior ::run [ RunTime:0.001500s ]
INFO: TokenBuild Behavior ::run [ RunTime:0.001790s ]
INFO: WriteHtmlCache Behavior ::run [ RunTime:0.001284s ]
INFO: ShowRuntime Behavior ::run [ RunTime:0.001537s ]
INFO: [ view_filter ] --END-- [ RunTime:0.006372s ]
INFO: [ view_end ] --START--
INFO: ShowPageTrace Behavior ::run [ RunTime:0.001630s ]
INFO: [ view_end ] --END-- [ RunTime:0.001713s ]

[ 2014-05-23T12:07:10+08:00 ] 127.0.0.1 /index.php/Index/resultview
INFO: [ route_check ] --START--
INFO: CheckRoute Behavior ::run [ RunTime:0.001967s ]
INFO: [ route_check ] --END-- [ RunTime:0.002103s ]
INFO: [ app_begin ] --START--
INFO: ReadHtmlCache Behavior ::run [ RunTime:0.001686s ]
INFO: [ app_begin ] --END-- [ RunTime:0.001782s ]
SQL: SHOW COLUMNS FROM `results` [ RunTime:0.188694s ]
SQL: SELECT * FROM `results`  [ RunTime:0.002855s ]
INFO: [ view_parse ] --START--
INFO: ParseTemplate Behavior ::run [ RunTime:0.016272s ]
INFO: [ view_parse ] --END-- [ RunTime:0.016421s ]
INFO: [ view_filter ] --START--
INFO: ContentReplace Behavior ::run [ RunTime:0.001593s ]
INFO: TokenBuild Behavior ::run [ RunTime:0.001353s ]
INFO: WriteHtmlCache Behavior ::run [ RunTime:0.001585s ]
INFO: ShowRuntime Behavior ::run [ RunTime:0.001391s ]
INFO: [ view_filter ] --END-- [ RunTime:0.006201s ]
INFO: [ view_end ] --START--
INFO: ShowPageTrace Behavior ::run [ RunTime:0.001511s ]
INFO: [ view_end ] --END-- [ RunTime:0.001592s ]

[ 2014-05-23T12:07:18+08:00 ] 127.0.0.1 /index.php/Index/login
INFO: [ route_check ] --START--
INFO: CheckRoute Behavior ::run [ RunTime:0.001041s ]
INFO: [ route_check ] --END-- [ RunTime:0.001169s ]
INFO: [ app_begin ] --START--
INFO: ReadHtmlCache Behavior ::run [ RunTime:0.000754s ]
INFO: [ app_begin ] --END-- [ RunTime:0.000843s ]
NOTIC: [8] Constant THEME_NAME already defined E:\web tools\wamp\www\ThinkPHP\Lib\Core\View.class.php 第 223 行.
NOTIC: [8] Constant THEME_PATH already defined E:\web tools\wamp\www\ThinkPHP\Lib\Core\View.class.php 第 174 行.
NOTIC: [8] Constant APP_TMPL_PATH already defined E:\web tools\wamp\www\ThinkPHP\Lib\Core\View.class.php 第 175 行.
INFO: [ view_parse ] --START--
INFO: ParseTemplate Behavior ::run [ RunTime:0.011633s ]
INFO: [ view_parse ] --END-- [ RunTime:0.011776s ]
INFO: [ view_filter ] --START--
INFO: ContentReplace Behavior ::run [ RunTime:0.000515s ]
INFO: TokenBuild Behavior ::run [ RunTime:0.000477s ]
INFO: WriteHtmlCache Behavior ::run [ RunTime:0.000368s ]
INFO: ShowRuntime Behavior ::run [ RunTime:0.000567s ]
INFO: [ view_filter ] --END-- [ RunTime:0.002159s ]
INFO: [ view_end ] --START--
INFO: ShowPageTrace Behavior ::run [ RunTime:0.000734s ]
INFO: [ view_end ] --END-- [ RunTime:0.000820s ]

[ 2014-05-23T12:07:24+08:00 ] 127.0.0.1 /index.php/Index/resultview
INFO: [ route_check ] --START--
INFO: CheckRoute Behavior ::run [ RunTime:0.001851s ]
INFO: [ route_check ] --END-- [ RunTime:0.001975s ]
INFO: [ app_begin ] --START--
INFO: ReadHtmlCache Behavior ::run [ RunTime:0.001520s ]
INFO: [ app_begin ] --END-- [ RunTime:0.001638s ]
SQL: SHOW COLUMNS FROM `results` [ RunTime:0.004844s ]
SQL: SELECT * FROM `results`  [ RunTime:0.001967s ]
INFO: [ view_parse ] --START--
INFO: ParseTemplate Behavior ::run [ RunTime:0.023725s ]
INFO: [ view_parse ] --END-- [ RunTime:0.023871s ]
INFO: [ view_filter ] --START--
INFO: ContentReplace Behavior ::run [ RunTime:0.001569s ]
INFO: TokenBuild Behavior ::run [ RunTime:0.001375s ]
INFO: WriteHtmlCache Behavior ::run [ RunTime:0.001265s ]
INFO: ShowRuntime Behavior ::run [ RunTime:0.001600s ]
INFO: [ view_filter ] --END-- [ RunTime:0.006085s ]
INFO: [ view_end ] --START--
INFO: ShowPageTrace Behavior ::run [ RunTime:0.001920s ]
INFO: [ view_end ] --END-- [ RunTime:0.002042s ]

[ 2014-05-23T12:07:26+08:00 ] 127.0.0.1 /index.php/Index/scanme
INFO: [ route_check ] --START--
INFO: CheckRoute Behavior ::run [ RunTime:0.001976s ]
INFO: [ route_check ] --END-- [ RunTime:0.002259s ]
INFO: [ app_begin ] --START--
INFO: ReadHtmlCache Behavior ::run [ RunTime:0.001479s ]
INFO: [ app_begin ] --END-- [ RunTime:0.001601s ]
SQL: SHOW COLUMNS FROM `spider` [ RunTime:0.005274s ]
SQL: SELECT * FROM `spider`  [ RunTime:0.002173s ]
NOTIC: [8] Undefined index:  timestamp E:\web tools\wamp\www\PluginDetect\Lib\Action\IndexAction.class.php 第 56 行.
INFO: [ view_parse ] --START--
INFO: ParseTemplate Behavior ::run [ RunTime:0.022651s ]
INFO: [ view_parse ] --END-- [ RunTime:0.022814s ]
INFO: [ view_filter ] --START--
INFO: ContentReplace Behavior ::run [ RunTime:0.001918s ]
INFO: TokenBuild Behavior ::run [ RunTime:0.001361s ]
INFO: WriteHtmlCache Behavior ::run [ RunTime:0.001283s ]
INFO: ShowRuntime Behavior ::run [ RunTime:0.001401s ]
INFO: [ view_filter ] --END-- [ RunTime:0.006214s ]
INFO: [ view_end ] --START--
INFO: ShowPageTrace Behavior ::run [ RunTime:0.001630s ]
INFO: [ view_end ] --END-- [ RunTime:0.001713s ]

[ 2014-05-23T12:07:28+08:00 ] 127.0.0.1 /index.php/Index/scanme
INFO: [ route_check ] --START--
INFO: CheckRoute Behavior ::run [ RunTime:0.001040s ]
INFO: [ route_check ] --END-- [ RunTime:0.001158s ]
INFO: [ app_begin ] --START--
INFO: ReadHtmlCache Behavior ::run [ RunTime:0.000651s ]
INFO: [ app_begin ] --END-- [ RunTime:0.000739s ]
SQL: SHOW COLUMNS FROM `spider` [ RunTime:0.004375s ]
SQL: SELECT * FROM `spider`  [ RunTime:0.002310s ]
SQL: SHOW COLUMNS FROM `scanrecord` [ RunTime:0.004094s ]
SQL: INSERT INTO `scanrecord` (`ip`,`browser`,`browserversion`,`plugininfo`,`os`,`timestamp`) VALUES ('127.0.0.1','chrome','34,0,1847,137','reader=U2FsdGVkX199SWWix0Hzwl1Bhc9CO0bynHnMomcIwQc=&dvr=U2FsdGVkX1+pj1PmH71S16RVQuyFxo45scRKp8xMHaI=&flash=U2FsdGVkX1+g5BmDOz1VdoLjNzjk4R63XAw2ew1C9H0=&java=U2FsdGVkX1+J+XvKZt2WD4XO/btLo26O+A7EcDirU6k=&qt=U2FsdGVkX19rNUH7bsOUmVUiFqxlXrAVbDAJOfWpmWU=&silver=U2FsdGVkX18qxyf5hUnI9CwyXWMYn0yep4GfY6DG2vw=&vlc=U2FsdGVkX1/LlsKg4v9E+4eLNJN3lxUKhlcCrSaFAx0=&xunlei=U2FsdGVkX1/0Yui9BmzsbjdsKrk7OfEk+y/qiMCAb88=&alipay=U2FsdGVkX1+nEFxnvtpbnkDKSLqDsDs4gty82WastQc=&qqmail=U2FsdGVkX1/1Lqfu3aT0THWrYCdzMt7zGpRfUf0GdHg=&upeditor=U2FsdGVkX1+7gFHmyUyBJROyXXUrAAv5vjrPTW5W2p8=&','Windows','2014-05-23 12:07:28') [ RunTime:0.158715s ]
INFO: [ view_parse ] --START--
INFO: ParseTemplate Behavior ::run [ RunTime:0.024689s ]
INFO: [ view_parse ] --END-- [ RunTime:0.024925s ]
INFO: [ view_filter ] --START--
INFO: ContentReplace Behavior ::run [ RunTime:0.000981s ]
INFO: TokenBuild Behavior ::run [ RunTime:0.000978s ]
INFO: WriteHtmlCache Behavior ::run [ RunTime:0.000796s ]
INFO: ShowRuntime Behavior ::run [ RunTime:0.001290s ]
INFO: [ view_filter ] --END-- [ RunTime:0.004587s ]
INFO: [ view_end ] --START--
INFO: ShowPageTrace Behavior ::run [ RunTime:0.001551s ]
INFO: [ view_end ] --END-- [ RunTime:0.001742s ]

