[ 2014-04-28T11:05:53+08:00 ] 127.0.0.1 /
INFO: [ app_begin ] --START--
INFO: ReadHtmlCache Behavior ::run [ RunTime:0.002431s ]
INFO: [ app_begin ] --END-- [ RunTime:0.002554s ]
INFO: [ view_parse ] --START--
INFO: ParseTemplate Behavior ::run [ RunTime:0.025692s ]
INFO: [ view_parse ] --END-- [ RunTime:0.025849s ]
INFO: [ view_filter ] --START--
NOTIC: [8] Use of undefined constant APP_TMPL_PATH - assumed 'APP_TMPL_PATH' E:\web tools\wamp\www\ThinkPHP\Lib\Behavior\ContentReplaceBehavior.class.php 第 40 行.
NOTIC: [8] Use of undefined constant APP_TMPL_PATH - assumed 'APP_TMPL_PATH' E:\web tools\wamp\www\ThinkPHP\Lib\Behavior\ContentReplaceBehavior.class.php 第 47 行.
INFO: ContentReplace Behavior ::run [ RunTime:0.002192s ]
INFO: TokenBuild Behavior ::run [ RunTime:0.002092s ]
INFO: WriteHtmlCache Behavior ::run [ RunTime:0.001913s ]
INFO: ShowRuntime Behavior ::run [ RunTime:0.002115s ]
INFO: [ view_filter ] --END-- [ RunTime:0.008554s ]
INFO: [ view_end ] --START--
INFO: ShowPageTrace Behavior ::run [ RunTime:0.002329s ]
INFO: [ view_end ] --END-- [ RunTime:0.002414s ]

[ 2014-04-28T11:06:16+08:00 ] 127.0.0.1 /index.php/Index
INFO: [ route_check ] --START--
INFO: CheckRoute Behavior ::run [ RunTime:0.001058s ]
INFO: [ route_check ] --END-- [ RunTime:0.001223s ]
INFO: [ app_begin ] --START--
INFO: ReadHtmlCache Behavior ::run [ RunTime:0.000744s ]
INFO: [ app_begin ] --END-- [ RunTime:0.000824s ]
INFO: [ view_parse ] --START--
INFO: ParseTemplate Behavior ::run [ RunTime:0.003455s ]
INFO: [ view_parse ] --END-- [ RunTime:0.003555s ]
INFO: [ view_filter ] --START--
NOTIC: [8] Use of undefined constant APP_TMPL_PATH - assumed 'APP_TMPL_PATH' E:\web tools\wamp\www\ThinkPHP\Lib\Behavior\ContentReplaceBehavior.class.php 第 40 行.
NOTIC: [8] Use of undefined constant APP_TMPL_PATH - assumed 'APP_TMPL_PATH' E:\web tools\wamp\www\ThinkPHP\Lib\Behavior\ContentReplaceBehavior.class.php 第 47 行.
INFO: ContentReplace Behavior ::run [ RunTime:0.002269s ]
INFO: TokenBuild Behavior ::run [ RunTime:0.002226s ]
INFO: WriteHtmlCache Behavior ::run [ RunTime:0.001964s ]
INFO: ShowRuntime Behavior ::run [ RunTime:0.002161s ]
INFO: [ view_filter ] --END-- [ RunTime:0.008846s ]
INFO: [ view_end ] --START--
INFO: ShowPageTrace Behavior ::run [ RunTime:0.002399s ]
INFO: [ view_end ] --END-- [ RunTime:0.002480s ]

[ 2014-04-28T11:06:43+08:00 ] 127.0.0.1 /index.php/Index
INFO: [ route_check ] --START--
INFO: CheckRoute Behavior ::run [ RunTime:0.003184s ]
INFO: [ route_check ] --END-- [ RunTime:0.003373s ]
INFO: [ app_begin ] --START--
INFO: ReadHtmlCache Behavior ::run [ RunTime:0.000965s ]
INFO: [ app_begin ] --END-- [ RunTime:0.001074s ]
INFO: [ view_parse ] --START--
INFO: ParseTemplate Behavior ::run [ RunTime:0.001438s ]
INFO: [ view_parse ] --END-- [ RunTime:0.001559s ]
INFO: [ view_filter ] --START--
NOTIC: [8] Use of undefined constant APP_TMPL_PATH - assumed 'APP_TMPL_PATH' E:\web tools\wamp\www\ThinkPHP\Lib\Behavior\ContentReplaceBehavior.class.php 第 40 行.
NOTIC: [8] Use of undefined constant APP_TMPL_PATH - assumed 'APP_TMPL_PATH' E:\web tools\wamp\www\ThinkPHP\Lib\Behavior\ContentReplaceBehavior.class.php 第 47 行.
INFO: ContentReplace Behavior ::run [ RunTime:0.000756s ]
INFO: TokenBuild Behavior ::run [ RunTime:0.000741s ]
INFO: WriteHtmlCache Behavior ::run [ RunTime:0.000553s ]
INFO: ShowRuntime Behavior ::run [ RunTime:0.000776s ]
INFO: [ view_filter ] --END-- [ RunTime:0.003103s ]
INFO: [ view_end ] --START--
INFO: ShowPageTrace Behavior ::run [ RunTime:0.000996s ]
INFO: [ view_end ] --END-- [ RunTime:0.001094s ]

[ 2014-04-28T11:07:54+08:00 ] 127.0.0.1 /index.php/Index
INFO: [ route_check ] --START--
INFO: CheckRoute Behavior ::run [ RunTime:0.002611s ]
INFO: [ route_check ] --END-- [ RunTime:0.002747s ]
INFO: [ app_begin ] --START--
INFO: ReadHtmlCache Behavior ::run [ RunTime:0.002410s ]
INFO: [ app_begin ] --END-- [ RunTime:0.002505s ]

[ 2014-04-28T11:08:37+08:00 ] 127.0.0.1 /index.php/Index
INFO: [ route_check ] --START--
INFO: CheckRoute Behavior ::run [ RunTime:0.001083s ]
INFO: [ route_check ] --END-- [ RunTime:0.001214s ]
INFO: [ app_begin ] --START--
INFO: ReadHtmlCache Behavior ::run [ RunTime:0.002184s ]
INFO: [ app_begin ] --END-- [ RunTime:0.002270s ]

[ 2014-04-28T11:08:38+08:00 ] 127.0.0.1 /index.php/Index
INFO: [ route_check ] --START--
INFO: CheckRoute Behavior ::run [ RunTime:0.001086s ]
INFO: [ route_check ] --END-- [ RunTime:0.001209s ]
INFO: [ app_begin ] --START--
INFO: ReadHtmlCache Behavior ::run [ RunTime:0.000792s ]
INFO: [ app_begin ] --END-- [ RunTime:0.000874s ]

[ 2014-04-28T11:08:39+08:00 ] 127.0.0.1 /index.php/Index
INFO: [ route_check ] --START--
INFO: CheckRoute Behavior ::run [ RunTime:0.001106s ]
INFO: [ route_check ] --END-- [ RunTime:0.001232s ]
INFO: [ app_begin ] --START--
INFO: ReadHtmlCache Behavior ::run [ RunTime:0.000757s ]
INFO: [ app_begin ] --END-- [ RunTime:0.000844s ]

[ 2014-04-28T11:08:40+08:00 ] 127.0.0.1 /index.php/Index
INFO: [ route_check ] --START--
INFO: CheckRoute Behavior ::run [ RunTime:0.001202s ]
INFO: [ route_check ] --END-- [ RunTime:0.001346s ]
INFO: [ app_begin ] --START--
INFO: ReadHtmlCache Behavior ::run [ RunTime:0.000874s ]
INFO: [ app_begin ] --END-- [ RunTime:0.000970s ]

[ 2014-04-28T11:08:45+08:00 ] 127.0.0.1 /index.php/Index/index
INFO: [ route_check ] --START--
INFO: CheckRoute Behavior ::run [ RunTime:0.001594s ]
INFO: [ route_check ] --END-- [ RunTime:0.001782s ]
INFO: [ app_begin ] --START--
INFO: ReadHtmlCache Behavior ::run [ RunTime:0.001126s ]
INFO: [ app_begin ] --END-- [ RunTime:0.001256s ]

[ 2014-04-28T11:09:24+08:00 ] 127.0.0.1 /index.php/Index/index
INFO: [ route_check ] --START--
INFO: CheckRoute Behavior ::run [ RunTime:0.001266s ]
INFO: [ route_check ] --END-- [ RunTime:0.001426s ]
INFO: [ app_begin ] --START--
INFO: ReadHtmlCache Behavior ::run [ RunTime:0.000949s ]
INFO: [ app_begin ] --END-- [ RunTime:0.001070s ]
INFO: [ view_parse ] --START--
INFO: ParseTemplate Behavior ::run [ RunTime:0.021608s ]
INFO: [ view_parse ] --END-- [ RunTime:0.021801s ]
INFO: [ view_filter ] --START--
INFO: ContentReplace Behavior ::run [ RunTime:0.002702s ]
INFO: TokenBuild Behavior ::run [ RunTime:0.002528s ]
INFO: WriteHtmlCache Behavior ::run [ RunTime:0.002606s ]
INFO: ShowRuntime Behavior ::run [ RunTime:0.003592s ]
INFO: [ view_filter ] --END-- [ RunTime:0.011801s ]
INFO: [ view_end ] --START--
INFO: ShowPageTrace Behavior ::run [ RunTime:0.003594s ]
INFO: [ view_end ] --END-- [ RunTime:0.003783s ]

[ 2014-04-28T11:10:21+08:00 ] 127.0.0.1 /index.php/Index/scanme
INFO: [ route_check ] --START--
INFO: CheckRoute Behavior ::run [ RunTime:0.003218s ]
INFO: [ route_check ] --END-- [ RunTime:0.003384s ]
INFO: [ app_begin ] --START--
INFO: ReadHtmlCache Behavior ::run [ RunTime:0.001214s ]
INFO: [ app_begin ] --END-- [ RunTime:0.001351s ]
ERR: 模板不存在[./PluginDetect/Tpl/Index/scanme.html]

[ 2014-04-28T11:10:52+08:00 ] 127.0.0.1 /index.php/Index/scanme
INFO: [ route_check ] --START--
INFO: CheckRoute Behavior ::run [ RunTime:0.002485s ]
INFO: [ route_check ] --END-- [ RunTime:0.002616s ]
INFO: [ app_begin ] --START--
INFO: ReadHtmlCache Behavior ::run [ RunTime:0.002168s ]
INFO: [ app_begin ] --END-- [ RunTime:0.002252s ]
INFO: [ view_parse ] --START--
INFO: ParseTemplate Behavior ::run [ RunTime:0.040692s ]
INFO: [ view_parse ] --END-- [ RunTime:0.040864s ]
INFO: [ view_filter ] --START--
INFO: ContentReplace Behavior ::run [ RunTime:0.000713s ]
INFO: TokenBuild Behavior ::run [ RunTime:0.000552s ]
INFO: WriteHtmlCache Behavior ::run [ RunTime:0.000462s ]
INFO: ShowRuntime Behavior ::run [ RunTime:0.000611s ]
INFO: [ view_filter ] --END-- [ RunTime:0.002562s ]
INFO: [ view_end ] --START--
INFO: ShowPageTrace Behavior ::run [ RunTime:0.000742s ]
INFO: [ view_end ] --END-- [ RunTime:0.000820s ]

[ 2014-04-28T11:14:42+08:00 ] 127.0.0.1 /index.php/Index/scanme
INFO: [ route_check ] --START--
INFO: CheckRoute Behavior ::run [ RunTime:0.002632s ]
INFO: [ route_check ] --END-- [ RunTime:0.002764s ]
INFO: [ app_begin ] --START--
INFO: ReadHtmlCache Behavior ::run [ RunTime:0.002310s ]
INFO: [ app_begin ] --END-- [ RunTime:0.002413s ]
INFO: [ view_parse ] --START--
INFO: ParseTemplate Behavior ::run [ RunTime:0.020464s ]
INFO: [ view_parse ] --END-- [ RunTime:0.020622s ]
INFO: [ view_filter ] --START--
INFO: ContentReplace Behavior ::run [ RunTime:0.002432s ]
INFO: TokenBuild Behavior ::run [ RunTime:0.002389s ]
INFO: WriteHtmlCache Behavior ::run [ RunTime:0.002073s ]
INFO: ShowRuntime Behavior ::run [ RunTime:0.002091s ]
INFO: [ view_filter ] --END-- [ RunTime:0.009252s ]
INFO: [ view_end ] --START--
INFO: ShowPageTrace Behavior ::run [ RunTime:0.002998s ]
INFO: [ view_end ] --END-- [ RunTime:0.003164s ]

[ 2014-04-28T12:16:17+08:00 ] 127.0.0.1 /index.php/Index/scanme
INFO: [ route_check ] --START--
INFO: CheckRoute Behavior ::run [ RunTime:0.005881s ]
INFO: [ route_check ] --END-- [ RunTime:0.006132s ]
INFO: [ app_begin ] --START--
INFO: ReadHtmlCache Behavior ::run [ RunTime:0.020935s ]
INFO: [ app_begin ] --END-- [ RunTime:0.021177s ]
INFO: [ view_parse ] --START--
INFO: ParseTemplate Behavior ::run [ RunTime:0.054204s ]
INFO: [ view_parse ] --END-- [ RunTime:0.054419s ]
INFO: [ view_filter ] --START--
INFO: ContentReplace Behavior ::run [ RunTime:0.002670s ]
INFO: TokenBuild Behavior ::run [ RunTime:0.002628s ]
INFO: WriteHtmlCache Behavior ::run [ RunTime:0.002458s ]
INFO: ShowRuntime Behavior ::run [ RunTime:0.002713s ]
INFO: [ view_filter ] --END-- [ RunTime:0.010754s ]
INFO: [ view_end ] --START--
INFO: ShowPageTrace Behavior ::run [ RunTime:0.003580s ]
INFO: [ view_end ] --END-- [ RunTime:0.003719s ]

[ 2014-04-28T12:16:19+08:00 ] 127.0.0.1 /index.php/Index/scanme
INFO: [ route_check ] --START--
INFO: CheckRoute Behavior ::run [ RunTime:0.003281s ]
INFO: [ route_check ] --END-- [ RunTime:0.003424s ]
INFO: [ app_begin ] --START--
INFO: ReadHtmlCache Behavior ::run [ RunTime:0.002433s ]
INFO: [ app_begin ] --END-- [ RunTime:0.002525s ]
INFO: [ view_parse ] --START--
INFO: ParseTemplate Behavior ::run [ RunTime:0.026601s ]
INFO: [ view_parse ] --END-- [ RunTime:0.026752s ]
INFO: [ view_filter ] --START--
INFO: ContentReplace Behavior ::run [ RunTime:0.002147s ]
INFO: TokenBuild Behavior ::run [ RunTime:0.002038s ]
INFO: WriteHtmlCache Behavior ::run [ RunTime:0.001884s ]
INFO: ShowRuntime Behavior ::run [ RunTime:0.002086s ]
INFO: [ view_filter ] --END-- [ RunTime:0.008378s ]
INFO: [ view_end ] --START--
INFO: ShowPageTrace Behavior ::run [ RunTime:0.002408s ]
INFO: [ view_end ] --END-- [ RunTime:0.002512s ]

[ 2014-04-28T12:16:32+08:00 ] 127.0.0.1 /index.php/Index/scanme
INFO: [ route_check ] --START--
INFO: CheckRoute Behavior ::run [ RunTime:0.002537s ]
INFO: [ route_check ] --END-- [ RunTime:0.002763s ]
INFO: [ app_begin ] --START--
INFO: ReadHtmlCache Behavior ::run [ RunTime:0.001210s ]
INFO: [ app_begin ] --END-- [ RunTime:0.001346s ]
INFO: [ view_parse ] --START--
INFO: ParseTemplate Behavior ::run [ RunTime:0.019445s ]
INFO: [ view_parse ] --END-- [ RunTime:0.019671s ]
INFO: [ view_filter ] --START--
INFO: ContentReplace Behavior ::run [ RunTime:0.001288s ]
INFO: TokenBuild Behavior ::run [ RunTime:0.001076s ]
INFO: WriteHtmlCache Behavior ::run [ RunTime:0.000624s ]
INFO: ShowRuntime Behavior ::run [ RunTime:0.000919s ]
INFO: [ view_filter ] --END-- [ RunTime:0.004291s ]
INFO: [ view_end ] --START--
INFO: ShowPageTrace Behavior ::run [ RunTime:0.001724s ]
INFO: [ view_end ] --END-- [ RunTime:0.001919s ]

[ 2014-04-28T12:17:03+08:00 ] 127.0.0.1 /index.php/Index/scanme
INFO: [ route_check ] --START--
INFO: CheckRoute Behavior ::run [ RunTime:0.004726s ]
INFO: [ route_check ] --END-- [ RunTime:0.004975s ]
INFO: [ app_begin ] --START--
INFO: ReadHtmlCache Behavior ::run [ RunTime:0.004185s ]
INFO: [ app_begin ] --END-- [ RunTime:0.004410s ]
INFO: [ view_parse ] --START--
INFO: ParseTemplate Behavior ::run [ RunTime:0.051984s ]
INFO: [ view_parse ] --END-- [ RunTime:0.052209s ]
INFO: [ view_filter ] --START--
INFO: ContentReplace Behavior ::run [ RunTime:0.002332s ]
INFO: TokenBuild Behavior ::run [ RunTime:0.002279s ]
INFO: WriteHtmlCache Behavior ::run [ RunTime:0.002129s ]
INFO: ShowRuntime Behavior ::run [ RunTime:0.002259s ]
INFO: [ view_filter ] --END-- [ RunTime:0.009344s ]
NOTIC: [2] Cannot modify header information - headers already sent by (output started at E:\web tools\wamp\www\ThinkPHP\Common\functions.php:97) E:\web tools\wamp\www\ThinkPHP\Lib\Core\View.class.php 第 95 行.
NOTIC: [2] Cannot modify header information - headers already sent by (output started at E:\web tools\wamp\www\ThinkPHP\Common\functions.php:97) E:\web tools\wamp\www\ThinkPHP\Lib\Core\View.class.php 第 96 行.
NOTIC: [2] Cannot modify header information - headers already sent by (output started at E:\web tools\wamp\www\ThinkPHP\Common\functions.php:97) E:\web tools\wamp\www\ThinkPHP\Lib\Core\View.class.php 第 97 行.
INFO: [ view_end ] --START--
INFO: ShowPageTrace Behavior ::run [ RunTime:0.002955s ]
INFO: [ view_end ] --END-- [ RunTime:0.003135s ]

[ 2014-04-28T12:17:53+08:00 ] 127.0.0.1 /index.php/Index/scanme
INFO: [ route_check ] --START--
INFO: CheckRoute Behavior ::run [ RunTime:0.001701s ]
INFO: [ route_check ] --END-- [ RunTime:0.001908s ]
INFO: [ app_begin ] --START--
INFO: ReadHtmlCache Behavior ::run [ RunTime:0.001471s ]
INFO: [ app_begin ] --END-- [ RunTime:0.001640s ]
INFO: [ view_parse ] --START--
INFO: ParseTemplate Behavior ::run [ RunTime:0.018832s ]
INFO: [ view_parse ] --END-- [ RunTime:0.019044s ]
INFO: [ view_filter ] --START--
INFO: ContentReplace Behavior ::run [ RunTime:0.000789s ]
INFO: TokenBuild Behavior ::run [ RunTime:0.000731s ]
INFO: WriteHtmlCache Behavior ::run [ RunTime:0.000916s ]
INFO: ShowRuntime Behavior ::run [ RunTime:0.001027s ]
INFO: [ view_filter ] --END-- [ RunTime:0.003798s ]
NOTIC: [2] Cannot modify header information - headers already sent by (output started at E:\web tools\wamp\www\ThinkPHP\Common\functions.php:97) E:\web tools\wamp\www\ThinkPHP\Lib\Core\View.class.php 第 95 行.
NOTIC: [2] Cannot modify header information - headers already sent by (output started at E:\web tools\wamp\www\ThinkPHP\Common\functions.php:97) E:\web tools\wamp\www\ThinkPHP\Lib\Core\View.class.php 第 96 行.
NOTIC: [2] Cannot modify header information - headers already sent by (output started at E:\web tools\wamp\www\ThinkPHP\Common\functions.php:97) E:\web tools\wamp\www\ThinkPHP\Lib\Core\View.class.php 第 97 行.
INFO: [ view_end ] --START--
INFO: ShowPageTrace Behavior ::run [ RunTime:0.001557s ]
INFO: [ view_end ] --END-- [ RunTime:0.001721s ]

[ 2014-04-28T12:17:57+08:00 ] 127.0.0.1 /index.php/Index/scanme
INFO: [ route_check ] --START--
INFO: CheckRoute Behavior ::run [ RunTime:0.001503s ]
INFO: [ route_check ] --END-- [ RunTime:0.001704s ]
INFO: [ app_begin ] --START--
INFO: ReadHtmlCache Behavior ::run [ RunTime:0.001175s ]
INFO: [ app_begin ] --END-- [ RunTime:0.001312s ]
INFO: [ view_parse ] --START--
INFO: ParseTemplate Behavior ::run [ RunTime:0.019072s ]
INFO: [ view_parse ] --END-- [ RunTime:0.019260s ]
INFO: [ view_filter ] --START--
INFO: ContentReplace Behavior ::run [ RunTime:0.000635s ]
INFO: TokenBuild Behavior ::run [ RunTime:0.000551s ]
INFO: WriteHtmlCache Behavior ::run [ RunTime:0.000423s ]
INFO: ShowRuntime Behavior ::run [ RunTime:0.000617s ]
INFO: [ view_filter ] --END-- [ RunTime:0.002452s ]
NOTIC: [2] Cannot modify header information - headers already sent by (output started at E:\web tools\wamp\www\ThinkPHP\Common\functions.php:97) E:\web tools\wamp\www\ThinkPHP\Lib\Core\View.class.php 第 95 行.
NOTIC: [2] Cannot modify header information - headers already sent by (output started at E:\web tools\wamp\www\ThinkPHP\Common\functions.php:97) E:\web tools\wamp\www\ThinkPHP\Lib\Core\View.class.php 第 96 行.
NOTIC: [2] Cannot modify header information - headers already sent by (output started at E:\web tools\wamp\www\ThinkPHP\Common\functions.php:97) E:\web tools\wamp\www\ThinkPHP\Lib\Core\View.class.php 第 97 行.
INFO: [ view_end ] --START--
INFO: ShowPageTrace Behavior ::run [ RunTime:0.001034s ]
INFO: [ view_end ] --END-- [ RunTime:0.001161s ]

[ 2014-04-28T12:18:25+08:00 ] 127.0.0.1 /index.php/Index/scanme
INFO: [ route_check ] --START--
INFO: CheckRoute Behavior ::run [ RunTime:0.002478s ]
INFO: [ route_check ] --END-- [ RunTime:0.002600s ]
INFO: [ app_begin ] --START--
INFO: ReadHtmlCache Behavior ::run [ RunTime:0.002178s ]
INFO: [ app_begin ] --END-- [ RunTime:0.002263s ]
INFO: [ view_parse ] --START--
INFO: ParseTemplate Behavior ::run [ RunTime:0.020656s ]
INFO: [ view_parse ] --END-- [ RunTime:0.020821s ]
INFO: [ view_filter ] --START--
INFO: ContentReplace Behavior ::run [ RunTime:0.002190s ]
INFO: TokenBuild Behavior ::run [ RunTime:0.002038s ]
INFO: WriteHtmlCache Behavior ::run [ RunTime:0.001905s ]
INFO: ShowRuntime Behavior ::run [ RunTime:0.002148s ]
INFO: [ view_filter ] --END-- [ RunTime:0.008513s ]
NOTIC: [2] Cannot modify header information - headers already sent by (output started at E:\web tools\wamp\www\ThinkPHP\Common\functions.php:97) E:\web tools\wamp\www\ThinkPHP\Lib\Core\View.class.php 第 95 行.
NOTIC: [2] Cannot modify header information - headers already sent by (output started at E:\web tools\wamp\www\ThinkPHP\Common\functions.php:97) E:\web tools\wamp\www\ThinkPHP\Lib\Core\View.class.php 第 96 行.
NOTIC: [2] Cannot modify header information - headers already sent by (output started at E:\web tools\wamp\www\ThinkPHP\Common\functions.php:97) E:\web tools\wamp\www\ThinkPHP\Lib\Core\View.class.php 第 97 行.
INFO: [ view_end ] --START--
INFO: ShowPageTrace Behavior ::run [ RunTime:0.002632s ]
INFO: [ view_end ] --END-- [ RunTime:0.002746s ]

[ 2014-04-28T12:18:45+08:00 ] 127.0.0.1 /index.php/Index/scanme
INFO: [ route_check ] --START--
INFO: CheckRoute Behavior ::run [ RunTime:0.002471s ]
INFO: [ route_check ] --END-- [ RunTime:0.002583s ]
INFO: [ app_begin ] --START--
INFO: ReadHtmlCache Behavior ::run [ RunTime:0.002169s ]
INFO: [ app_begin ] --END-- [ RunTime:0.002253s ]
INFO: [ view_parse ] --START--
INFO: ParseTemplate Behavior ::run [ RunTime:0.020355s ]
INFO: [ view_parse ] --END-- [ RunTime:0.020529s ]
INFO: [ view_filter ] --START--
INFO: ContentReplace Behavior ::run [ RunTime:0.002152s ]
INFO: TokenBuild Behavior ::run [ RunTime:0.002117s ]
INFO: WriteHtmlCache Behavior ::run [ RunTime:0.001899s ]
INFO: ShowRuntime Behavior ::run [ RunTime:0.002114s ]
INFO: [ view_filter ] --END-- [ RunTime:0.008502s ]
NOTIC: [2] Cannot modify header information - headers already sent by (output started at E:\web tools\wamp\www\ThinkPHP\Common\functions.php:97) E:\web tools\wamp\www\ThinkPHP\Lib\Core\View.class.php 第 95 行.
NOTIC: [2] Cannot modify header information - headers already sent by (output started at E:\web tools\wamp\www\ThinkPHP\Common\functions.php:97) E:\web tools\wamp\www\ThinkPHP\Lib\Core\View.class.php 第 96 行.
NOTIC: [2] Cannot modify header information - headers already sent by (output started at E:\web tools\wamp\www\ThinkPHP\Common\functions.php:97) E:\web tools\wamp\www\ThinkPHP\Lib\Core\View.class.php 第 97 行.
INFO: [ view_end ] --START--
INFO: ShowPageTrace Behavior ::run [ RunTime:0.002548s ]
INFO: [ view_end ] --END-- [ RunTime:0.002663s ]

[ 2014-04-28T12:19:04+08:00 ] 127.0.0.1 /index.php/Index/scanme
INFO: [ route_check ] --START--
INFO: CheckRoute Behavior ::run [ RunTime:0.001005s ]
INFO: [ route_check ] --END-- [ RunTime:0.001127s ]
INFO: [ app_begin ] --START--
INFO: ReadHtmlCache Behavior ::run [ RunTime:0.000684s ]
INFO: [ app_begin ] --END-- [ RunTime:0.000765s ]
INFO: [ view_parse ] --START--
INFO: ParseTemplate Behavior ::run [ RunTime:0.013994s ]
INFO: [ view_parse ] --END-- [ RunTime:0.014146s ]
INFO: [ view_filter ] --START--
INFO: ContentReplace Behavior ::run [ RunTime:0.000798s ]
INFO: TokenBuild Behavior ::run [ RunTime:0.000540s ]
INFO: WriteHtmlCache Behavior ::run [ RunTime:0.000409s ]
INFO: ShowRuntime Behavior ::run [ RunTime:0.000605s ]
INFO: [ view_filter ] --END-- [ RunTime:0.002590s ]
NOTIC: [2] Cannot modify header information - headers already sent by (output started at E:\web tools\wamp\www\ThinkPHP\Common\functions.php:97) E:\web tools\wamp\www\ThinkPHP\Lib\Core\View.class.php 第 95 行.
NOTIC: [2] Cannot modify header information - headers already sent by (output started at E:\web tools\wamp\www\ThinkPHP\Common\functions.php:97) E:\web tools\wamp\www\ThinkPHP\Lib\Core\View.class.php 第 96 行.
NOTIC: [2] Cannot modify header information - headers already sent by (output started at E:\web tools\wamp\www\ThinkPHP\Common\functions.php:97) E:\web tools\wamp\www\ThinkPHP\Lib\Core\View.class.php 第 97 行.
INFO: [ view_end ] --START--
INFO: ShowPageTrace Behavior ::run [ RunTime:0.000872s ]
INFO: [ view_end ] --END-- [ RunTime:0.000970s ]

[ 2014-04-28T12:19:34+08:00 ] 127.0.0.1 /index.php/Index/scanme
INFO: [ route_check ] --START--
INFO: CheckRoute Behavior ::run [ RunTime:0.001254s ]
INFO: [ route_check ] --END-- [ RunTime:0.001406s ]
INFO: [ app_begin ] --START--
INFO: ReadHtmlCache Behavior ::run [ RunTime:0.000929s ]
INFO: [ app_begin ] --END-- [ RunTime:0.001047s ]
INFO: [ view_parse ] --START--
INFO: ParseTemplate Behavior ::run [ RunTime:0.015186s ]
INFO: [ view_parse ] --END-- [ RunTime:0.015364s ]
INFO: [ view_filter ] --START--
INFO: ContentReplace Behavior ::run [ RunTime:0.000792s ]
INFO: TokenBuild Behavior ::run [ RunTime:0.000788s ]
INFO: WriteHtmlCache Behavior ::run [ RunTime:0.000599s ]
INFO: ShowRuntime Behavior ::run [ RunTime:0.000778s ]
INFO: [ view_filter ] --END-- [ RunTime:0.003271s ]
NOTIC: [2] Cannot modify header information - headers already sent by (output started at E:\web tools\wamp\www\ThinkPHP\Common\functions.php:97) E:\web tools\wamp\www\ThinkPHP\Lib\Core\View.class.php 第 95 行.
NOTIC: [2] Cannot modify header information - headers already sent by (output started at E:\web tools\wamp\www\ThinkPHP\Common\functions.php:97) E:\web tools\wamp\www\ThinkPHP\Lib\Core\View.class.php 第 96 行.
NOTIC: [2] Cannot modify header information - headers already sent by (output started at E:\web tools\wamp\www\ThinkPHP\Common\functions.php:97) E:\web tools\wamp\www\ThinkPHP\Lib\Core\View.class.php 第 97 行.
INFO: [ view_end ] --START--
INFO: ShowPageTrace Behavior ::run [ RunTime:0.001300s ]
INFO: [ view_end ] --END-- [ RunTime:0.001431s ]

[ 2014-04-28T12:19:37+08:00 ] 127.0.0.1 /index.php/Index/scanme
INFO: [ route_check ] --START--
INFO: CheckRoute Behavior ::run [ RunTime:0.001286s ]
INFO: [ route_check ] --END-- [ RunTime:0.001439s ]
INFO: [ app_begin ] --START--
INFO: ReadHtmlCache Behavior ::run [ RunTime:0.000903s ]
INFO: [ app_begin ] --END-- [ RunTime:0.001007s ]
INFO: [ view_parse ] --START--
INFO: ParseTemplate Behavior ::run [ RunTime:0.019491s ]
INFO: [ view_parse ] --END-- [ RunTime:0.019681s ]
INFO: [ view_filter ] --START--
INFO: ContentReplace Behavior ::run [ RunTime:0.000932s ]
INFO: TokenBuild Behavior ::run [ RunTime:0.000733s ]
INFO: WriteHtmlCache Behavior ::run [ RunTime:0.000569s ]
INFO: ShowRuntime Behavior ::run [ RunTime:0.000772s ]
INFO: [ view_filter ] --END-- [ RunTime:0.003300s ]
NOTIC: [2] Cannot modify header information - headers already sent by (output started at E:\web tools\wamp\www\ThinkPHP\Common\functions.php:97) E:\web tools\wamp\www\ThinkPHP\Lib\Core\View.class.php 第 95 行.
NOTIC: [2] Cannot modify header information - headers already sent by (output started at E:\web tools\wamp\www\ThinkPHP\Common\functions.php:97) E:\web tools\wamp\www\ThinkPHP\Lib\Core\View.class.php 第 96 行.
NOTIC: [2] Cannot modify header information - headers already sent by (output started at E:\web tools\wamp\www\ThinkPHP\Common\functions.php:97) E:\web tools\wamp\www\ThinkPHP\Lib\Core\View.class.php 第 97 行.
INFO: [ view_end ] --START--
INFO: ShowPageTrace Behavior ::run [ RunTime:0.001274s ]
INFO: [ view_end ] --END-- [ RunTime:0.001400s ]

[ 2014-04-28T12:19:45+08:00 ] 127.0.0.1 /index.php/Index/scanme
INFO: [ route_check ] --START--
INFO: CheckRoute Behavior ::run [ RunTime:0.001045s ]
INFO: [ route_check ] --END-- [ RunTime:0.001176s ]
INFO: [ app_begin ] --START--
INFO: ReadHtmlCache Behavior ::run [ RunTime:0.000760s ]
INFO: [ app_begin ] --END-- [ RunTime:0.000841s ]
NOTIC: [8] Undefined index:  flash E:\web tools\wamp\www\PluginDetect\Lib\Action\IndexAction.class.php 第 12 行.
INFO: [ view_parse ] --START--
INFO: ParseTemplate Behavior ::run [ RunTime:0.013201s ]
INFO: [ view_parse ] --END-- [ RunTime:0.013350s ]
INFO: [ view_filter ] --START--
INFO: ContentReplace Behavior ::run [ RunTime:0.000627s ]
INFO: TokenBuild Behavior ::run [ RunTime:0.000537s ]
INFO: WriteHtmlCache Behavior ::run [ RunTime:0.000406s ]
INFO: ShowRuntime Behavior ::run [ RunTime:0.000605s ]
INFO: [ view_filter ] --END-- [ RunTime:0.002388s ]
NOTIC: [2] Cannot modify header information - headers already sent by (output started at E:\web tools\wamp\www\ThinkPHP\Common\functions.php:97) E:\web tools\wamp\www\ThinkPHP\Lib\Core\View.class.php 第 95 行.
NOTIC: [2] Cannot modify header information - headers already sent by (output started at E:\web tools\wamp\www\ThinkPHP\Common\functions.php:97) E:\web tools\wamp\www\ThinkPHP\Lib\Core\View.class.php 第 96 行.
NOTIC: [2] Cannot modify header information - headers already sent by (output started at E:\web tools\wamp\www\ThinkPHP\Common\functions.php:97) E:\web tools\wamp\www\ThinkPHP\Lib\Core\View.class.php 第 97 行.
INFO: [ view_end ] --START--
INFO: ShowPageTrace Behavior ::run [ RunTime:0.000937s ]
INFO: [ view_end ] --END-- [ RunTime:0.001065s ]

[ 2014-04-28T12:19:47+08:00 ] 127.0.0.1 /index.php/Index/scanme
INFO: [ route_check ] --START--
INFO: CheckRoute Behavior ::run [ RunTime:0.001365s ]
INFO: [ route_check ] --END-- [ RunTime:0.001516s ]
INFO: [ app_begin ] --START--
INFO: ReadHtmlCache Behavior ::run [ RunTime:0.000867s ]
INFO: [ app_begin ] --END-- [ RunTime:0.000968s ]
INFO: [ view_parse ] --START--
INFO: ParseTemplate Behavior ::run [ RunTime:0.019745s ]
INFO: [ view_parse ] --END-- [ RunTime:0.019916s ]
INFO: [ view_filter ] --START--
INFO: ContentReplace Behavior ::run [ RunTime:0.000645s ]
INFO: TokenBuild Behavior ::run [ RunTime:0.000544s ]
INFO: WriteHtmlCache Behavior ::run [ RunTime:0.000408s ]
INFO: ShowRuntime Behavior ::run [ RunTime:0.000616s ]
INFO: [ view_filter ] --END-- [ RunTime:0.002434s ]
NOTIC: [2] Cannot modify header information - headers already sent by (output started at E:\web tools\wamp\www\ThinkPHP\Common\functions.php:97) E:\web tools\wamp\www\ThinkPHP\Lib\Core\View.class.php 第 95 行.
NOTIC: [2] Cannot modify header information - headers already sent by (output started at E:\web tools\wamp\www\ThinkPHP\Common\functions.php:97) E:\web tools\wamp\www\ThinkPHP\Lib\Core\View.class.php 第 96 行.
NOTIC: [2] Cannot modify header information - headers already sent by (output started at E:\web tools\wamp\www\ThinkPHP\Common\functions.php:97) E:\web tools\wamp\www\ThinkPHP\Lib\Core\View.class.php 第 97 行.
INFO: [ view_end ] --START--
INFO: ShowPageTrace Behavior ::run [ RunTime:0.000968s ]
INFO: [ view_end ] --END-- [ RunTime:0.001075s ]

[ 2014-04-28T12:19:51+08:00 ] 127.0.0.1 /index.php/Index/scanme
INFO: [ route_check ] --START--
INFO: CheckRoute Behavior ::run [ RunTime:0.000977s ]
INFO: [ route_check ] --END-- [ RunTime:0.001084s ]
INFO: [ app_begin ] --START--
INFO: ReadHtmlCache Behavior ::run [ RunTime:0.000687s ]
INFO: [ app_begin ] --END-- [ RunTime:0.000768s ]
INFO: [ view_parse ] --START--
INFO: ParseTemplate Behavior ::run [ RunTime:0.013730s ]
INFO: [ view_parse ] --END-- [ RunTime:0.013888s ]
INFO: [ view_filter ] --START--
INFO: ContentReplace Behavior ::run [ RunTime:0.000630s ]
INFO: TokenBuild Behavior ::run [ RunTime:0.000533s ]
INFO: WriteHtmlCache Behavior ::run [ RunTime:0.000407s ]
INFO: ShowRuntime Behavior ::run [ RunTime:0.000614s ]
INFO: [ view_filter ] --END-- [ RunTime:0.002400s ]
NOTIC: [2] Cannot modify header information - headers already sent by (output started at E:\web tools\wamp\www\ThinkPHP\Common\functions.php:97) E:\web tools\wamp\www\ThinkPHP\Lib\Core\View.class.php 第 95 行.
NOTIC: [2] Cannot modify header information - headers already sent by (output started at E:\web tools\wamp\www\ThinkPHP\Common\functions.php:97) E:\web tools\wamp\www\ThinkPHP\Lib\Core\View.class.php 第 96 行.
NOTIC: [2] Cannot modify header information - headers already sent by (output started at E:\web tools\wamp\www\ThinkPHP\Common\functions.php:97) E:\web tools\wamp\www\ThinkPHP\Lib\Core\View.class.php 第 97 行.
INFO: [ view_end ] --START--
INFO: ShowPageTrace Behavior ::run [ RunTime:0.000939s ]
INFO: [ view_end ] --END-- [ RunTime:0.001046s ]

[ 2014-04-28T12:19:58+08:00 ] 127.0.0.1 /index.php/Index/scanme
INFO: [ route_check ] --START--
INFO: CheckRoute Behavior ::run [ RunTime:0.001059s ]
INFO: [ route_check ] --END-- [ RunTime:0.001175s ]
INFO: [ app_begin ] --START--
INFO: ReadHtmlCache Behavior ::run [ RunTime:0.000726s ]
INFO: [ app_begin ] --END-- [ RunTime:0.000806s ]
INFO: [ view_parse ] --START--
INFO: ParseTemplate Behavior ::run [ RunTime:0.013349s ]
INFO: [ view_parse ] --END-- [ RunTime:0.013499s ]
INFO: [ view_filter ] --START--
INFO: ContentReplace Behavior ::run [ RunTime:0.000611s ]
INFO: TokenBuild Behavior ::run [ RunTime:0.000572s ]
INFO: WriteHtmlCache Behavior ::run [ RunTime:0.000407s ]
INFO: ShowRuntime Behavior ::run [ RunTime:0.000644s ]
INFO: [ view_filter ] --END-- [ RunTime:0.002453s ]
NOTIC: [2] Cannot modify header information - headers already sent by (output started at E:\web tools\wamp\www\ThinkPHP\Common\functions.php:97) E:\web tools\wamp\www\ThinkPHP\Lib\Core\View.class.php 第 95 行.
NOTIC: [2] Cannot modify header information - headers already sent by (output started at E:\web tools\wamp\www\ThinkPHP\Common\functions.php:97) E:\web tools\wamp\www\ThinkPHP\Lib\Core\View.class.php 第 96 行.
NOTIC: [2] Cannot modify header information - headers already sent by (output started at E:\web tools\wamp\www\ThinkPHP\Common\functions.php:97) E:\web tools\wamp\www\ThinkPHP\Lib\Core\View.class.php 第 97 行.
INFO: [ view_end ] --START--
INFO: ShowPageTrace Behavior ::run [ RunTime:0.001001s ]
INFO: [ view_end ] --END-- [ RunTime:0.001136s ]

[ 2014-04-28T12:20:01+08:00 ] 127.0.0.1 /index.php/Index/scanme
INFO: [ route_check ] --START--
INFO: CheckRoute Behavior ::run [ RunTime:0.001172s ]
INFO: [ route_check ] --END-- [ RunTime:0.001304s ]
INFO: [ app_begin ] --START--
INFO: ReadHtmlCache Behavior ::run [ RunTime:0.000858s ]
INFO: [ app_begin ] --END-- [ RunTime:0.000947s ]
NOTIC: [8] Undefined index:  flash E:\web tools\wamp\www\PluginDetect\Lib\Action\IndexAction.class.php 第 12 行.
INFO: [ view_parse ] --START--
INFO: ParseTemplate Behavior ::run [ RunTime:0.014425s ]
INFO: [ view_parse ] --END-- [ RunTime:0.014578s ]
INFO: [ view_filter ] --START--
INFO: ContentReplace Behavior ::run [ RunTime:0.000644s ]
INFO: TokenBuild Behavior ::run [ RunTime:0.000534s ]
INFO: WriteHtmlCache Behavior ::run [ RunTime:0.000443s ]
INFO: ShowRuntime Behavior ::run [ RunTime:0.000603s ]
INFO: [ view_filter ] --END-- [ RunTime:0.002442s ]
NOTIC: [2] Cannot modify header information - headers already sent by (output started at E:\web tools\wamp\www\ThinkPHP\Common\functions.php:97) E:\web tools\wamp\www\ThinkPHP\Lib\Core\View.class.php 第 95 行.
NOTIC: [2] Cannot modify header information - headers already sent by (output started at E:\web tools\wamp\www\ThinkPHP\Common\functions.php:97) E:\web tools\wamp\www\ThinkPHP\Lib\Core\View.class.php 第 96 行.
NOTIC: [2] Cannot modify header information - headers already sent by (output started at E:\web tools\wamp\www\ThinkPHP\Common\functions.php:97) E:\web tools\wamp\www\ThinkPHP\Lib\Core\View.class.php 第 97 行.
INFO: [ view_end ] --START--
INFO: ShowPageTrace Behavior ::run [ RunTime:0.001445s ]
INFO: [ view_end ] --END-- [ RunTime:0.001627s ]

[ 2014-04-28T12:20:03+08:00 ] 127.0.0.1 /index.php/Index/scanme
INFO: [ route_check ] --START--
INFO: CheckRoute Behavior ::run [ RunTime:0.003474s ]
INFO: [ route_check ] --END-- [ RunTime:0.003651s ]
INFO: [ app_begin ] --START--
INFO: ReadHtmlCache Behavior ::run [ RunTime:0.003054s ]
INFO: [ app_begin ] --END-- [ RunTime:0.003231s ]
INFO: [ view_parse ] --START--
INFO: ParseTemplate Behavior ::run [ RunTime:0.025863s ]
INFO: [ view_parse ] --END-- [ RunTime:0.026049s ]
INFO: [ view_filter ] --START--
INFO: ContentReplace Behavior ::run [ RunTime:0.002766s ]
INFO: TokenBuild Behavior ::run [ RunTime:0.002572s ]
INFO: WriteHtmlCache Behavior ::run [ RunTime:0.002438s ]
INFO: ShowRuntime Behavior ::run [ RunTime:0.002718s ]
INFO: [ view_filter ] --END-- [ RunTime:0.010846s ]
NOTIC: [2] Cannot modify header information - headers already sent by (output started at E:\web tools\wamp\www\ThinkPHP\Common\functions.php:97) E:\web tools\wamp\www\ThinkPHP\Lib\Core\View.class.php 第 95 行.
NOTIC: [2] Cannot modify header information - headers already sent by (output started at E:\web tools\wamp\www\ThinkPHP\Common\functions.php:97) E:\web tools\wamp\www\ThinkPHP\Lib\Core\View.class.php 第 96 行.
NOTIC: [2] Cannot modify header information - headers already sent by (output started at E:\web tools\wamp\www\ThinkPHP\Common\functions.php:97) E:\web tools\wamp\www\ThinkPHP\Lib\Core\View.class.php 第 97 行.
INFO: [ view_end ] --START--
INFO: ShowPageTrace Behavior ::run [ RunTime:0.003245s ]
INFO: [ view_end ] --END-- [ RunTime:0.003410s ]

[ 2014-04-28T12:21:38+08:00 ] 127.0.0.1 /index.php/Index/scanme
INFO: [ route_check ] --START--
INFO: CheckRoute Behavior ::run [ RunTime:0.002754s ]
INFO: [ route_check ] --END-- [ RunTime:0.002915s ]
INFO: [ app_begin ] --START--
INFO: ReadHtmlCache Behavior ::run [ RunTime:0.002605s ]
INFO: [ app_begin ] --END-- [ RunTime:0.002729s ]
NOTIC: [8] Undefined index:  flash E:\web tools\wamp\www\PluginDetect\Lib\Action\IndexAction.class.php 第 12 行.
INFO: [ view_parse ] --START--
INFO: ParseTemplate Behavior ::run [ RunTime:0.023102s ]
INFO: [ view_parse ] --END-- [ RunTime:0.023290s ]
INFO: [ view_filter ] --START--
INFO: ContentReplace Behavior ::run [ RunTime:0.002453s ]
INFO: TokenBuild Behavior ::run [ RunTime:0.002057s ]
INFO: WriteHtmlCache Behavior ::run [ RunTime:0.001962s ]
INFO: ShowRuntime Behavior ::run [ RunTime:0.002179s ]
INFO: [ view_filter ] --END-- [ RunTime:0.008908s ]
NOTIC: [2] Cannot modify header information - headers already sent by (output started at E:\web tools\wamp\www\ThinkPHP\Common\functions.php:97) E:\web tools\wamp\www\ThinkPHP\Lib\Core\View.class.php 第 95 行.
NOTIC: [2] Cannot modify header information - headers already sent by (output started at E:\web tools\wamp\www\ThinkPHP\Common\functions.php:97) E:\web tools\wamp\www\ThinkPHP\Lib\Core\View.class.php 第 96 行.
NOTIC: [2] Cannot modify header information - headers already sent by (output started at E:\web tools\wamp\www\ThinkPHP\Common\functions.php:97) E:\web tools\wamp\www\ThinkPHP\Lib\Core\View.class.php 第 97 行.
INFO: [ view_end ] --START--
INFO: ShowPageTrace Behavior ::run [ RunTime:0.003779s ]
INFO: [ view_end ] --END-- [ RunTime:0.004044s ]

[ 2014-04-28T12:21:41+08:00 ] 127.0.0.1 /index.php/Index/scanme
INFO: [ route_check ] --START--
INFO: CheckRoute Behavior ::run [ RunTime:0.001275s ]
INFO: [ route_check ] --END-- [ RunTime:0.001430s ]
INFO: [ app_begin ] --START--
INFO: ReadHtmlCache Behavior ::run [ RunTime:0.000911s ]
INFO: [ app_begin ] --END-- [ RunTime:0.001016s ]
INFO: [ view_parse ] --START--
INFO: ParseTemplate Behavior ::run [ RunTime:0.017019s ]
INFO: [ view_parse ] --END-- [ RunTime:0.017207s ]
INFO: [ view_filter ] --START--
INFO: ContentReplace Behavior ::run [ RunTime:0.000942s ]
INFO: TokenBuild Behavior ::run [ RunTime:0.000813s ]
INFO: WriteHtmlCache Behavior ::run [ RunTime:0.000642s ]
INFO: ShowRuntime Behavior ::run [ RunTime:0.000912s ]
INFO: [ view_filter ] --END-- [ RunTime:0.003639s ]
NOTIC: [2] Cannot modify header information - headers already sent by (output started at E:\web tools\wamp\www\ThinkPHP\Common\functions.php:97) E:\web tools\wamp\www\ThinkPHP\Lib\Core\View.class.php 第 95 行.
NOTIC: [2] Cannot modify header information - headers already sent by (output started at E:\web tools\wamp\www\ThinkPHP\Common\functions.php:97) E:\web tools\wamp\www\ThinkPHP\Lib\Core\View.class.php 第 96 行.
NOTIC: [2] Cannot modify header information - headers already sent by (output started at E:\web tools\wamp\www\ThinkPHP\Common\functions.php:97) E:\web tools\wamp\www\ThinkPHP\Lib\Core\View.class.php 第 97 行.
INFO: [ view_end ] --START--
INFO: ShowPageTrace Behavior ::run [ RunTime:0.001172s ]
INFO: [ view_end ] --END-- [ RunTime:0.001344s ]

[ 2014-04-28T12:22:23+08:00 ] 127.0.0.1 /index.php/Index/scanme
INFO: [ route_check ] --START--
INFO: CheckRoute Behavior ::run [ RunTime:0.002592s ]
INFO: [ route_check ] --END-- [ RunTime:0.002709s ]
INFO: [ app_begin ] --START--
INFO: ReadHtmlCache Behavior ::run [ RunTime:0.002340s ]
INFO: [ app_begin ] --END-- [ RunTime:0.002456s ]
INFO: [ view_parse ] --START--
INFO: ParseTemplate Behavior ::run [ RunTime:0.022181s ]
INFO: [ view_parse ] --END-- [ RunTime:0.022389s ]
INFO: [ view_filter ] --START--
INFO: ContentReplace Behavior ::run [ RunTime:0.002357s ]
INFO: TokenBuild Behavior ::run [ RunTime:0.002050s ]
INFO: WriteHtmlCache Behavior ::run [ RunTime:0.001920s ]
INFO: ShowRuntime Behavior ::run [ RunTime:0.002141s ]
INFO: [ view_filter ] --END-- [ RunTime:0.008691s ]
NOTIC: [2] Cannot modify header information - headers already sent by (output started at E:\web tools\wamp\www\PluginDetect\Lib\Action\IndexAction.class.php:12) E:\web tools\wamp\www\ThinkPHP\Lib\Core\View.class.php 第 95 行.
NOTIC: [2] Cannot modify header information - headers already sent by (output started at E:\web tools\wamp\www\PluginDetect\Lib\Action\IndexAction.class.php:12) E:\web tools\wamp\www\ThinkPHP\Lib\Core\View.class.php 第 96 行.
NOTIC: [2] Cannot modify header information - headers already sent by (output started at E:\web tools\wamp\www\PluginDetect\Lib\Action\IndexAction.class.php:12) E:\web tools\wamp\www\ThinkPHP\Lib\Core\View.class.php 第 97 行.
INFO: [ view_end ] --START--
INFO: ShowPageTrace Behavior ::run [ RunTime:0.002439s ]
INFO: [ view_end ] --END-- [ RunTime:0.002543s ]

[ 2014-04-28T12:22:57+08:00 ] 127.0.0.1 /index.php/Index/scanme
INFO: [ route_check ] --START--
INFO: CheckRoute Behavior ::run [ RunTime:0.002852s ]
INFO: [ route_check ] --END-- [ RunTime:0.002982s ]
INFO: [ app_begin ] --START--
INFO: ReadHtmlCache Behavior ::run [ RunTime:0.002250s ]
INFO: [ app_begin ] --END-- [ RunTime:0.002335s ]
NOTIC: [8] Undefined index:  flash E:\web tools\wamp\www\PluginDetect\Lib\Action\IndexAction.class.php 第 12 行.
INFO: [ view_parse ] --START--
INFO: ParseTemplate Behavior ::run [ RunTime:0.020981s ]
INFO: [ view_parse ] --END-- [ RunTime:0.021146s ]
INFO: [ view_filter ] --START--
INFO: ContentReplace Behavior ::run [ RunTime:0.002260s ]
INFO: TokenBuild Behavior ::run [ RunTime:0.002484s ]
INFO: WriteHtmlCache Behavior ::run [ RunTime:0.002417s ]
INFO: ShowRuntime Behavior ::run [ RunTime:0.002910s ]
INFO: [ view_filter ] --END-- [ RunTime:0.010440s ]
INFO: [ view_end ] --START--
INFO: ShowPageTrace Behavior ::run [ RunTime:0.004278s ]
INFO: [ view_end ] --END-- [ RunTime:0.004429s ]

[ 2014-04-28T12:23:01+08:00 ] 127.0.0.1 /index.php/Index/scanme
INFO: [ route_check ] --START--
INFO: CheckRoute Behavior ::run [ RunTime:0.001025s ]
INFO: [ route_check ] --END-- [ RunTime:0.001145s ]
INFO: [ app_begin ] --START--
INFO: ReadHtmlCache Behavior ::run [ RunTime:0.000689s ]
INFO: [ app_begin ] --END-- [ RunTime:0.000821s ]
INFO: [ view_parse ] --START--
INFO: ParseTemplate Behavior ::run [ RunTime:0.013444s ]
INFO: [ view_parse ] --END-- [ RunTime:0.013594s ]
INFO: [ view_filter ] --START--
INFO: ContentReplace Behavior ::run [ RunTime:0.000617s ]
INFO: TokenBuild Behavior ::run [ RunTime:0.000531s ]
INFO: WriteHtmlCache Behavior ::run [ RunTime:0.000407s ]
INFO: ShowRuntime Behavior ::run [ RunTime:0.000608s ]
INFO: [ view_filter ] --END-- [ RunTime:0.002378s ]
NOTIC: [2] Cannot modify header information - headers already sent by (output started at E:\web tools\wamp\www\PluginDetect\Lib\Action\IndexAction.class.php:12) E:\web tools\wamp\www\ThinkPHP\Lib\Core\View.class.php 第 95 行.
NOTIC: [2] Cannot modify header information - headers already sent by (output started at E:\web tools\wamp\www\PluginDetect\Lib\Action\IndexAction.class.php:12) E:\web tools\wamp\www\ThinkPHP\Lib\Core\View.class.php 第 96 行.
NOTIC: [2] Cannot modify header information - headers already sent by (output started at E:\web tools\wamp\www\PluginDetect\Lib\Action\IndexAction.class.php:12) E:\web tools\wamp\www\ThinkPHP\Lib\Core\View.class.php 第 97 行.
INFO: [ view_end ] --START--
INFO: ShowPageTrace Behavior ::run [ RunTime:0.000971s ]
INFO: [ view_end ] --END-- [ RunTime:0.001070s ]

[ 2014-04-28T12:28:23+08:00 ] 127.0.0.1 /index.php/Index/scanme
INFO: [ route_check ] --START--
INFO: CheckRoute Behavior ::run [ RunTime:0.002696s ]
INFO: [ route_check ] --END-- [ RunTime:0.002838s ]
INFO: [ app_begin ] --START--
INFO: ReadHtmlCache Behavior ::run [ RunTime:0.002390s ]
INFO: [ app_begin ] --END-- [ RunTime:0.002498s ]
NOTIC: [8] Undefined index:  flash E:\web tools\wamp\www\PluginDetect\Lib\Action\IndexAction.class.php 第 12 行.
INFO: [ view_parse ] --START--
INFO: ParseTemplate Behavior ::run [ RunTime:0.021703s ]
INFO: [ view_parse ] --END-- [ RunTime:0.021875s ]
INFO: [ view_filter ] --START--
INFO: ContentReplace Behavior ::run [ RunTime:0.002504s ]
INFO: TokenBuild Behavior ::run [ RunTime:0.002139s ]
INFO: WriteHtmlCache Behavior ::run [ RunTime:0.001993s ]
INFO: ShowRuntime Behavior ::run [ RunTime:0.002413s ]
INFO: [ view_filter ] --END-- [ RunTime:0.009318s ]
INFO: [ view_end ] --START--
INFO: ShowPageTrace Behavior ::run [ RunTime:0.003618s ]
INFO: [ view_end ] --END-- [ RunTime:0.003807s ]

[ 2014-04-28T12:28:25+08:00 ] 127.0.0.1 /index.php/Index/scanme
INFO: [ route_check ] --START--
INFO: CheckRoute Behavior ::run [ RunTime:0.002632s ]
INFO: [ route_check ] --END-- [ RunTime:0.002755s ]
INFO: [ app_begin ] --START--
INFO: ReadHtmlCache Behavior ::run [ RunTime:0.002182s ]
INFO: [ app_begin ] --END-- [ RunTime:0.002267s ]
INFO: [ view_parse ] --START--
INFO: ParseTemplate Behavior ::run [ RunTime:0.022138s ]
INFO: [ view_parse ] --END-- [ RunTime:0.022297s ]
INFO: [ view_filter ] --START--
INFO: ContentReplace Behavior ::run [ RunTime:0.002175s ]
INFO: TokenBuild Behavior ::run [ RunTime:0.002061s ]
INFO: WriteHtmlCache Behavior ::run [ RunTime:0.001909s ]
INFO: ShowRuntime Behavior ::run [ RunTime:0.002341s ]
INFO: [ view_filter ] --END-- [ RunTime:0.008735s ]
NOTIC: [2] Cannot modify header information - headers already sent by (output started at E:\web tools\wamp\www\PluginDetect\Lib\Action\IndexAction.class.php:12) E:\web tools\wamp\www\ThinkPHP\Lib\Core\View.class.php 第 95 行.
NOTIC: [2] Cannot modify header information - headers already sent by (output started at E:\web tools\wamp\www\PluginDetect\Lib\Action\IndexAction.class.php:12) E:\web tools\wamp\www\ThinkPHP\Lib\Core\View.class.php 第 96 行.
NOTIC: [2] Cannot modify header information - headers already sent by (output started at E:\web tools\wamp\www\PluginDetect\Lib\Action\IndexAction.class.php:12) E:\web tools\wamp\www\ThinkPHP\Lib\Core\View.class.php 第 97 行.
INFO: [ view_end ] --START--
INFO: ShowPageTrace Behavior ::run [ RunTime:0.002810s ]
INFO: [ view_end ] --END-- [ RunTime:0.002927s ]

[ 2014-04-28T12:28:25+08:00 ] 127.0.0.1 /index.php/Index/scanme
INFO: [ route_check ] --START--
INFO: CheckRoute Behavior ::run [ RunTime:0.001053s ]
INFO: [ route_check ] --END-- [ RunTime:0.001179s ]
INFO: [ app_begin ] --START--
INFO: ReadHtmlCache Behavior ::run [ RunTime:0.000980s ]
INFO: [ app_begin ] --END-- [ RunTime:0.001094s ]
NOTIC: [8] Undefined index:  flash E:\web tools\wamp\www\PluginDetect\Lib\Action\IndexAction.class.php 第 12 行.
INFO: [ view_parse ] --START--
INFO: ParseTemplate Behavior ::run [ RunTime:0.013217s ]
INFO: [ view_parse ] --END-- [ RunTime:0.013369s ]
INFO: [ view_filter ] --START--
INFO: ContentReplace Behavior ::run [ RunTime:0.000608s ]
INFO: TokenBuild Behavior ::run [ RunTime:0.000536s ]
INFO: WriteHtmlCache Behavior ::run [ RunTime:0.000410s ]
INFO: ShowRuntime Behavior ::run [ RunTime:0.000614s ]
INFO: [ view_filter ] --END-- [ RunTime:0.002387s ]
INFO: [ view_end ] --START--
INFO: ShowPageTrace Behavior ::run [ RunTime:0.000938s ]
INFO: [ view_end ] --END-- [ RunTime:0.001057s ]

[ 2014-04-28T12:28:35+08:00 ] 127.0.0.1 /index.php/Index/scanme
INFO: [ route_check ] --START--
INFO: CheckRoute Behavior ::run [ RunTime:0.002554s ]
INFO: [ route_check ] --END-- [ RunTime:0.002670s ]
INFO: [ app_begin ] --START--
INFO: ReadHtmlCache Behavior ::run [ RunTime:0.002238s ]
INFO: [ app_begin ] --END-- [ RunTime:0.002323s ]
INFO: [ view_parse ] --START--
INFO: ParseTemplate Behavior ::run [ RunTime:0.026269s ]
INFO: [ view_parse ] --END-- [ RunTime:0.026475s ]
INFO: [ view_filter ] --START--
INFO: ContentReplace Behavior ::run [ RunTime:0.003128s ]
INFO: TokenBuild Behavior ::run [ RunTime:0.002995s ]
INFO: WriteHtmlCache Behavior ::run [ RunTime:0.002796s ]
INFO: ShowRuntime Behavior ::run [ RunTime:0.004440s ]
INFO: [ view_filter ] --END-- [ RunTime:0.013743s ]
NOTIC: [2] Cannot modify header information - headers already sent by (output started at E:\web tools\wamp\www\PluginDetect\Lib\Action\IndexAction.class.php:12) E:\web tools\wamp\www\ThinkPHP\Lib\Core\View.class.php 第 95 行.
NOTIC: [2] Cannot modify header information - headers already sent by (output started at E:\web tools\wamp\www\PluginDetect\Lib\Action\IndexAction.class.php:12) E:\web tools\wamp\www\ThinkPHP\Lib\Core\View.class.php 第 96 行.
NOTIC: [2] Cannot modify header information - headers already sent by (output started at E:\web tools\wamp\www\PluginDetect\Lib\Action\IndexAction.class.php:12) E:\web tools\wamp\www\ThinkPHP\Lib\Core\View.class.php 第 97 行.
INFO: [ view_end ] --START--
INFO: ShowPageTrace Behavior ::run [ RunTime:0.003567s ]
INFO: [ view_end ] --END-- [ RunTime:0.003750s ]

[ 2014-04-28T12:28:35+08:00 ] 127.0.0.1 /index.php/Index/scanme
INFO: [ route_check ] --START--
INFO: CheckRoute Behavior ::run [ RunTime:0.001234s ]
INFO: [ route_check ] --END-- [ RunTime:0.001397s ]
INFO: [ app_begin ] --START--
INFO: ReadHtmlCache Behavior ::run [ RunTime:0.001014s ]
INFO: [ app_begin ] --END-- [ RunTime:0.001125s ]
NOTIC: [8] Undefined index:  flash E:\web tools\wamp\www\PluginDetect\Lib\Action\IndexAction.class.php 第 12 行.
INFO: [ view_parse ] --START--
INFO: ParseTemplate Behavior ::run [ RunTime:0.016123s ]
INFO: [ view_parse ] --END-- [ RunTime:0.016314s ]
INFO: [ view_filter ] --START--
INFO: ContentReplace Behavior ::run [ RunTime:0.000957s ]
INFO: TokenBuild Behavior ::run [ RunTime:0.000682s ]
INFO: WriteHtmlCache Behavior ::run [ RunTime:0.000517s ]
INFO: ShowRuntime Behavior ::run [ RunTime:0.000906s ]
INFO: [ view_filter ] --END-- [ RunTime:0.003386s ]
INFO: [ view_end ] --START--
INFO: ShowPageTrace Behavior ::run [ RunTime:0.002425s ]
INFO: [ view_end ] --END-- [ RunTime:0.002624s ]

[ 2014-04-28T12:28:47+08:00 ] 127.0.0.1 /index.php/Index/scanme
INFO: [ route_check ] --START--
INFO: CheckRoute Behavior ::run [ RunTime:0.001433s ]
INFO: [ route_check ] --END-- [ RunTime:0.001602s ]
INFO: [ app_begin ] --START--
INFO: ReadHtmlCache Behavior ::run [ RunTime:0.000904s ]
INFO: [ app_begin ] --END-- [ RunTime:0.001007s ]
NOTIC: [8] Undefined index:  flash E:\web tools\wamp\www\PluginDetect\Lib\Action\IndexAction.class.php 第 12 行.
INFO: [ view_parse ] --START--
INFO: ParseTemplate Behavior ::run [ RunTime:0.018938s ]
INFO: [ view_parse ] --END-- [ RunTime:0.019141s ]
INFO: [ view_filter ] --START--
INFO: ContentReplace Behavior ::run [ RunTime:0.001073s ]
INFO: TokenBuild Behavior ::run [ RunTime:0.000786s ]
INFO: WriteHtmlCache Behavior ::run [ RunTime:0.000597s ]
INFO: ShowRuntime Behavior ::run [ RunTime:0.002369s ]
INFO: [ view_filter ] --END-- [ RunTime:0.005149s ]
INFO: [ view_end ] --START--
INFO: ShowPageTrace Behavior ::run [ RunTime:0.002273s ]
INFO: [ view_end ] --END-- [ RunTime:0.002476s ]

[ 2014-04-28T12:28:48+08:00 ] 127.0.0.1 /index.php/Index/scanme
INFO: [ route_check ] --START--
INFO: CheckRoute Behavior ::run [ RunTime:0.003086s ]
INFO: [ route_check ] --END-- [ RunTime:0.003265s ]
INFO: [ app_begin ] --START--
INFO: ReadHtmlCache Behavior ::run [ RunTime:0.002758s ]
INFO: [ app_begin ] --END-- [ RunTime:0.002915s ]
INFO: [ view_parse ] --START--
INFO: ParseTemplate Behavior ::run [ RunTime:0.029421s ]
INFO: [ view_parse ] --END-- [ RunTime:0.029621s ]
INFO: [ view_filter ] --START--
INFO: ContentReplace Behavior ::run [ RunTime:0.003238s ]
INFO: TokenBuild Behavior ::run [ RunTime:0.002780s ]
INFO: WriteHtmlCache Behavior ::run [ RunTime:0.002930s ]
INFO: ShowRuntime Behavior ::run [ RunTime:0.003184s ]
INFO: [ view_filter ] --END-- [ RunTime:0.012574s ]
NOTIC: [2] Cannot modify header information - headers already sent by (output started at E:\web tools\wamp\www\PluginDetect\Lib\Action\IndexAction.class.php:12) E:\web tools\wamp\www\ThinkPHP\Lib\Core\View.class.php 第 95 行.
NOTIC: [2] Cannot modify header information - headers already sent by (output started at E:\web tools\wamp\www\PluginDetect\Lib\Action\IndexAction.class.php:12) E:\web tools\wamp\www\ThinkPHP\Lib\Core\View.class.php 第 96 行.
NOTIC: [2] Cannot modify header information - headers already sent by (output started at E:\web tools\wamp\www\PluginDetect\Lib\Action\IndexAction.class.php:12) E:\web tools\wamp\www\ThinkPHP\Lib\Core\View.class.php 第 97 行.
INFO: [ view_end ] --START--
INFO: ShowPageTrace Behavior ::run [ RunTime:0.003932s ]
INFO: [ view_end ] --END-- [ RunTime:0.004085s ]

[ 2014-04-28T12:36:57+08:00 ] 127.0.0.1 /index.php/Index/scanme
INFO: [ route_check ] --START--
INFO: CheckRoute Behavior ::run [ RunTime:0.002573s ]
INFO: [ route_check ] --END-- [ RunTime:0.002706s ]
INFO: [ app_begin ] --START--
INFO: ReadHtmlCache Behavior ::run [ RunTime:0.002747s ]
INFO: [ app_begin ] --END-- [ RunTime:0.002908s ]
NOTIC: [8] Undefined index:  flash E:\web tools\wamp\www\PluginDetect\Lib\Action\IndexAction.class.php 第 12 行.
INFO: [ view_parse ] --START--
INFO: ParseTemplate Behavior ::run [ RunTime:0.023139s ]
INFO: [ view_parse ] --END-- [ RunTime:0.023313s ]
INFO: [ view_filter ] --START--
INFO: ContentReplace Behavior ::run [ RunTime:0.002381s ]
INFO: TokenBuild Behavior ::run [ RunTime:0.002225s ]
INFO: WriteHtmlCache Behavior ::run [ RunTime:0.002029s ]
INFO: ShowRuntime Behavior ::run [ RunTime:0.002974s ]
INFO: [ view_filter ] --END-- [ RunTime:0.009919s ]
INFO: [ view_end ] --START--
INFO: ShowPageTrace Behavior ::run [ RunTime:0.003929s ]
INFO: [ view_end ] --END-- [ RunTime:0.004124s ]

[ 2014-04-28T12:36:59+08:00 ] 127.0.0.1 /index.php/Index/scanme
INFO: [ route_check ] --START--
INFO: CheckRoute Behavior ::run [ RunTime:0.003926s ]
INFO: [ route_check ] --END-- [ RunTime:0.004205s ]
INFO: [ app_begin ] --START--
INFO: ReadHtmlCache Behavior ::run [ RunTime:0.003542s ]
INFO: [ app_begin ] --END-- [ RunTime:0.003726s ]
INFO: [ view_parse ] --START--
INFO: ParseTemplate Behavior ::run [ RunTime:0.028940s ]
INFO: [ view_parse ] --END-- [ RunTime:0.029169s ]
INFO: [ view_filter ] --START--
INFO: ContentReplace Behavior ::run [ RunTime:0.003456s ]
INFO: TokenBuild Behavior ::run [ RunTime:0.002967s ]
INFO: WriteHtmlCache Behavior ::run [ RunTime:0.002611s ]
INFO: ShowRuntime Behavior ::run [ RunTime:0.002295s ]
INFO: [ view_filter ] --END-- [ RunTime:0.011707s ]
NOTIC: [2] Cannot modify header information - headers already sent by (output started at E:\web tools\wamp\www\PluginDetect\Lib\Action\IndexAction.class.php:12) E:\web tools\wamp\www\ThinkPHP\Lib\Core\View.class.php 第 95 行.
NOTIC: [2] Cannot modify header information - headers already sent by (output started at E:\web tools\wamp\www\PluginDetect\Lib\Action\IndexAction.class.php:12) E:\web tools\wamp\www\ThinkPHP\Lib\Core\View.class.php 第 96 行.
NOTIC: [2] Cannot modify header information - headers already sent by (output started at E:\web tools\wamp\www\PluginDetect\Lib\Action\IndexAction.class.php:12) E:\web tools\wamp\www\ThinkPHP\Lib\Core\View.class.php 第 97 行.
INFO: [ view_end ] --START--
INFO: ShowPageTrace Behavior ::run [ RunTime:0.002838s ]
INFO: [ view_end ] --END-- [ RunTime:0.002979s ]

[ 2014-04-28T12:59:40+08:00 ] 127.0.0.1 /index.php/Index/scanme
INFO: [ route_check ] --START--
INFO: CheckRoute Behavior ::run [ RunTime:0.003398s ]
INFO: [ route_check ] --END-- [ RunTime:0.003639s ]
INFO: [ app_begin ] --START--
INFO: ReadHtmlCache Behavior ::run [ RunTime:0.003720s ]
INFO: [ app_begin ] --END-- [ RunTime:0.004003s ]
NOTIC: [8] Undefined index:  flash E:\web tools\wamp\www\PluginDetect\Lib\Action\IndexAction.class.php 第 12 行.
INFO: [ view_parse ] --START--
INFO: ParseTemplate Behavior ::run [ RunTime:0.025009s ]
INFO: [ view_parse ] --END-- [ RunTime:0.025215s ]
INFO: [ view_filter ] --START--
INFO: ContentReplace Behavior ::run [ RunTime:0.003285s ]
INFO: TokenBuild Behavior ::run [ RunTime:0.003163s ]
INFO: WriteHtmlCache Behavior ::run [ RunTime:0.002380s ]
INFO: ShowRuntime Behavior ::run [ RunTime:0.002418s ]
INFO: [ view_filter ] --END-- [ RunTime:0.011705s ]
INFO: [ view_end ] --START--
INFO: ShowPageTrace Behavior ::run [ RunTime:0.006480s ]
INFO: [ view_end ] --END-- [ RunTime:0.006643s ]

[ 2014-04-28T12:59:43+08:00 ] 127.0.0.1 /index.php/Index/scanme
INFO: [ route_check ] --START--
INFO: CheckRoute Behavior ::run [ RunTime:0.002501s ]
INFO: [ route_check ] --END-- [ RunTime:0.002620s ]
INFO: [ app_begin ] --START--
INFO: ReadHtmlCache Behavior ::run [ RunTime:0.002178s ]
INFO: [ app_begin ] --END-- [ RunTime:0.002262s ]
INFO: [ view_parse ] --START--
INFO: ParseTemplate Behavior ::run [ RunTime:0.020490s ]
INFO: [ view_parse ] --END-- [ RunTime:0.020648s ]
INFO: [ view_filter ] --START--
INFO: ContentReplace Behavior ::run [ RunTime:0.002177s ]
INFO: TokenBuild Behavior ::run [ RunTime:0.002064s ]
INFO: WriteHtmlCache Behavior ::run [ RunTime:0.002909s ]
INFO: ShowRuntime Behavior ::run [ RunTime:0.002693s ]
INFO: [ view_filter ] --END-- [ RunTime:0.010175s ]
NOTIC: [2] Cannot modify header information - headers already sent by (output started at E:\web tools\wamp\www\PluginDetect\Lib\Action\IndexAction.class.php:12) E:\web tools\wamp\www\ThinkPHP\Lib\Core\View.class.php 第 95 行.
NOTIC: [2] Cannot modify header information - headers already sent by (output started at E:\web tools\wamp\www\PluginDetect\Lib\Action\IndexAction.class.php:12) E:\web tools\wamp\www\ThinkPHP\Lib\Core\View.class.php 第 96 行.
NOTIC: [2] Cannot modify header information - headers already sent by (output started at E:\web tools\wamp\www\PluginDetect\Lib\Action\IndexAction.class.php:12) E:\web tools\wamp\www\ThinkPHP\Lib\Core\View.class.php 第 97 行.
INFO: [ view_end ] --START--
INFO: ShowPageTrace Behavior ::run [ RunTime:0.003145s ]
INFO: [ view_end ] --END-- [ RunTime:0.003297s ]

[ 2014-04-28T13:02:07+08:00 ] 127.0.0.1 /index.php/Index/scanme
INFO: [ route_check ] --START--
INFO: CheckRoute Behavior ::run [ RunTime:0.003624s ]
INFO: [ route_check ] --END-- [ RunTime:0.003798s ]
INFO: [ app_begin ] --START--
INFO: ReadHtmlCache Behavior ::run [ RunTime:0.003613s ]
INFO: [ app_begin ] --END-- [ RunTime:0.003813s ]
NOTIC: [8] Undefined index:  flash E:\web tools\wamp\www\PluginDetect\Lib\Action\IndexAction.class.php 第 12 行.
INFO: [ view_parse ] --START--
INFO: ParseTemplate Behavior ::run [ RunTime:0.029029s ]
INFO: [ view_parse ] --END-- [ RunTime:0.029289s ]
INFO: [ view_filter ] --START--
INFO: ContentReplace Behavior ::run [ RunTime:0.004536s ]
INFO: TokenBuild Behavior ::run [ RunTime:0.003585s ]
INFO: WriteHtmlCache Behavior ::run [ RunTime:0.002977s ]
INFO: ShowRuntime Behavior ::run [ RunTime:0.002967s ]
INFO: [ view_filter ] --END-- [ RunTime:0.014597s ]
INFO: [ view_end ] --START--
INFO: ShowPageTrace Behavior ::run [ RunTime:0.004649s ]
INFO: [ view_end ] --END-- [ RunTime:0.004847s ]

[ 2014-04-28T13:02:15+08:00 ] 127.0.0.1 /index.php/Index/scanme
INFO: [ route_check ] --START--
INFO: CheckRoute Behavior ::run [ RunTime:0.002531s ]
INFO: [ route_check ] --END-- [ RunTime:0.002653s ]
INFO: [ app_begin ] --START--
INFO: ReadHtmlCache Behavior ::run [ RunTime:0.002205s ]
INFO: [ app_begin ] --END-- [ RunTime:0.002291s ]
INFO: [ view_parse ] --START--
INFO: ParseTemplate Behavior ::run [ RunTime:0.020496s ]
INFO: [ view_parse ] --END-- [ RunTime:0.020666s ]
INFO: [ view_filter ] --START--
INFO: ContentReplace Behavior ::run [ RunTime:0.002178s ]
INFO: TokenBuild Behavior ::run [ RunTime:0.002053s ]
INFO: WriteHtmlCache Behavior ::run [ RunTime:0.001936s ]
INFO: ShowRuntime Behavior ::run [ RunTime:0.002113s ]
INFO: [ view_filter ] --END-- [ RunTime:0.008503s ]
NOTIC: [2] Cannot modify header information - headers already sent by (output started at E:\web tools\wamp\www\PluginDetect\Lib\Action\IndexAction.class.php:12) E:\web tools\wamp\www\ThinkPHP\Lib\Core\View.class.php 第 95 行.
NOTIC: [2] Cannot modify header information - headers already sent by (output started at E:\web tools\wamp\www\PluginDetect\Lib\Action\IndexAction.class.php:12) E:\web tools\wamp\www\ThinkPHP\Lib\Core\View.class.php 第 96 行.
NOTIC: [2] Cannot modify header information - headers already sent by (output started at E:\web tools\wamp\www\PluginDetect\Lib\Action\IndexAction.class.php:12) E:\web tools\wamp\www\ThinkPHP\Lib\Core\View.class.php 第 97 行.
INFO: [ view_end ] --START--
INFO: ShowPageTrace Behavior ::run [ RunTime:0.002481s ]
INFO: [ view_end ] --END-- [ RunTime:0.002592s ]

[ 2014-04-28T13:04:07+08:00 ] 127.0.0.1 /index.php/Index/scanme
INFO: [ route_check ] --START--
INFO: CheckRoute Behavior ::run [ RunTime:0.003675s ]
INFO: [ route_check ] --END-- [ RunTime:0.003859s ]
INFO: [ app_begin ] --START--
INFO: ReadHtmlCache Behavior ::run [ RunTime:0.002338s ]
INFO: [ app_begin ] --END-- [ RunTime:0.002431s ]
NOTIC: [8] Undefined index:  flash E:\web tools\wamp\www\PluginDetect\Lib\Action\IndexAction.class.php 第 12 行.
INFO: [ view_parse ] --START--
INFO: ParseTemplate Behavior ::run [ RunTime:0.021610s ]
INFO: [ view_parse ] --END-- [ RunTime:0.021767s ]
INFO: [ view_filter ] --START--
INFO: ContentReplace Behavior ::run [ RunTime:0.002250s ]
INFO: TokenBuild Behavior ::run [ RunTime:0.002114s ]
INFO: WriteHtmlCache Behavior ::run [ RunTime:0.002021s ]
INFO: ShowRuntime Behavior ::run [ RunTime:0.002220s ]
INFO: [ view_filter ] --END-- [ RunTime:0.008887s ]
INFO: [ view_end ] --START--
INFO: ShowPageTrace Behavior ::run [ RunTime:0.002915s ]
INFO: [ view_end ] --END-- [ RunTime:0.003071s ]

[ 2014-04-28T13:05:05+08:00 ] 127.0.0.1 /index.php/Index/scanme
INFO: [ route_check ] --START--
INFO: CheckRoute Behavior ::run [ RunTime:0.003150s ]
INFO: [ route_check ] --END-- [ RunTime:0.003327s ]
INFO: [ app_begin ] --START--
INFO: ReadHtmlCache Behavior ::run [ RunTime:0.003141s ]
INFO: [ app_begin ] --END-- [ RunTime:0.003304s ]
NOTIC: [8] Undefined index:  flash E:\web tools\wamp\www\PluginDetect\Lib\Action\IndexAction.class.php 第 12 行.
INFO: [ view_parse ] --START--
INFO: ParseTemplate Behavior ::run [ RunTime:0.029202s ]
INFO: [ view_parse ] --END-- [ RunTime:0.029382s ]
INFO: [ view_filter ] --START--
INFO: ContentReplace Behavior ::run [ RunTime:0.003112s ]
INFO: TokenBuild Behavior ::run [ RunTime:0.002973s ]
INFO: WriteHtmlCache Behavior ::run [ RunTime:0.002650s ]
INFO: ShowRuntime Behavior ::run [ RunTime:0.002736s ]
INFO: [ view_filter ] --END-- [ RunTime:0.011859s ]
INFO: [ view_end ] --START--
INFO: ShowPageTrace Behavior ::run [ RunTime:0.004537s ]
INFO: [ view_end ] --END-- [ RunTime:0.004743s ]

[ 2014-04-28T13:17:25+08:00 ] 127.0.0.1 /index.php/Index/scanme
INFO: [ route_check ] --START--
INFO: CheckRoute Behavior ::run [ RunTime:0.005613s ]
INFO: [ route_check ] --END-- [ RunTime:0.005817s ]
INFO: [ app_begin ] --START--
INFO: ReadHtmlCache Behavior ::run [ RunTime:0.002437s ]
INFO: [ app_begin ] --END-- [ RunTime:0.002546s ]
NOTIC: [8] Undefined index:  flash E:\web tools\wamp\www\PluginDetect\Lib\Action\IndexAction.class.php 第 12 行.
INFO: [ view_parse ] --START--
INFO: ParseTemplate Behavior ::run [ RunTime:0.021910s ]
INFO: [ view_parse ] --END-- [ RunTime:0.022067s ]
INFO: [ view_filter ] --START--
INFO: ContentReplace Behavior ::run [ RunTime:0.002308s ]
INFO: TokenBuild Behavior ::run [ RunTime:0.002331s ]
INFO: WriteHtmlCache Behavior ::run [ RunTime:0.002002s ]
INFO: ShowRuntime Behavior ::run [ RunTime:0.002281s ]
INFO: [ view_filter ] --END-- [ RunTime:0.009194s ]
NOTIC: [2] Cannot modify header information - headers already sent by (output started at E:\web tools\wamp\www\PluginDetect\Lib\Action\IndexAction.class.php:14) E:\web tools\wamp\www\ThinkPHP\Lib\Core\View.class.php 第 95 行.
NOTIC: [2] Cannot modify header information - headers already sent by (output started at E:\web tools\wamp\www\PluginDetect\Lib\Action\IndexAction.class.php:14) E:\web tools\wamp\www\ThinkPHP\Lib\Core\View.class.php 第 96 行.
NOTIC: [2] Cannot modify header information - headers already sent by (output started at E:\web tools\wamp\www\PluginDetect\Lib\Action\IndexAction.class.php:14) E:\web tools\wamp\www\ThinkPHP\Lib\Core\View.class.php 第 97 行.
INFO: [ view_end ] --START--
INFO: ShowPageTrace Behavior ::run [ RunTime:0.003985s ]
INFO: [ view_end ] --END-- [ RunTime:0.004160s ]

[ 2014-04-28T13:17:33+08:00 ] 127.0.0.1 /index.php/Index/scanme
INFO: [ route_check ] --START--
INFO: CheckRoute Behavior ::run [ RunTime:0.003762s ]
INFO: [ route_check ] --END-- [ RunTime:0.003944s ]
INFO: [ app_begin ] --START--
INFO: ReadHtmlCache Behavior ::run [ RunTime:0.002863s ]
INFO: [ app_begin ] --END-- [ RunTime:0.003017s ]
INFO: [ view_parse ] --START--
INFO: ParseTemplate Behavior ::run [ RunTime:0.026685s ]
INFO: [ view_parse ] --END-- [ RunTime:0.026881s ]
INFO: [ view_filter ] --START--
INFO: ContentReplace Behavior ::run [ RunTime:0.002747s ]
INFO: TokenBuild Behavior ::run [ RunTime:0.002762s ]
INFO: WriteHtmlCache Behavior ::run [ RunTime:0.002602s ]
INFO: ShowRuntime Behavior ::run [ RunTime:0.002701s ]
INFO: [ view_filter ] --END-- [ RunTime:0.011169s ]
NOTIC: [2] Cannot modify header information - headers already sent by (output started at E:\web tools\wamp\www\PluginDetect\Lib\Action\IndexAction.class.php:12) E:\web tools\wamp\www\ThinkPHP\Lib\Core\View.class.php 第 95 行.
NOTIC: [2] Cannot modify header information - headers already sent by (output started at E:\web tools\wamp\www\PluginDetect\Lib\Action\IndexAction.class.php:12) E:\web tools\wamp\www\ThinkPHP\Lib\Core\View.class.php 第 96 行.
NOTIC: [2] Cannot modify header information - headers already sent by (output started at E:\web tools\wamp\www\PluginDetect\Lib\Action\IndexAction.class.php:12) E:\web tools\wamp\www\ThinkPHP\Lib\Core\View.class.php 第 97 行.
INFO: [ view_end ] --START--
INFO: ShowPageTrace Behavior ::run [ RunTime:0.003772s ]
INFO: [ view_end ] --END-- [ RunTime:0.003912s ]

[ 2014-04-28T14:00:12+08:00 ] 127.0.0.1 /index.php/Index/scanme
INFO: [ route_check ] --START--
INFO: CheckRoute Behavior ::run [ RunTime:0.002932s ]
INFO: [ route_check ] --END-- [ RunTime:0.003106s ]
INFO: [ app_begin ] --START--
INFO: ReadHtmlCache Behavior ::run [ RunTime:0.002905s ]
INFO: [ app_begin ] --END-- [ RunTime:0.003068s ]
NOTIC: [8] Undefined index:  timestamp E:\web tools\wamp\www\PluginDetect\Lib\Action\IndexAction.class.php 第 11 行.
NOTIC: [8] Undefined index:  os E:\web tools\wamp\www\PluginDetect\Lib\Action\IndexAction.class.php 第 12 行.
NOTIC: [8] Undefined index:  br E:\web tools\wamp\www\PluginDetect\Lib\Action\IndexAction.class.php 第 13 行.
NOTIC: [8] Undefined index:  br_v E:\web tools\wamp\www\PluginDetect\Lib\Action\IndexAction.class.php 第 14 行.
SQL: SHOW COLUMNS FROM `scanrecord` [ RunTime:0.066595s ]
ERR: 1146:Table 'seieemis.scanrecord' doesn't exist
 [ SQL语句 ] : SHOW COLUMNS FROM `scanrecord`
INFO: [ view_parse ] --START--
INFO: ParseTemplate Behavior ::run [ RunTime:0.046024s ]
INFO: [ view_parse ] --END-- [ RunTime:0.046244s ]
INFO: [ view_filter ] --START--
INFO: ContentReplace Behavior ::run [ RunTime:0.002654s ]
INFO: TokenBuild Behavior ::run [ RunTime:0.002625s ]
INFO: WriteHtmlCache Behavior ::run [ RunTime:0.002762s ]
INFO: ShowRuntime Behavior ::run [ RunTime:0.002724s ]
INFO: [ view_filter ] --END-- [ RunTime:0.011092s ]
INFO: [ view_end ] --START--
INFO: ShowPageTrace Behavior ::run [ RunTime:0.003505s ]
INFO: [ view_end ] --END-- [ RunTime:0.003683s ]

[ 2014-04-28T14:00:16+08:00 ] 127.0.0.1 /index.php/Index/scanme
INFO: [ route_check ] --START--
INFO: CheckRoute Behavior ::run [ RunTime:0.002632s ]
INFO: [ route_check ] --END-- [ RunTime:0.002761s ]
INFO: [ app_begin ] --START--
INFO: ReadHtmlCache Behavior ::run [ RunTime:0.002539s ]
INFO: [ app_begin ] --END-- [ RunTime:0.002665s ]
SQL: SHOW COLUMNS FROM `scanrecord` [ RunTime:0.006644s ]
ERR: 1146:Table 'seieemis.scanrecord' doesn't exist
 [ SQL语句 ] : SHOW COLUMNS FROM `scanrecord`
INFO: [ view_parse ] --START--
INFO: ParseTemplate Behavior ::run [ RunTime:0.021609s ]
INFO: [ view_parse ] --END-- [ RunTime:0.021765s ]
INFO: [ view_filter ] --START--
INFO: ContentReplace Behavior ::run [ RunTime:0.002298s ]
INFO: TokenBuild Behavior ::run [ RunTime:0.002296s ]
INFO: WriteHtmlCache Behavior ::run [ RunTime:0.002201s ]
INFO: ShowRuntime Behavior ::run [ RunTime:0.002279s ]
INFO: [ view_filter ] --END-- [ RunTime:0.009304s ]
INFO: [ view_end ] --START--
INFO: ShowPageTrace Behavior ::run [ RunTime:0.002516s ]
INFO: [ view_end ] --END-- [ RunTime:0.002621s ]

[ 2014-04-28T14:22:47+08:00 ] 127.0.0.1 /index.php/index/scanme
INFO: [ route_check ] --START--
INFO: CheckRoute Behavior ::run [ RunTime:0.004425s ]
INFO: [ route_check ] --END-- [ RunTime:0.004580s ]
INFO: [ app_begin ] --START--
INFO: ReadHtmlCache Behavior ::run [ RunTime:0.020336s ]
INFO: [ app_begin ] --END-- [ RunTime:0.020504s ]
ERR: 无法加载模块:index

[ 2014-04-28T14:22:55+08:00 ] 127.0.0.1 /index.php/Index/scanme
INFO: [ route_check ] --START--
INFO: CheckRoute Behavior ::run [ RunTime:0.002771s ]
INFO: [ route_check ] --END-- [ RunTime:0.002901s ]
INFO: [ app_begin ] --START--
INFO: ReadHtmlCache Behavior ::run [ RunTime:0.003250s ]
INFO: [ app_begin ] --END-- [ RunTime:0.003372s ]
NOTIC: [8] Undefined index:  timestamp E:\web tools\wamp\www\PluginDetect\Lib\Action\IndexAction.class.php 第 11 行.
NOTIC: [8] Undefined index:  os E:\web tools\wamp\www\PluginDetect\Lib\Action\IndexAction.class.php 第 12 行.
NOTIC: [8] Undefined index:  br E:\web tools\wamp\www\PluginDetect\Lib\Action\IndexAction.class.php 第 13 行.
NOTIC: [8] Undefined index:  br_v E:\web tools\wamp\www\PluginDetect\Lib\Action\IndexAction.class.php 第 14 行.
SQL: SHOW COLUMNS FROM `scanrecord` [ RunTime:0.009825s ]
ERR: 1146:Table 'seieemis.scanrecord' doesn't exist
 [ SQL语句 ] : SHOW COLUMNS FROM `scanrecord`
INFO: [ view_parse ] --START--
INFO: ParseTemplate Behavior ::run [ RunTime:0.151986s ]
INFO: [ view_parse ] --END-- [ RunTime:0.152192s ]
INFO: [ view_filter ] --START--
INFO: ContentReplace Behavior ::run [ RunTime:0.015382s ]
INFO: TokenBuild Behavior ::run [ RunTime:0.003012s ]
INFO: WriteHtmlCache Behavior ::run [ RunTime:0.003886s ]
INFO: ShowRuntime Behavior ::run [ RunTime:0.003039s ]
INFO: [ view_filter ] --END-- [ RunTime:0.025662s ]
INFO: [ view_end ] --START--
INFO: ShowPageTrace Behavior ::run [ RunTime:0.003377s ]
INFO: [ view_end ] --END-- [ RunTime:0.003539s ]

[ 2014-04-28T14:22:57+08:00 ] 127.0.0.1 /index.php/Index/scanme
INFO: [ route_check ] --START--
INFO: CheckRoute Behavior ::run [ RunTime:0.001066s ]
INFO: [ route_check ] --END-- [ RunTime:0.001234s ]
INFO: [ app_begin ] --START--
INFO: ReadHtmlCache Behavior ::run [ RunTime:0.001025s ]
INFO: [ app_begin ] --END-- [ RunTime:0.001122s ]
SQL: SHOW COLUMNS FROM `scanrecord` [ RunTime:0.006617s ]
ERR: 1146:Table 'seieemis.scanrecord' doesn't exist
 [ SQL语句 ] : SHOW COLUMNS FROM `scanrecord`
INFO: [ view_parse ] --START--
INFO: ParseTemplate Behavior ::run [ RunTime:0.013793s ]
INFO: [ view_parse ] --END-- [ RunTime:0.013949s ]
INFO: [ view_filter ] --START--
INFO: ContentReplace Behavior ::run [ RunTime:0.000637s ]
INFO: TokenBuild Behavior ::run [ RunTime:0.000635s ]
INFO: WriteHtmlCache Behavior ::run [ RunTime:0.000438s ]
INFO: ShowRuntime Behavior ::run [ RunTime:0.000623s ]
INFO: [ view_filter ] --END-- [ RunTime:0.002552s ]
INFO: [ view_end ] --START--
INFO: ShowPageTrace Behavior ::run [ RunTime:0.001030s ]
INFO: [ view_end ] --END-- [ RunTime:0.001132s ]

