[ 2014-06-01T12:01:51+08:00 ] 127.0.0.1 /index.php/Admin
INFO: [ route_check ] --START--
INFO: CheckRoute Behavior ::run [ RunTime:0.014343s ]
INFO: [ route_check ] --END-- [ RunTime:0.014560s ]
INFO: [ app_begin ] --START--
INFO: ReadHtmlCache Behavior ::run [ RunTime:0.004671s ]
INFO: [ app_begin ] --END-- [ RunTime:0.004831s ]
INFO: [ view_parse ] --START--
INFO: ParseTemplate Behavior ::run [ RunTime:0.029766s ]
INFO: [ view_parse ] --END-- [ RunTime:0.029924s ]
INFO: [ view_filter ] --START--
INFO: ContentReplace Behavior ::run [ RunTime:0.004008s ]
INFO: TokenBuild Behavior ::run [ RunTime:0.003093s ]
INFO: WriteHtmlCache Behavior ::run [ RunTime:0.003061s ]
INFO: ShowRuntime Behavior ::run [ RunTime:0.003204s ]
INFO: [ view_filter ] --END-- [ RunTime:0.013692s ]
INFO: [ view_end ] --START--
INFO: ShowPageTrace Behavior ::run [ RunTime:0.003534s ]
INFO: [ view_end ] --END-- [ RunTime:0.003654s ]

[ 2014-06-01T12:02:02+08:00 ] 127.0.0.1 /index.php/Admin/resultUI
INFO: [ route_check ] --START--
INFO: CheckRoute Behavior ::run [ RunTime:0.001979s ]
INFO: [ route_check ] --END-- [ RunTime:0.002101s ]
INFO: [ app_begin ] --START--
INFO: ReadHtmlCache Behavior ::run [ RunTime:0.001836s ]
INFO: [ app_begin ] --END-- [ RunTime:0.001927s ]
NOTIC: [8] Constant THEME_NAME already defined E:\web tools\wamp\www\ThinkPHP\Lib\Core\View.class.php 第 223 行.
NOTIC: [8] Constant THEME_PATH already defined E:\web tools\wamp\www\ThinkPHP\Lib\Core\View.class.php 第 174 行.
NOTIC: [8] Constant APP_TMPL_PATH already defined E:\web tools\wamp\www\ThinkPHP\Lib\Core\View.class.php 第 175 行.
INFO: [ view_parse ] --START--
INFO: ParseTemplate Behavior ::run [ RunTime:0.055501s ]
INFO: [ view_parse ] --END-- [ RunTime:0.055656s ]
INFO: [ view_filter ] --START--
INFO: ContentReplace Behavior ::run [ RunTime:0.001510s ]
INFO: TokenBuild Behavior ::run [ RunTime:0.001489s ]
INFO: WriteHtmlCache Behavior ::run [ RunTime:0.002048s ]
INFO: ShowRuntime Behavior ::run [ RunTime:0.001636s ]
INFO: [ view_filter ] --END-- [ RunTime:0.007002s ]
INFO: [ view_end ] --START--
INFO: ShowPageTrace Behavior ::run [ RunTime:0.001683s ]
INFO: [ view_end ] --END-- [ RunTime:0.001778s ]

[ 2014-06-01T12:02:48+08:00 ] 127.0.0.1 /index.php/Admin/resultUI
INFO: [ route_check ] --START--
INFO: CheckRoute Behavior ::run [ RunTime:0.001915s ]
INFO: [ route_check ] --END-- [ RunTime:0.002066s ]
INFO: [ app_begin ] --START--
INFO: ReadHtmlCache Behavior ::run [ RunTime:0.002557s ]
INFO: [ app_begin ] --END-- [ RunTime:0.002743s ]
NOTIC: [8] Constant THEME_NAME already defined E:\web tools\wamp\www\ThinkPHP\Lib\Core\View.class.php 第 223 行.
NOTIC: [8] Constant THEME_PATH already defined E:\web tools\wamp\www\ThinkPHP\Lib\Core\View.class.php 第 174 行.
NOTIC: [8] Constant APP_TMPL_PATH already defined E:\web tools\wamp\www\ThinkPHP\Lib\Core\View.class.php 第 175 行.
INFO: [ view_parse ] --START--
INFO: ParseTemplate Behavior ::run [ RunTime:0.018653s ]
INFO: [ view_parse ] --END-- [ RunTime:0.018854s ]
INFO: [ view_filter ] --START--
INFO: ContentReplace Behavior ::run [ RunTime:0.002805s ]
INFO: TokenBuild Behavior ::run [ RunTime:0.001537s ]
INFO: WriteHtmlCache Behavior ::run [ RunTime:0.001289s ]
INFO: ShowRuntime Behavior ::run [ RunTime:0.001526s ]
INFO: [ view_filter ] --END-- [ RunTime:0.007432s ]
INFO: [ view_end ] --START--
INFO: ShowPageTrace Behavior ::run [ RunTime:0.001673s ]
INFO: [ view_end ] --END-- [ RunTime:0.001753s ]

[ 2014-06-01T12:04:37+08:00 ] 127.0.0.1 /index.php/Admin/resultUI
INFO: [ route_check ] --START--
INFO: CheckRoute Behavior ::run [ RunTime:0.002004s ]
INFO: [ route_check ] --END-- [ RunTime:0.002135s ]
INFO: [ app_begin ] --START--
INFO: ReadHtmlCache Behavior ::run [ RunTime:0.001810s ]
INFO: [ app_begin ] --END-- [ RunTime:0.001896s ]
NOTIC: [8] Constant THEME_NAME already defined E:\web tools\wamp\www\ThinkPHP\Lib\Core\View.class.php 第 223 行.
NOTIC: [8] Constant THEME_PATH already defined E:\web tools\wamp\www\ThinkPHP\Lib\Core\View.class.php 第 174 行.
NOTIC: [8] Constant APP_TMPL_PATH already defined E:\web tools\wamp\www\ThinkPHP\Lib\Core\View.class.php 第 175 行.
INFO: [ view_parse ] --START--
INFO: ParseTemplate Behavior ::run [ RunTime:0.016543s ]
INFO: [ view_parse ] --END-- [ RunTime:0.016692s ]
INFO: [ view_filter ] --START--
INFO: ContentReplace Behavior ::run [ RunTime:0.001673s ]
INFO: TokenBuild Behavior ::run [ RunTime:0.001441s ]
INFO: WriteHtmlCache Behavior ::run [ RunTime:0.001400s ]
INFO: ShowRuntime Behavior ::run [ RunTime:0.001488s ]
INFO: [ view_filter ] --END-- [ RunTime:0.006240s ]
INFO: [ view_end ] --START--
INFO: ShowPageTrace Behavior ::run [ RunTime:0.001636s ]
INFO: [ view_end ] --END-- [ RunTime:0.001719s ]

[ 2014-06-01T12:05:53+08:00 ] 127.0.0.1 /index.php/Admin/resultUI
INFO: [ route_check ] --START--
INFO: CheckRoute Behavior ::run [ RunTime:0.002297s ]
INFO: [ route_check ] --END-- [ RunTime:0.002433s ]
INFO: [ app_begin ] --START--
INFO: ReadHtmlCache Behavior ::run [ RunTime:0.001634s ]
INFO: [ app_begin ] --END-- [ RunTime:0.001727s ]
NOTIC: [8] Constant THEME_NAME already defined E:\web tools\wamp\www\ThinkPHP\Lib\Core\View.class.php 第 223 行.
NOTIC: [8] Constant THEME_PATH already defined E:\web tools\wamp\www\ThinkPHP\Lib\Core\View.class.php 第 174 行.
NOTIC: [8] Constant APP_TMPL_PATH already defined E:\web tools\wamp\www\ThinkPHP\Lib\Core\View.class.php 第 175 行.
INFO: [ view_parse ] --START--
INFO: ParseTemplate Behavior ::run [ RunTime:0.018706s ]
INFO: [ view_parse ] --END-- [ RunTime:0.018850s ]
INFO: [ view_filter ] --START--
INFO: ContentReplace Behavior ::run [ RunTime:0.003078s ]
INFO: TokenBuild Behavior ::run [ RunTime:0.001611s ]
INFO: WriteHtmlCache Behavior ::run [ RunTime:0.001551s ]
INFO: ShowRuntime Behavior ::run [ RunTime:0.001507s ]
INFO: [ view_filter ] --END-- [ RunTime:0.008041s ]
INFO: [ view_end ] --START--
INFO: ShowPageTrace Behavior ::run [ RunTime:0.001826s ]
INFO: [ view_end ] --END-- [ RunTime:0.001910s ]

[ 2014-06-01T12:06:24+08:00 ] 127.0.0.1 /index.php/Admin/resultUI
INFO: [ route_check ] --START--
INFO: CheckRoute Behavior ::run [ RunTime:0.002058s ]
INFO: [ route_check ] --END-- [ RunTime:0.002189s ]
INFO: [ app_begin ] --START--
INFO: ReadHtmlCache Behavior ::run [ RunTime:0.002910s ]
INFO: [ app_begin ] --END-- [ RunTime:0.003001s ]
NOTIC: [8] Constant THEME_NAME already defined E:\web tools\wamp\www\ThinkPHP\Lib\Core\View.class.php 第 223 行.
NOTIC: [8] Constant THEME_PATH already defined E:\web tools\wamp\www\ThinkPHP\Lib\Core\View.class.php 第 174 行.
NOTIC: [8] Constant APP_TMPL_PATH already defined E:\web tools\wamp\www\ThinkPHP\Lib\Core\View.class.php 第 175 行.
INFO: [ view_parse ] --START--
INFO: ParseTemplate Behavior ::run [ RunTime:0.018559s ]
INFO: [ view_parse ] --END-- [ RunTime:0.018709s ]
INFO: [ view_filter ] --START--
INFO: ContentReplace Behavior ::run [ RunTime:0.002307s ]
INFO: TokenBuild Behavior ::run [ RunTime:0.001351s ]
INFO: WriteHtmlCache Behavior ::run [ RunTime:0.001232s ]
INFO: ShowRuntime Behavior ::run [ RunTime:0.001450s ]
INFO: [ view_filter ] --END-- [ RunTime:0.006564s ]
INFO: [ view_end ] --START--
INFO: ShowPageTrace Behavior ::run [ RunTime:0.001582s ]
INFO: [ view_end ] --END-- [ RunTime:0.001660s ]

[ 2014-06-01T12:07:30+08:00 ] 127.0.0.1 /index.php/Admin/resultUI
INFO: [ route_check ] --START--
INFO: CheckRoute Behavior ::run [ RunTime:0.002409s ]
INFO: [ route_check ] --END-- [ RunTime:0.002570s ]
INFO: [ app_begin ] --START--
INFO: ReadHtmlCache Behavior ::run [ RunTime:0.002992s ]
INFO: [ app_begin ] --END-- [ RunTime:0.003094s ]
NOTIC: [8] Constant THEME_NAME already defined E:\web tools\wamp\www\ThinkPHP\Lib\Core\View.class.php 第 223 行.
NOTIC: [8] Constant THEME_PATH already defined E:\web tools\wamp\www\ThinkPHP\Lib\Core\View.class.php 第 174 行.
NOTIC: [8] Constant APP_TMPL_PATH already defined E:\web tools\wamp\www\ThinkPHP\Lib\Core\View.class.php 第 175 行.
INFO: [ view_parse ] --START--
INFO: ParseTemplate Behavior ::run [ RunTime:0.017256s ]
INFO: [ view_parse ] --END-- [ RunTime:0.017418s ]
INFO: [ view_filter ] --START--
INFO: ContentReplace Behavior ::run [ RunTime:0.002323s ]
INFO: TokenBuild Behavior ::run [ RunTime:0.001431s ]
INFO: WriteHtmlCache Behavior ::run [ RunTime:0.001283s ]
INFO: ShowRuntime Behavior ::run [ RunTime:0.001757s ]
INFO: [ view_filter ] --END-- [ RunTime:0.007029s ]
INFO: [ view_end ] --START--
INFO: ShowPageTrace Behavior ::run [ RunTime:0.001630s ]
INFO: [ view_end ] --END-- [ RunTime:0.001709s ]

[ 2014-06-01T12:08:08+08:00 ] 127.0.0.1 /index.php/Admin/resultUI
INFO: [ route_check ] --START--
INFO: CheckRoute Behavior ::run [ RunTime:0.002763s ]
INFO: [ route_check ] --END-- [ RunTime:0.002937s ]
INFO: [ app_begin ] --START--
INFO: ReadHtmlCache Behavior ::run [ RunTime:0.002458s ]
INFO: [ app_begin ] --END-- [ RunTime:0.002544s ]
NOTIC: [8] Constant THEME_NAME already defined E:\web tools\wamp\www\ThinkPHP\Lib\Core\View.class.php 第 223 行.
NOTIC: [8] Constant THEME_PATH already defined E:\web tools\wamp\www\ThinkPHP\Lib\Core\View.class.php 第 174 行.
NOTIC: [8] Constant APP_TMPL_PATH already defined E:\web tools\wamp\www\ThinkPHP\Lib\Core\View.class.php 第 175 行.
INFO: [ view_parse ] --START--
INFO: ParseTemplate Behavior ::run [ RunTime:0.018696s ]
INFO: [ view_parse ] --END-- [ RunTime:0.018843s ]
INFO: [ view_filter ] --START--
INFO: ContentReplace Behavior ::run [ RunTime:0.002296s ]
INFO: TokenBuild Behavior ::run [ RunTime:0.001504s ]
INFO: WriteHtmlCache Behavior ::run [ RunTime:0.001281s ]
INFO: ShowRuntime Behavior ::run [ RunTime:0.001785s ]
INFO: [ view_filter ] --END-- [ RunTime:0.007126s ]
INFO: [ view_end ] --START--
INFO: ShowPageTrace Behavior ::run [ RunTime:0.001642s ]
INFO: [ view_end ] --END-- [ RunTime:0.001723s ]

[ 2014-06-01T12:08:31+08:00 ] 127.0.0.1 /index.php/Admin/resultUI
INFO: [ route_check ] --START--
INFO: CheckRoute Behavior ::run [ RunTime:0.002207s ]
INFO: [ route_check ] --END-- [ RunTime:0.002352s ]
INFO: [ app_begin ] --START--
INFO: ReadHtmlCache Behavior ::run [ RunTime:0.001607s ]
INFO: [ app_begin ] --END-- [ RunTime:0.001716s ]
NOTIC: [8] Constant THEME_NAME already defined E:\web tools\wamp\www\ThinkPHP\Lib\Core\View.class.php 第 223 行.
NOTIC: [8] Constant THEME_PATH already defined E:\web tools\wamp\www\ThinkPHP\Lib\Core\View.class.php 第 174 行.
NOTIC: [8] Constant APP_TMPL_PATH already defined E:\web tools\wamp\www\ThinkPHP\Lib\Core\View.class.php 第 175 行.
INFO: [ view_parse ] --START--
INFO: ParseTemplate Behavior ::run [ RunTime:0.019907s ]
INFO: [ view_parse ] --END-- [ RunTime:0.020061s ]
INFO: [ view_filter ] --START--
INFO: ContentReplace Behavior ::run [ RunTime:0.002484s ]
INFO: TokenBuild Behavior ::run [ RunTime:0.001437s ]
INFO: WriteHtmlCache Behavior ::run [ RunTime:0.001281s ]
INFO: ShowRuntime Behavior ::run [ RunTime:0.001572s ]
INFO: [ view_filter ] --END-- [ RunTime:0.007007s ]
INFO: [ view_end ] --START--
INFO: ShowPageTrace Behavior ::run [ RunTime:0.001669s ]
INFO: [ view_end ] --END-- [ RunTime:0.001759s ]

[ 2014-06-01T12:09:59+08:00 ] 127.0.0.1 /index.php/Admin/resultUI
INFO: [ route_check ] --START--
INFO: CheckRoute Behavior ::run [ RunTime:0.001849s ]
INFO: [ route_check ] --END-- [ RunTime:0.001980s ]
INFO: [ app_begin ] --START--
INFO: ReadHtmlCache Behavior ::run [ RunTime:0.001541s ]
INFO: [ app_begin ] --END-- [ RunTime:0.001633s ]
NOTIC: [8] Constant THEME_NAME already defined E:\web tools\wamp\www\ThinkPHP\Lib\Core\View.class.php 第 223 行.
NOTIC: [8] Constant THEME_PATH already defined E:\web tools\wamp\www\ThinkPHP\Lib\Core\View.class.php 第 174 行.
NOTIC: [8] Constant APP_TMPL_PATH already defined E:\web tools\wamp\www\ThinkPHP\Lib\Core\View.class.php 第 175 行.
INFO: [ view_parse ] --START--
INFO: ParseTemplate Behavior ::run [ RunTime:0.017814s ]
INFO: [ view_parse ] --END-- [ RunTime:0.017972s ]
INFO: [ view_filter ] --START--
INFO: ContentReplace Behavior ::run [ RunTime:0.002116s ]
INFO: TokenBuild Behavior ::run [ RunTime:0.001417s ]
INFO: WriteHtmlCache Behavior ::run [ RunTime:0.001399s ]
INFO: ShowRuntime Behavior ::run [ RunTime:0.001600s ]
INFO: [ view_filter ] --END-- [ RunTime:0.006799s ]
INFO: [ view_end ] --START--
INFO: ShowPageTrace Behavior ::run [ RunTime:0.003005s ]
INFO: [ view_end ] --END-- [ RunTime:0.003105s ]

[ 2014-06-01T12:11:20+08:00 ] 127.0.0.1 /index.php/Admin/resultUI
INFO: [ route_check ] --START--
INFO: CheckRoute Behavior ::run [ RunTime:0.003771s ]
INFO: [ route_check ] --END-- [ RunTime:0.004043s ]
INFO: [ app_begin ] --START--
INFO: ReadHtmlCache Behavior ::run [ RunTime:0.003312s ]
INFO: [ app_begin ] --END-- [ RunTime:0.003430s ]
NOTIC: [8] Constant THEME_NAME already defined E:\web tools\wamp\www\ThinkPHP\Lib\Core\View.class.php 第 223 行.
NOTIC: [8] Constant THEME_PATH already defined E:\web tools\wamp\www\ThinkPHP\Lib\Core\View.class.php 第 174 行.
NOTIC: [8] Constant APP_TMPL_PATH already defined E:\web tools\wamp\www\ThinkPHP\Lib\Core\View.class.php 第 175 行.
INFO: [ view_parse ] --START--
INFO: ParseTemplate Behavior ::run [ RunTime:0.022762s ]
INFO: [ view_parse ] --END-- [ RunTime:0.022918s ]
INFO: [ view_filter ] --START--
INFO: ContentReplace Behavior ::run [ RunTime:0.003198s ]
INFO: TokenBuild Behavior ::run [ RunTime:0.001415s ]
INFO: WriteHtmlCache Behavior ::run [ RunTime:0.001283s ]
INFO: ShowRuntime Behavior ::run [ RunTime:0.001438s ]
INFO: [ view_filter ] --END-- [ RunTime:0.007601s ]
INFO: [ view_end ] --START--
INFO: ShowPageTrace Behavior ::run [ RunTime:0.001588s ]
INFO: [ view_end ] --END-- [ RunTime:0.001671s ]

[ 2014-06-01T12:11:46+08:00 ] 127.0.0.1 /index.php/Admin/resultUI
INFO: [ route_check ] --START--
INFO: CheckRoute Behavior ::run [ RunTime:0.002305s ]
INFO: [ route_check ] --END-- [ RunTime:0.002511s ]
INFO: [ app_begin ] --START--
INFO: ReadHtmlCache Behavior ::run [ RunTime:0.002520s ]
INFO: [ app_begin ] --END-- [ RunTime:0.002605s ]
NOTIC: [8] Constant THEME_NAME already defined E:\web tools\wamp\www\ThinkPHP\Lib\Core\View.class.php 第 223 行.
NOTIC: [8] Constant THEME_PATH already defined E:\web tools\wamp\www\ThinkPHP\Lib\Core\View.class.php 第 174 行.
NOTIC: [8] Constant APP_TMPL_PATH already defined E:\web tools\wamp\www\ThinkPHP\Lib\Core\View.class.php 第 175 行.
INFO: [ view_parse ] --START--
INFO: ParseTemplate Behavior ::run [ RunTime:0.019079s ]
INFO: [ view_parse ] --END-- [ RunTime:0.019225s ]
INFO: [ view_filter ] --START--
INFO: ContentReplace Behavior ::run [ RunTime:0.002735s ]
INFO: TokenBuild Behavior ::run [ RunTime:0.001963s ]
INFO: WriteHtmlCache Behavior ::run [ RunTime:0.001576s ]
INFO: ShowRuntime Behavior ::run [ RunTime:0.001546s ]
INFO: [ view_filter ] --END-- [ RunTime:0.008159s ]
INFO: [ view_end ] --START--
INFO: ShowPageTrace Behavior ::run [ RunTime:0.001638s ]
INFO: [ view_end ] --END-- [ RunTime:0.001717s ]

[ 2014-06-01T12:13:09+08:00 ] 127.0.0.1 /index.php/Admin/resultUI
INFO: [ route_check ] --START--
INFO: CheckRoute Behavior ::run [ RunTime:0.000930s ]
INFO: [ route_check ] --END-- [ RunTime:0.001059s ]
INFO: [ app_begin ] --START--
INFO: ReadHtmlCache Behavior ::run [ RunTime:0.002688s ]
INFO: [ app_begin ] --END-- [ RunTime:0.002777s ]
NOTIC: [8] Constant THEME_NAME already defined E:\web tools\wamp\www\ThinkPHP\Lib\Core\View.class.php 第 223 行.
NOTIC: [8] Constant THEME_PATH already defined E:\web tools\wamp\www\ThinkPHP\Lib\Core\View.class.php 第 174 行.
NOTIC: [8] Constant APP_TMPL_PATH already defined E:\web tools\wamp\www\ThinkPHP\Lib\Core\View.class.php 第 175 行.
INFO: [ view_parse ] --START--
INFO: ParseTemplate Behavior ::run [ RunTime:0.016385s ]
INFO: [ view_parse ] --END-- [ RunTime:0.016558s ]
INFO: [ view_filter ] --START--
INFO: ContentReplace Behavior ::run [ RunTime:0.002868s ]
INFO: TokenBuild Behavior ::run [ RunTime:0.000702s ]
INFO: WriteHtmlCache Behavior ::run [ RunTime:0.000461s ]
INFO: ShowRuntime Behavior ::run [ RunTime:0.000758s ]
INFO: [ view_filter ] --END-- [ RunTime:0.005139s ]
INFO: [ view_end ] --START--
INFO: ShowPageTrace Behavior ::run [ RunTime:0.001011s ]
INFO: [ view_end ] --END-- [ RunTime:0.001134s ]

[ 2014-06-01T12:15:39+08:00 ] 127.0.0.1 /index.php/Admin/resultUI
INFO: [ route_check ] --START--
INFO: CheckRoute Behavior ::run [ RunTime:0.001851s ]
INFO: [ route_check ] --END-- [ RunTime:0.001976s ]
INFO: [ app_begin ] --START--
INFO: ReadHtmlCache Behavior ::run [ RunTime:0.002404s ]
INFO: [ app_begin ] --END-- [ RunTime:0.002491s ]
NOTIC: [8] Constant THEME_NAME already defined E:\web tools\wamp\www\ThinkPHP\Lib\Core\View.class.php 第 223 行.
NOTIC: [8] Constant THEME_PATH already defined E:\web tools\wamp\www\ThinkPHP\Lib\Core\View.class.php 第 174 行.
NOTIC: [8] Constant APP_TMPL_PATH already defined E:\web tools\wamp\www\ThinkPHP\Lib\Core\View.class.php 第 175 行.
INFO: [ view_parse ] --START--
INFO: ParseTemplate Behavior ::run [ RunTime:0.017827s ]
INFO: [ view_parse ] --END-- [ RunTime:0.017974s ]
INFO: [ view_filter ] --START--
INFO: ContentReplace Behavior ::run [ RunTime:0.002454s ]
INFO: TokenBuild Behavior ::run [ RunTime:0.001404s ]
INFO: WriteHtmlCache Behavior ::run [ RunTime:0.001233s ]
INFO: ShowRuntime Behavior ::run [ RunTime:0.001527s ]
INFO: [ view_filter ] --END-- [ RunTime:0.006977s ]
INFO: [ view_end ] --START--
INFO: ShowPageTrace Behavior ::run [ RunTime:0.001627s ]
INFO: [ view_end ] --END-- [ RunTime:0.001707s ]

[ 2014-06-01T12:17:08+08:00 ] 127.0.0.1 /index.php/Admin/resultUI
INFO: [ route_check ] --START--
INFO: CheckRoute Behavior ::run [ RunTime:0.001824s ]
INFO: [ route_check ] --END-- [ RunTime:0.001949s ]
INFO: [ app_begin ] --START--
INFO: ReadHtmlCache Behavior ::run [ RunTime:0.002537s ]
INFO: [ app_begin ] --END-- [ RunTime:0.002635s ]
NOTIC: [8] Constant THEME_NAME already defined E:\web tools\wamp\www\ThinkPHP\Lib\Core\View.class.php 第 223 行.
NOTIC: [8] Constant THEME_PATH already defined E:\web tools\wamp\www\ThinkPHP\Lib\Core\View.class.php 第 174 行.
NOTIC: [8] Constant APP_TMPL_PATH already defined E:\web tools\wamp\www\ThinkPHP\Lib\Core\View.class.php 第 175 行.
INFO: [ view_parse ] --START--
INFO: ParseTemplate Behavior ::run [ RunTime:0.019368s ]
INFO: [ view_parse ] --END-- [ RunTime:0.019511s ]
INFO: [ view_filter ] --START--
INFO: ContentReplace Behavior ::run [ RunTime:0.002281s ]
INFO: TokenBuild Behavior ::run [ RunTime:0.001358s ]
INFO: WriteHtmlCache Behavior ::run [ RunTime:0.001242s ]
INFO: ShowRuntime Behavior ::run [ RunTime:0.001553s ]
INFO: [ view_filter ] --END-- [ RunTime:0.006658s ]
INFO: [ view_end ] --START--
INFO: ShowPageTrace Behavior ::run [ RunTime:0.003089s ]
INFO: [ view_end ] --END-- [ RunTime:0.003192s ]

[ 2014-06-01T12:17:22+08:00 ] 127.0.0.1 /index.php/Admin/resultUI
INFO: [ route_check ] --START--
INFO: CheckRoute Behavior ::run [ RunTime:0.002153s ]
INFO: [ route_check ] --END-- [ RunTime:0.002303s ]
INFO: [ app_begin ] --START--
INFO: ReadHtmlCache Behavior ::run [ RunTime:0.002693s ]
INFO: [ app_begin ] --END-- [ RunTime:0.002815s ]
NOTIC: [8] Constant THEME_NAME already defined E:\web tools\wamp\www\ThinkPHP\Lib\Core\View.class.php 第 223 行.
NOTIC: [8] Constant THEME_PATH already defined E:\web tools\wamp\www\ThinkPHP\Lib\Core\View.class.php 第 174 行.
NOTIC: [8] Constant APP_TMPL_PATH already defined E:\web tools\wamp\www\ThinkPHP\Lib\Core\View.class.php 第 175 行.
INFO: [ view_parse ] --START--
INFO: ParseTemplate Behavior ::run [ RunTime:0.017834s ]
INFO: [ view_parse ] --END-- [ RunTime:0.017987s ]
INFO: [ view_filter ] --START--
INFO: ContentReplace Behavior ::run [ RunTime:0.002367s ]
INFO: TokenBuild Behavior ::run [ RunTime:0.001527s ]
INFO: WriteHtmlCache Behavior ::run [ RunTime:0.001334s ]
INFO: ShowRuntime Behavior ::run [ RunTime:0.001517s ]
INFO: [ view_filter ] --END-- [ RunTime:0.006976s ]
INFO: [ view_end ] --START--
INFO: ShowPageTrace Behavior ::run [ RunTime:0.001628s ]
INFO: [ view_end ] --END-- [ RunTime:0.001744s ]

[ 2014-06-01T12:18:29+08:00 ] 127.0.0.1 /index.php/Admin/resultUI
INFO: [ route_check ] --START--
INFO: CheckRoute Behavior ::run [ RunTime:0.002514s ]
INFO: [ route_check ] --END-- [ RunTime:0.002690s ]
INFO: [ app_begin ] --START--
INFO: ReadHtmlCache Behavior ::run [ RunTime:0.003765s ]
INFO: [ app_begin ] --END-- [ RunTime:0.003933s ]
NOTIC: [8] Constant THEME_NAME already defined E:\web tools\wamp\www\ThinkPHP\Lib\Core\View.class.php 第 223 行.
NOTIC: [8] Constant THEME_PATH already defined E:\web tools\wamp\www\ThinkPHP\Lib\Core\View.class.php 第 174 行.
NOTIC: [8] Constant APP_TMPL_PATH already defined E:\web tools\wamp\www\ThinkPHP\Lib\Core\View.class.php 第 175 行.
INFO: [ view_parse ] --START--
INFO: ParseTemplate Behavior ::run [ RunTime:0.017678s ]
INFO: [ view_parse ] --END-- [ RunTime:0.017854s ]
INFO: [ view_filter ] --START--
INFO: ContentReplace Behavior ::run [ RunTime:0.002722s ]
INFO: TokenBuild Behavior ::run [ RunTime:0.001622s ]
INFO: WriteHtmlCache Behavior ::run [ RunTime:0.001983s ]
INFO: ShowRuntime Behavior ::run [ RunTime:0.001985s ]
INFO: [ view_filter ] --END-- [ RunTime:0.008697s ]
INFO: [ view_end ] --START--
INFO: ShowPageTrace Behavior ::run [ RunTime:0.003224s ]
INFO: [ view_end ] --END-- [ RunTime:0.003352s ]

[ 2014-06-01T12:19:54+08:00 ] 127.0.0.1 /index.php/Admin/resultUI
INFO: [ route_check ] --START--
INFO: CheckRoute Behavior ::run [ RunTime:0.002534s ]
INFO: [ route_check ] --END-- [ RunTime:0.002700s ]
INFO: [ app_begin ] --START--
INFO: ReadHtmlCache Behavior ::run [ RunTime:0.002362s ]
INFO: [ app_begin ] --END-- [ RunTime:0.002498s ]
NOTIC: [8] Constant THEME_NAME already defined E:\web tools\wamp\www\ThinkPHP\Lib\Core\View.class.php 第 223 行.
NOTIC: [8] Constant THEME_PATH already defined E:\web tools\wamp\www\ThinkPHP\Lib\Core\View.class.php 第 174 行.
NOTIC: [8] Constant APP_TMPL_PATH already defined E:\web tools\wamp\www\ThinkPHP\Lib\Core\View.class.php 第 175 行.
INFO: [ view_parse ] --START--
INFO: ParseTemplate Behavior ::run [ RunTime:0.018862s ]
INFO: [ view_parse ] --END-- [ RunTime:0.019027s ]
INFO: [ view_filter ] --START--
INFO: ContentReplace Behavior ::run [ RunTime:0.002298s ]
INFO: TokenBuild Behavior ::run [ RunTime:0.001403s ]
INFO: WriteHtmlCache Behavior ::run [ RunTime:0.001248s ]
INFO: ShowRuntime Behavior ::run [ RunTime:0.001449s ]
INFO: [ view_filter ] --END-- [ RunTime:0.006621s ]
INFO: [ view_end ] --START--
INFO: ShowPageTrace Behavior ::run [ RunTime:0.001589s ]
INFO: [ view_end ] --END-- [ RunTime:0.001668s ]

[ 2014-06-01T12:20:43+08:00 ] 127.0.0.1 /index.php/Admin/resultUI
INFO: [ route_check ] --START--
INFO: CheckRoute Behavior ::run [ RunTime:0.002313s ]
INFO: [ route_check ] --END-- [ RunTime:0.002462s ]
INFO: [ app_begin ] --START--
INFO: ReadHtmlCache Behavior ::run [ RunTime:0.002604s ]
INFO: [ app_begin ] --END-- [ RunTime:0.002712s ]
NOTIC: [8] Constant THEME_NAME already defined E:\web tools\wamp\www\ThinkPHP\Lib\Core\View.class.php 第 223 行.
NOTIC: [8] Constant THEME_PATH already defined E:\web tools\wamp\www\ThinkPHP\Lib\Core\View.class.php 第 174 行.
NOTIC: [8] Constant APP_TMPL_PATH already defined E:\web tools\wamp\www\ThinkPHP\Lib\Core\View.class.php 第 175 行.
INFO: [ view_parse ] --START--
INFO: ParseTemplate Behavior ::run [ RunTime:0.017140s ]
INFO: [ view_parse ] --END-- [ RunTime:0.017285s ]
INFO: [ view_filter ] --START--
INFO: ContentReplace Behavior ::run [ RunTime:0.002351s ]
INFO: TokenBuild Behavior ::run [ RunTime:0.001423s ]
INFO: WriteHtmlCache Behavior ::run [ RunTime:0.001260s ]
INFO: ShowRuntime Behavior ::run [ RunTime:0.001442s ]
INFO: [ view_filter ] --END-- [ RunTime:0.006697s ]
INFO: [ view_end ] --START--
INFO: ShowPageTrace Behavior ::run [ RunTime:0.001593s ]
INFO: [ view_end ] --END-- [ RunTime:0.001670s ]

[ 2014-06-01T12:21:15+08:00 ] 127.0.0.1 /index.php/Admin/resultUI
INFO: [ route_check ] --START--
INFO: CheckRoute Behavior ::run [ RunTime:0.002921s ]
INFO: [ route_check ] --END-- [ RunTime:0.003102s ]
INFO: [ app_begin ] --START--
INFO: ReadHtmlCache Behavior ::run [ RunTime:0.003067s ]
INFO: [ app_begin ] --END-- [ RunTime:0.003178s ]
NOTIC: [8] Constant THEME_NAME already defined E:\web tools\wamp\www\ThinkPHP\Lib\Core\View.class.php 第 223 行.
NOTIC: [8] Constant THEME_PATH already defined E:\web tools\wamp\www\ThinkPHP\Lib\Core\View.class.php 第 174 行.
NOTIC: [8] Constant APP_TMPL_PATH already defined E:\web tools\wamp\www\ThinkPHP\Lib\Core\View.class.php 第 175 行.
INFO: [ view_parse ] --START--
INFO: ParseTemplate Behavior ::run [ RunTime:0.023254s ]
INFO: [ view_parse ] --END-- [ RunTime:0.023437s ]
INFO: [ view_filter ] --START--
INFO: ContentReplace Behavior ::run [ RunTime:0.002977s ]
INFO: TokenBuild Behavior ::run [ RunTime:0.001864s ]
INFO: WriteHtmlCache Behavior ::run [ RunTime:0.001625s ]
INFO: ShowRuntime Behavior ::run [ RunTime:0.001645s ]
INFO: [ view_filter ] --END-- [ RunTime:0.008399s ]
INFO: [ view_end ] --START--
INFO: ShowPageTrace Behavior ::run [ RunTime:0.001740s ]
INFO: [ view_end ] --END-- [ RunTime:0.001835s ]

[ 2014-06-01T12:22:42+08:00 ] 127.0.0.1 /index.php/Admin/resultUI
INFO: [ route_check ] --START--
INFO: CheckRoute Behavior ::run [ RunTime:0.002252s ]
INFO: [ route_check ] --END-- [ RunTime:0.002495s ]
INFO: [ app_begin ] --START--
INFO: ReadHtmlCache Behavior ::run [ RunTime:0.002510s ]
INFO: [ app_begin ] --END-- [ RunTime:0.002607s ]
NOTIC: [8] Constant THEME_NAME already defined E:\web tools\wamp\www\ThinkPHP\Lib\Core\View.class.php 第 223 行.
NOTIC: [8] Constant THEME_PATH already defined E:\web tools\wamp\www\ThinkPHP\Lib\Core\View.class.php 第 174 行.
NOTIC: [8] Constant APP_TMPL_PATH already defined E:\web tools\wamp\www\ThinkPHP\Lib\Core\View.class.php 第 175 行.
INFO: [ view_parse ] --START--
INFO: ParseTemplate Behavior ::run [ RunTime:0.017093s ]
INFO: [ view_parse ] --END-- [ RunTime:0.017235s ]
INFO: [ view_filter ] --START--
INFO: ContentReplace Behavior ::run [ RunTime:0.002462s ]
INFO: TokenBuild Behavior ::run [ RunTime:0.001658s ]
INFO: WriteHtmlCache Behavior ::run [ RunTime:0.001813s ]
INFO: ShowRuntime Behavior ::run [ RunTime:0.001601s ]
INFO: [ view_filter ] --END-- [ RunTime:0.007844s ]
INFO: [ view_end ] --START--
INFO: ShowPageTrace Behavior ::run [ RunTime:0.001627s ]
INFO: [ view_end ] --END-- [ RunTime:0.001708s ]

[ 2014-06-01T12:23:05+08:00 ] 127.0.0.1 /index.php/Admin/resultUI
INFO: [ route_check ] --START--
INFO: CheckRoute Behavior ::run [ RunTime:0.001993s ]
INFO: [ route_check ] --END-- [ RunTime:0.002135s ]
INFO: [ app_begin ] --START--
INFO: ReadHtmlCache Behavior ::run [ RunTime:0.001582s ]
INFO: [ app_begin ] --END-- [ RunTime:0.001665s ]
NOTIC: [8] Constant THEME_NAME already defined E:\web tools\wamp\www\ThinkPHP\Lib\Core\View.class.php 第 223 行.
NOTIC: [8] Constant THEME_PATH already defined E:\web tools\wamp\www\ThinkPHP\Lib\Core\View.class.php 第 174 行.
NOTIC: [8] Constant APP_TMPL_PATH already defined E:\web tools\wamp\www\ThinkPHP\Lib\Core\View.class.php 第 175 行.
INFO: [ view_parse ] --START--
INFO: ParseTemplate Behavior ::run [ RunTime:0.017291s ]
INFO: [ view_parse ] --END-- [ RunTime:0.017436s ]
INFO: [ view_filter ] --START--
INFO: ContentReplace Behavior ::run [ RunTime:0.002313s ]
INFO: TokenBuild Behavior ::run [ RunTime:0.001374s ]
INFO: WriteHtmlCache Behavior ::run [ RunTime:0.001244s ]
INFO: ShowRuntime Behavior ::run [ RunTime:0.001437s ]
INFO: [ view_filter ] --END-- [ RunTime:0.006588s ]
INFO: [ view_end ] --START--
INFO: ShowPageTrace Behavior ::run [ RunTime:0.001594s ]
INFO: [ view_end ] --END-- [ RunTime:0.001680s ]

[ 2014-06-01T12:24:48+08:00 ] 127.0.0.1 /index.php/Admin/resultUI
INFO: [ route_check ] --START--
INFO: CheckRoute Behavior ::run [ RunTime:0.001992s ]
INFO: [ route_check ] --END-- [ RunTime:0.002117s ]
INFO: [ app_begin ] --START--
INFO: ReadHtmlCache Behavior ::run [ RunTime:0.002495s ]
INFO: [ app_begin ] --END-- [ RunTime:0.002577s ]
NOTIC: [8] Constant THEME_NAME already defined E:\web tools\wamp\www\ThinkPHP\Lib\Core\View.class.php 第 223 行.
NOTIC: [8] Constant THEME_PATH already defined E:\web tools\wamp\www\ThinkPHP\Lib\Core\View.class.php 第 174 行.
NOTIC: [8] Constant APP_TMPL_PATH already defined E:\web tools\wamp\www\ThinkPHP\Lib\Core\View.class.php 第 175 行.
INFO: [ view_parse ] --START--
INFO: ParseTemplate Behavior ::run [ RunTime:0.018396s ]
INFO: [ view_parse ] --END-- [ RunTime:0.018539s ]
INFO: [ view_filter ] --START--
INFO: ContentReplace Behavior ::run [ RunTime:0.002399s ]
INFO: TokenBuild Behavior ::run [ RunTime:0.001407s ]
INFO: WriteHtmlCache Behavior ::run [ RunTime:0.001307s ]
INFO: ShowRuntime Behavior ::run [ RunTime:0.002036s ]
INFO: [ view_filter ] --END-- [ RunTime:0.007497s ]
INFO: [ view_end ] --START--
INFO: ShowPageTrace Behavior ::run [ RunTime:0.001827s ]
INFO: [ view_end ] --END-- [ RunTime:0.001914s ]

[ 2014-06-01T12:30:59+08:00 ] 127.0.0.1 /index.php/Admin/resultUI
INFO: [ route_check ] --START--
INFO: CheckRoute Behavior ::run [ RunTime:0.002590s ]
INFO: [ route_check ] --END-- [ RunTime:0.002762s ]
INFO: [ app_begin ] --START--
INFO: ReadHtmlCache Behavior ::run [ RunTime:0.004140s ]
INFO: [ app_begin ] --END-- [ RunTime:0.004337s ]
NOTIC: [8] Constant THEME_NAME already defined E:\web tools\wamp\www\ThinkPHP\Lib\Core\View.class.php 第 223 行.
NOTIC: [8] Constant THEME_PATH already defined E:\web tools\wamp\www\ThinkPHP\Lib\Core\View.class.php 第 174 行.
NOTIC: [8] Constant APP_TMPL_PATH already defined E:\web tools\wamp\www\ThinkPHP\Lib\Core\View.class.php 第 175 行.
INFO: [ view_parse ] --START--
INFO: ParseTemplate Behavior ::run [ RunTime:0.023468s ]
INFO: [ view_parse ] --END-- [ RunTime:0.023653s ]
INFO: [ view_filter ] --START--
INFO: ContentReplace Behavior ::run [ RunTime:0.003523s ]
INFO: TokenBuild Behavior ::run [ RunTime:0.001777s ]
INFO: WriteHtmlCache Behavior ::run [ RunTime:0.001537s ]
INFO: ShowRuntime Behavior ::run [ RunTime:0.001762s ]
INFO: [ view_filter ] --END-- [ RunTime:0.008982s ]
INFO: [ view_end ] --START--
INFO: ShowPageTrace Behavior ::run [ RunTime:0.001948s ]
INFO: [ view_end ] --END-- [ RunTime:0.002070s ]

[ 2014-06-01T12:32:45+08:00 ] 127.0.0.1 /index.php/Admin/resultUI
INFO: [ route_check ] --START--
INFO: CheckRoute Behavior ::run [ RunTime:0.002367s ]
INFO: [ route_check ] --END-- [ RunTime:0.002523s ]
INFO: [ app_begin ] --START--
INFO: ReadHtmlCache Behavior ::run [ RunTime:0.003185s ]
INFO: [ app_begin ] --END-- [ RunTime:0.003336s ]
NOTIC: [8] Constant THEME_NAME already defined E:\web tools\wamp\www\ThinkPHP\Lib\Core\View.class.php 第 223 行.
NOTIC: [8] Constant THEME_PATH already defined E:\web tools\wamp\www\ThinkPHP\Lib\Core\View.class.php 第 174 行.
NOTIC: [8] Constant APP_TMPL_PATH already defined E:\web tools\wamp\www\ThinkPHP\Lib\Core\View.class.php 第 175 行.
INFO: [ view_parse ] --START--
INFO: ParseTemplate Behavior ::run [ RunTime:0.021475s ]
INFO: [ view_parse ] --END-- [ RunTime:0.021658s ]
INFO: [ view_filter ] --START--
INFO: ContentReplace Behavior ::run [ RunTime:0.002435s ]
INFO: TokenBuild Behavior ::run [ RunTime:0.001379s ]
INFO: WriteHtmlCache Behavior ::run [ RunTime:0.001271s ]
INFO: ShowRuntime Behavior ::run [ RunTime:0.001453s ]
INFO: [ view_filter ] --END-- [ RunTime:0.006782s ]
INFO: [ view_end ] --START--
INFO: ShowPageTrace Behavior ::run [ RunTime:0.001603s ]
INFO: [ view_end ] --END-- [ RunTime:0.001682s ]

[ 2014-06-01T12:33:25+08:00 ] 127.0.0.1 /index.php/Admin/resultUI
INFO: [ route_check ] --START--
INFO: CheckRoute Behavior ::run [ RunTime:0.001829s ]
INFO: [ route_check ] --END-- [ RunTime:0.001950s ]
INFO: [ app_begin ] --START--
INFO: ReadHtmlCache Behavior ::run [ RunTime:0.002526s ]
INFO: [ app_begin ] --END-- [ RunTime:0.002613s ]
NOTIC: [8] Constant THEME_NAME already defined E:\web tools\wamp\www\ThinkPHP\Lib\Core\View.class.php 第 223 行.
NOTIC: [8] Constant THEME_PATH already defined E:\web tools\wamp\www\ThinkPHP\Lib\Core\View.class.php 第 174 行.
NOTIC: [8] Constant APP_TMPL_PATH already defined E:\web tools\wamp\www\ThinkPHP\Lib\Core\View.class.php 第 175 行.
INFO: [ view_parse ] --START--
INFO: ParseTemplate Behavior ::run [ RunTime:0.017625s ]
INFO: [ view_parse ] --END-- [ RunTime:0.017771s ]
INFO: [ view_filter ] --START--
INFO: ContentReplace Behavior ::run [ RunTime:0.002293s ]
INFO: TokenBuild Behavior ::run [ RunTime:0.001603s ]
INFO: WriteHtmlCache Behavior ::run [ RunTime:0.001252s ]
INFO: ShowRuntime Behavior ::run [ RunTime:0.001445s ]
INFO: [ view_filter ] --END-- [ RunTime:0.006819s ]
INFO: [ view_end ] --START--
INFO: ShowPageTrace Behavior ::run [ RunTime:0.001601s ]
INFO: [ view_end ] --END-- [ RunTime:0.001680s ]

[ 2014-06-01T12:34:06+08:00 ] 127.0.0.1 /index.php/Admin/resultUI
INFO: [ route_check ] --START--
INFO: CheckRoute Behavior ::run [ RunTime:0.000989s ]
INFO: [ route_check ] --END-- [ RunTime:0.001124s ]
INFO: [ app_begin ] --START--
INFO: ReadHtmlCache Behavior ::run [ RunTime:0.002618s ]
INFO: [ app_begin ] --END-- [ RunTime:0.002730s ]
NOTIC: [8] Constant THEME_NAME already defined E:\web tools\wamp\www\ThinkPHP\Lib\Core\View.class.php 第 223 行.
NOTIC: [8] Constant THEME_PATH already defined E:\web tools\wamp\www\ThinkPHP\Lib\Core\View.class.php 第 174 行.
NOTIC: [8] Constant APP_TMPL_PATH already defined E:\web tools\wamp\www\ThinkPHP\Lib\Core\View.class.php 第 175 行.
INFO: [ view_parse ] --START--
INFO: ParseTemplate Behavior ::run [ RunTime:0.017351s ]
INFO: [ view_parse ] --END-- [ RunTime:0.017609s ]
INFO: [ view_filter ] --START--
INFO: ContentReplace Behavior ::run [ RunTime:0.002288s ]
INFO: TokenBuild Behavior ::run [ RunTime:0.000613s ]
INFO: WriteHtmlCache Behavior ::run [ RunTime:0.000380s ]
INFO: ShowRuntime Behavior ::run [ RunTime:0.000561s ]
INFO: [ view_filter ] --END-- [ RunTime:0.004133s ]
INFO: [ view_end ] --START--
INFO: ShowPageTrace Behavior ::run [ RunTime:0.000848s ]
INFO: [ view_end ] --END-- [ RunTime:0.000940s ]

[ 2014-06-01T12:35:13+08:00 ] 127.0.0.1 /index.php/Admin/resultUI
INFO: [ route_check ] --START--
INFO: CheckRoute Behavior ::run [ RunTime:0.002092s ]
INFO: [ route_check ] --END-- [ RunTime:0.002224s ]
INFO: [ app_begin ] --START--
INFO: ReadHtmlCache Behavior ::run [ RunTime:0.001665s ]
INFO: [ app_begin ] --END-- [ RunTime:0.001752s ]
NOTIC: [8] Constant THEME_NAME already defined E:\web tools\wamp\www\ThinkPHP\Lib\Core\View.class.php 第 223 行.
NOTIC: [8] Constant THEME_PATH already defined E:\web tools\wamp\www\ThinkPHP\Lib\Core\View.class.php 第 174 行.
NOTIC: [8] Constant APP_TMPL_PATH already defined E:\web tools\wamp\www\ThinkPHP\Lib\Core\View.class.php 第 175 行.
INFO: [ view_parse ] --START--
INFO: ParseTemplate Behavior ::run [ RunTime:0.018350s ]
INFO: [ view_parse ] --END-- [ RunTime:0.018490s ]
INFO: [ view_filter ] --START--
INFO: ContentReplace Behavior ::run [ RunTime:0.002286s ]
INFO: TokenBuild Behavior ::run [ RunTime:0.001420s ]
INFO: WriteHtmlCache Behavior ::run [ RunTime:0.001370s ]
INFO: ShowRuntime Behavior ::run [ RunTime:0.001471s ]
INFO: [ view_filter ] --END-- [ RunTime:0.006775s ]
INFO: [ view_end ] --START--
INFO: ShowPageTrace Behavior ::run [ RunTime:0.003024s ]
INFO: [ view_end ] --END-- [ RunTime:0.003125s ]

[ 2014-06-01T12:37:14+08:00 ] 127.0.0.1 /index.php/Admin/resultUI
INFO: [ route_check ] --START--
INFO: CheckRoute Behavior ::run [ RunTime:0.002066s ]
INFO: [ route_check ] --END-- [ RunTime:0.002199s ]
INFO: [ app_begin ] --START--
INFO: ReadHtmlCache Behavior ::run [ RunTime:0.001707s ]
INFO: [ app_begin ] --END-- [ RunTime:0.001793s ]
NOTIC: [8] Constant THEME_NAME already defined E:\web tools\wamp\www\ThinkPHP\Lib\Core\View.class.php 第 223 行.
NOTIC: [8] Constant THEME_PATH already defined E:\web tools\wamp\www\ThinkPHP\Lib\Core\View.class.php 第 174 行.
NOTIC: [8] Constant APP_TMPL_PATH already defined E:\web tools\wamp\www\ThinkPHP\Lib\Core\View.class.php 第 175 行.
INFO: [ view_parse ] --START--
INFO: ParseTemplate Behavior ::run [ RunTime:0.016507s ]
INFO: [ view_parse ] --END-- [ RunTime:0.016655s ]
INFO: [ view_filter ] --START--
INFO: ContentReplace Behavior ::run [ RunTime:0.001577s ]
INFO: TokenBuild Behavior ::run [ RunTime:0.001747s ]
INFO: WriteHtmlCache Behavior ::run [ RunTime:0.001287s ]
INFO: ShowRuntime Behavior ::run [ RunTime:0.001456s ]
INFO: [ view_filter ] --END-- [ RunTime:0.006361s ]
INFO: [ view_end ] --START--
INFO: ShowPageTrace Behavior ::run [ RunTime:0.003084s ]
INFO: [ view_end ] --END-- [ RunTime:0.003187s ]

[ 2014-06-01T12:38:16+08:00 ] 127.0.0.1 /index.php/Admin/resultUI
INFO: [ route_check ] --START--
INFO: CheckRoute Behavior ::run [ RunTime:0.002156s ]
INFO: [ route_check ] --END-- [ RunTime:0.002325s ]
INFO: [ app_begin ] --START--
INFO: ReadHtmlCache Behavior ::run [ RunTime:0.001582s ]
INFO: [ app_begin ] --END-- [ RunTime:0.001668s ]
NOTIC: [8] Constant THEME_NAME already defined E:\web tools\wamp\www\ThinkPHP\Lib\Core\View.class.php 第 223 行.
NOTIC: [8] Constant THEME_PATH already defined E:\web tools\wamp\www\ThinkPHP\Lib\Core\View.class.php 第 174 行.
NOTIC: [8] Constant APP_TMPL_PATH already defined E:\web tools\wamp\www\ThinkPHP\Lib\Core\View.class.php 第 175 行.
INFO: [ view_parse ] --START--
INFO: ParseTemplate Behavior ::run [ RunTime:0.017125s ]
INFO: [ view_parse ] --END-- [ RunTime:0.017269s ]
INFO: [ view_filter ] --START--
INFO: ContentReplace Behavior ::run [ RunTime:0.002446s ]
INFO: TokenBuild Behavior ::run [ RunTime:0.001756s ]
INFO: WriteHtmlCache Behavior ::run [ RunTime:0.001251s ]
INFO: ShowRuntime Behavior ::run [ RunTime:0.001447s ]
INFO: [ view_filter ] --END-- [ RunTime:0.007180s ]
INFO: [ view_end ] --START--
INFO: ShowPageTrace Behavior ::run [ RunTime:0.001593s ]
INFO: [ view_end ] --END-- [ RunTime:0.001672s ]

[ 2014-06-01T12:39:12+08:00 ] 127.0.0.1 /index.php/Admin/resultUI
INFO: [ route_check ] --START--
INFO: CheckRoute Behavior ::run [ RunTime:0.002019s ]
INFO: [ route_check ] --END-- [ RunTime:0.002166s ]
INFO: [ app_begin ] --START--
INFO: ReadHtmlCache Behavior ::run [ RunTime:0.002846s ]
INFO: [ app_begin ] --END-- [ RunTime:0.003079s ]
NOTIC: [8] Constant THEME_NAME already defined E:\web tools\wamp\www\ThinkPHP\Lib\Core\View.class.php 第 223 行.
NOTIC: [8] Constant THEME_PATH already defined E:\web tools\wamp\www\ThinkPHP\Lib\Core\View.class.php 第 174 行.
NOTIC: [8] Constant APP_TMPL_PATH already defined E:\web tools\wamp\www\ThinkPHP\Lib\Core\View.class.php 第 175 行.
INFO: [ view_parse ] --START--
INFO: ParseTemplate Behavior ::run [ RunTime:0.018248s ]
INFO: [ view_parse ] --END-- [ RunTime:0.018474s ]
INFO: [ view_filter ] --START--
INFO: ContentReplace Behavior ::run [ RunTime:0.002337s ]
INFO: TokenBuild Behavior ::run [ RunTime:0.001386s ]
INFO: WriteHtmlCache Behavior ::run [ RunTime:0.001542s ]
INFO: ShowRuntime Behavior ::run [ RunTime:0.002008s ]
INFO: [ view_filter ] --END-- [ RunTime:0.007591s ]
INFO: [ view_end ] --START--
INFO: ShowPageTrace Behavior ::run [ RunTime:0.003040s ]
INFO: [ view_end ] --END-- [ RunTime:0.003153s ]

[ 2014-06-01T12:44:49+08:00 ] 127.0.0.1 /index.php/Admin/resultUI
INFO: [ route_check ] --START--
INFO: CheckRoute Behavior ::run [ RunTime:0.001836s ]
INFO: [ route_check ] --END-- [ RunTime:0.001963s ]
INFO: [ app_begin ] --START--
INFO: ReadHtmlCache Behavior ::run [ RunTime:0.002424s ]
INFO: [ app_begin ] --END-- [ RunTime:0.002514s ]
NOTIC: [8] Constant THEME_NAME already defined E:\web tools\wamp\www\ThinkPHP\Lib\Core\View.class.php 第 223 行.
NOTIC: [8] Constant THEME_PATH already defined E:\web tools\wamp\www\ThinkPHP\Lib\Core\View.class.php 第 174 行.
NOTIC: [8] Constant APP_TMPL_PATH already defined E:\web tools\wamp\www\ThinkPHP\Lib\Core\View.class.php 第 175 行.
INFO: [ view_parse ] --START--
INFO: ParseTemplate Behavior ::run [ RunTime:0.017552s ]
INFO: [ view_parse ] --END-- [ RunTime:0.017699s ]
INFO: [ view_filter ] --START--
INFO: ContentReplace Behavior ::run [ RunTime:0.002313s ]
INFO: TokenBuild Behavior ::run [ RunTime:0.001370s ]
INFO: WriteHtmlCache Behavior ::run [ RunTime:0.001430s ]
INFO: ShowRuntime Behavior ::run [ RunTime:0.001474s ]
INFO: [ view_filter ] --END-- [ RunTime:0.006813s ]
INFO: [ view_end ] --START--
INFO: ShowPageTrace Behavior ::run [ RunTime:0.002925s ]
INFO: [ view_end ] --END-- [ RunTime:0.003026s ]

[ 2014-06-01T12:49:23+08:00 ] 127.0.0.1 /index.php/Index/scanme
INFO: [ route_check ] --START--
INFO: CheckRoute Behavior ::run [ RunTime:0.002962s ]
INFO: [ route_check ] --END-- [ RunTime:0.003135s ]
INFO: [ app_begin ] --START--
INFO: ReadHtmlCache Behavior ::run [ RunTime:0.002916s ]
INFO: [ app_begin ] --END-- [ RunTime:0.003019s ]
SQL: SHOW COLUMNS FROM `spider` [ RunTime:0.068226s ]
SQL: SELECT * FROM `spider`  [ RunTime:0.005174s ]
NOTIC: [8] Undefined index:  timestamp E:\web tools\wamp\www\PluginDetect\Lib\Action\IndexAction.class.php 第 56 行.
INFO: [ view_parse ] --START--
INFO: ParseTemplate Behavior ::run [ RunTime:0.057574s ]
INFO: [ view_parse ] --END-- [ RunTime:0.057860s ]
INFO: [ view_filter ] --START--
INFO: ContentReplace Behavior ::run [ RunTime:0.004562s ]
INFO: TokenBuild Behavior ::run [ RunTime:0.002787s ]
INFO: WriteHtmlCache Behavior ::run [ RunTime:0.002669s ]
INFO: ShowRuntime Behavior ::run [ RunTime:0.004554s ]
INFO: [ view_filter ] --END-- [ RunTime:0.015178s ]
INFO: [ view_end ] --START--
INFO: ShowPageTrace Behavior ::run [ RunTime:0.005863s ]
INFO: [ view_end ] --END-- [ RunTime:0.006108s ]

[ 2014-06-01T12:49:25+08:00 ] 127.0.0.1 /index.php/Index/scanme
INFO: [ route_check ] --START--
INFO: CheckRoute Behavior ::run [ RunTime:0.001889s ]
INFO: [ route_check ] --END-- [ RunTime:0.002017s ]
INFO: [ app_begin ] --START--
INFO: ReadHtmlCache Behavior ::run [ RunTime:0.001605s ]
INFO: [ app_begin ] --END-- [ RunTime:0.001689s ]
SQL: SHOW COLUMNS FROM `spider` [ RunTime:0.004138s ]
SQL: SELECT * FROM `spider`  [ RunTime:0.002315s ]
SQL: SHOW COLUMNS FROM `scanrecord` [ RunTime:0.056781s ]
SQL: INSERT INTO `scanrecord` (`ip`,`browser`,`browserversion`,`plugininfo`,`os`,`timestamp`) VALUES ('127.0.0.1','Chrome','35,0,1916,114','reader=U2FsdGVkX1+f7K2YPoLVcokfdfMpFx+qhKBO7W4SYDE=&dvr=U2FsdGVkX1/p2Q2u26b0xkgdjBYANZbQnX0DunztOzw=&flash=U2FsdGVkX1+FGcztmrfnSK2Fq9fcWBxVP5AB+VXeJkw=&java=U2FsdGVkX1+Fc9AhoLZwAALPkashZ6WSGNDnMH00c98=&qt=U2FsdGVkX1+EK2VoLhpW1nRjnNgMW3bEEQRQUS3lmm4=&shock=U2FsdGVkX1/StDb6zw5dhsxg7iQdrVuT+ybxeYt0cO8=&silver=U2FsdGVkX1+RDdr5yqgU4pYPrFokgvjwMvSSMpYe6SM=&vlc=U2FsdGVkX1+KGSw4evquwG7Ep27tsvQManOnUm9c50s=&xunlei=U2FsdGVkX18VO8WxiqUILNw3pfWDeVpH3QaxvmSiPHg=&alipay=U2FsdGVkX19RcImREhgBFXjBeiwl7b6LjT59hyNAkdI=&qqmail=U2FsdGVkX1+ZzY83JriuK4MK5Pa8WEiW/5A/C255Svg=&upeditor=U2FsdGVkX1/emvBsGSW+iy/gHrTUjsmMkfeDVlPDTZw=&','Windows','2014-06-01 12:49:25') [ RunTime:0.356478s ]
INFO: [ view_parse ] --START--
INFO: ParseTemplate Behavior ::run [ RunTime:0.033549s ]
INFO: [ view_parse ] --END-- [ RunTime:0.033790s ]
INFO: [ view_filter ] --START--
INFO: ContentReplace Behavior ::run [ RunTime:0.001729s ]
INFO: TokenBuild Behavior ::run [ RunTime:0.001605s ]
INFO: WriteHtmlCache Behavior ::run [ RunTime:0.001443s ]
INFO: ShowRuntime Behavior ::run [ RunTime:0.001744s ]
INFO: [ view_filter ] --END-- [ RunTime:0.006798s ]
INFO: [ view_end ] --START--
INFO: ShowPageTrace Behavior ::run [ RunTime:0.001874s ]
INFO: [ view_end ] --END-- [ RunTime:0.001971s ]

[ 2014-06-01T12:51:47+08:00 ] 127.0.0.1 /index.php/Admin/resultUI
INFO: [ route_check ] --START--
INFO: CheckRoute Behavior ::run [ RunTime:0.001851s ]
INFO: [ route_check ] --END-- [ RunTime:0.001977s ]
INFO: [ app_begin ] --START--
INFO: ReadHtmlCache Behavior ::run [ RunTime:0.002486s ]
INFO: [ app_begin ] --END-- [ RunTime:0.002576s ]
NOTIC: [8] Constant THEME_NAME already defined E:\web tools\wamp\www\ThinkPHP\Lib\Core\View.class.php 第 223 行.
NOTIC: [8] Constant THEME_PATH already defined E:\web tools\wamp\www\ThinkPHP\Lib\Core\View.class.php 第 174 行.
NOTIC: [8] Constant APP_TMPL_PATH already defined E:\web tools\wamp\www\ThinkPHP\Lib\Core\View.class.php 第 175 行.
INFO: [ view_parse ] --START--
INFO: ParseTemplate Behavior ::run [ RunTime:0.018282s ]
INFO: [ view_parse ] --END-- [ RunTime:0.018428s ]
INFO: [ view_filter ] --START--
INFO: ContentReplace Behavior ::run [ RunTime:0.002318s ]
INFO: TokenBuild Behavior ::run [ RunTime:0.001371s ]
INFO: WriteHtmlCache Behavior ::run [ RunTime:0.001262s ]
INFO: ShowRuntime Behavior ::run [ RunTime:0.001464s ]
INFO: [ view_filter ] --END-- [ RunTime:0.006637s ]
INFO: [ view_end ] --START--
INFO: ShowPageTrace Behavior ::run [ RunTime:0.001606s ]
INFO: [ view_end ] --END-- [ RunTime:0.001685s ]

[ 2014-06-01T12:54:05+08:00 ] 127.0.0.1 /index.php/Admin/resultUI
INFO: [ route_check ] --START--
INFO: CheckRoute Behavior ::run [ RunTime:0.002100s ]
INFO: [ route_check ] --END-- [ RunTime:0.002293s ]
INFO: [ app_begin ] --START--
INFO: ReadHtmlCache Behavior ::run [ RunTime:0.001946s ]
INFO: [ app_begin ] --END-- [ RunTime:0.002054s ]
NOTIC: [8] Constant THEME_NAME already defined E:\web tools\wamp\www\ThinkPHP\Lib\Core\View.class.php 第 223 行.
NOTIC: [8] Constant THEME_PATH already defined E:\web tools\wamp\www\ThinkPHP\Lib\Core\View.class.php 第 174 行.
NOTIC: [8] Constant APP_TMPL_PATH already defined E:\web tools\wamp\www\ThinkPHP\Lib\Core\View.class.php 第 175 行.
INFO: [ view_parse ] --START--
INFO: ParseTemplate Behavior ::run [ RunTime:0.016503s ]
INFO: [ view_parse ] --END-- [ RunTime:0.016653s ]
INFO: [ view_filter ] --START--
INFO: ContentReplace Behavior ::run [ RunTime:0.001494s ]
INFO: TokenBuild Behavior ::run [ RunTime:0.001369s ]
INFO: WriteHtmlCache Behavior ::run [ RunTime:0.001262s ]
INFO: ShowRuntime Behavior ::run [ RunTime:0.001471s ]
INFO: [ view_filter ] --END-- [ RunTime:0.005818s ]
INFO: [ view_end ] --START--
INFO: ShowPageTrace Behavior ::run [ RunTime:0.001612s ]
INFO: [ view_end ] --END-- [ RunTime:0.001691s ]

[ 2014-06-01T12:55:37+08:00 ] 127.0.0.1 /index.php/Admin/resultUI
INFO: [ route_check ] --START--
INFO: CheckRoute Behavior ::run [ RunTime:0.002792s ]
INFO: [ route_check ] --END-- [ RunTime:0.002956s ]
INFO: [ app_begin ] --START--
INFO: ReadHtmlCache Behavior ::run [ RunTime:0.002079s ]
INFO: [ app_begin ] --END-- [ RunTime:0.002188s ]
NOTIC: [8] Constant THEME_NAME already defined E:\web tools\wamp\www\ThinkPHP\Lib\Core\View.class.php 第 223 行.
NOTIC: [8] Constant THEME_PATH already defined E:\web tools\wamp\www\ThinkPHP\Lib\Core\View.class.php 第 174 行.
NOTIC: [8] Constant APP_TMPL_PATH already defined E:\web tools\wamp\www\ThinkPHP\Lib\Core\View.class.php 第 175 行.
INFO: [ view_parse ] --START--
INFO: ParseTemplate Behavior ::run [ RunTime:0.018631s ]
INFO: [ view_parse ] --END-- [ RunTime:0.018795s ]
INFO: [ view_filter ] --START--
INFO: ContentReplace Behavior ::run [ RunTime:0.002315s ]
INFO: TokenBuild Behavior ::run [ RunTime:0.001366s ]
INFO: WriteHtmlCache Behavior ::run [ RunTime:0.001257s ]
INFO: ShowRuntime Behavior ::run [ RunTime:0.001443s ]
INFO: [ view_filter ] --END-- [ RunTime:0.006608s ]
INFO: [ view_end ] --START--
INFO: ShowPageTrace Behavior ::run [ RunTime:0.001609s ]
INFO: [ view_end ] --END-- [ RunTime:0.001686s ]

[ 2014-06-01T12:56:27+08:00 ] 127.0.0.1 /index.php/Admin/resultUI
INFO: [ route_check ] --START--
INFO: CheckRoute Behavior ::run [ RunTime:0.001922s ]
INFO: [ route_check ] --END-- [ RunTime:0.002046s ]
INFO: [ app_begin ] --START--
INFO: ReadHtmlCache Behavior ::run [ RunTime:0.001719s ]
INFO: [ app_begin ] --END-- [ RunTime:0.001821s ]
NOTIC: [8] Constant THEME_NAME already defined E:\web tools\wamp\www\ThinkPHP\Lib\Core\View.class.php 第 223 行.
NOTIC: [8] Constant THEME_PATH already defined E:\web tools\wamp\www\ThinkPHP\Lib\Core\View.class.php 第 174 行.
NOTIC: [8] Constant APP_TMPL_PATH already defined E:\web tools\wamp\www\ThinkPHP\Lib\Core\View.class.php 第 175 行.
INFO: [ view_parse ] --START--
INFO: ParseTemplate Behavior ::run [ RunTime:0.017339s ]
INFO: [ view_parse ] --END-- [ RunTime:0.017501s ]
INFO: [ view_filter ] --START--
INFO: ContentReplace Behavior ::run [ RunTime:0.001464s ]
INFO: TokenBuild Behavior ::run [ RunTime:0.001373s ]
INFO: WriteHtmlCache Behavior ::run [ RunTime:0.001242s ]
INFO: ShowRuntime Behavior ::run [ RunTime:0.001458s ]
INFO: [ view_filter ] --END-- [ RunTime:0.005754s ]
INFO: [ view_end ] --START--
INFO: ShowPageTrace Behavior ::run [ RunTime:0.002969s ]
INFO: [ view_end ] --END-- [ RunTime:0.003074s ]

[ 2014-06-01T12:57:34+08:00 ] 127.0.0.1 /index.php/Admin/resultUI
INFO: [ route_check ] --START--
INFO: CheckRoute Behavior ::run [ RunTime:0.001859s ]
INFO: [ route_check ] --END-- [ RunTime:0.002002s ]
INFO: [ app_begin ] --START--
INFO: ReadHtmlCache Behavior ::run [ RunTime:0.002558s ]
INFO: [ app_begin ] --END-- [ RunTime:0.002656s ]
NOTIC: [8] Constant THEME_NAME already defined E:\web tools\wamp\www\ThinkPHP\Lib\Core\View.class.php 第 223 行.
NOTIC: [8] Constant THEME_PATH already defined E:\web tools\wamp\www\ThinkPHP\Lib\Core\View.class.php 第 174 行.
NOTIC: [8] Constant APP_TMPL_PATH already defined E:\web tools\wamp\www\ThinkPHP\Lib\Core\View.class.php 第 175 行.
INFO: [ view_parse ] --START--
INFO: ParseTemplate Behavior ::run [ RunTime:0.018150s ]
INFO: [ view_parse ] --END-- [ RunTime:0.018301s ]
INFO: [ view_filter ] --START--
INFO: ContentReplace Behavior ::run [ RunTime:0.002367s ]
INFO: TokenBuild Behavior ::run [ RunTime:0.001411s ]
INFO: WriteHtmlCache Behavior ::run [ RunTime:0.001834s ]
INFO: ShowRuntime Behavior ::run [ RunTime:0.001559s ]
INFO: [ view_filter ] --END-- [ RunTime:0.007452s ]
INFO: [ view_end ] --START--
INFO: ShowPageTrace Behavior ::run [ RunTime:0.001621s ]
INFO: [ view_end ] --END-- [ RunTime:0.001700s ]

[ 2014-06-01T12:59:08+08:00 ] 127.0.0.1 /index.php/Admin/resultUI
INFO: [ route_check ] --START--
INFO: CheckRoute Behavior ::run [ RunTime:0.002110s ]
INFO: [ route_check ] --END-- [ RunTime:0.002252s ]
INFO: [ app_begin ] --START--
INFO: ReadHtmlCache Behavior ::run [ RunTime:0.002740s ]
INFO: [ app_begin ] --END-- [ RunTime:0.002842s ]
NOTIC: [8] Constant THEME_NAME already defined E:\web tools\wamp\www\ThinkPHP\Lib\Core\View.class.php 第 223 行.
NOTIC: [8] Constant THEME_PATH already defined E:\web tools\wamp\www\ThinkPHP\Lib\Core\View.class.php 第 174 行.
NOTIC: [8] Constant APP_TMPL_PATH already defined E:\web tools\wamp\www\ThinkPHP\Lib\Core\View.class.php 第 175 行.
INFO: [ view_parse ] --START--
INFO: ParseTemplate Behavior ::run [ RunTime:0.020586s ]
INFO: [ view_parse ] --END-- [ RunTime:0.020733s ]
INFO: [ view_filter ] --START--
INFO: ContentReplace Behavior ::run [ RunTime:0.002322s ]
INFO: TokenBuild Behavior ::run [ RunTime:0.001367s ]
INFO: WriteHtmlCache Behavior ::run [ RunTime:0.001501s ]
INFO: ShowRuntime Behavior ::run [ RunTime:0.001552s ]
INFO: [ view_filter ] --END-- [ RunTime:0.006979s ]
INFO: [ view_end ] --START--
INFO: ShowPageTrace Behavior ::run [ RunTime:0.001661s ]
INFO: [ view_end ] --END-- [ RunTime:0.001750s ]

[ 2014-06-01T13:00:47+08:00 ] 127.0.0.1 /index.php/Admin/resultUI
INFO: [ route_check ] --START--
INFO: CheckRoute Behavior ::run [ RunTime:0.001890s ]
INFO: [ route_check ] --END-- [ RunTime:0.002021s ]
INFO: [ app_begin ] --START--
INFO: ReadHtmlCache Behavior ::run [ RunTime:0.002522s ]
INFO: [ app_begin ] --END-- [ RunTime:0.002618s ]
NOTIC: [8] Constant THEME_NAME already defined E:\web tools\wamp\www\ThinkPHP\Lib\Core\View.class.php 第 223 行.
NOTIC: [8] Constant THEME_PATH already defined E:\web tools\wamp\www\ThinkPHP\Lib\Core\View.class.php 第 174 行.
NOTIC: [8] Constant APP_TMPL_PATH already defined E:\web tools\wamp\www\ThinkPHP\Lib\Core\View.class.php 第 175 行.
INFO: [ view_parse ] --START--
INFO: ParseTemplate Behavior ::run [ RunTime:0.018754s ]
INFO: [ view_parse ] --END-- [ RunTime:0.018900s ]
INFO: [ view_filter ] --START--
INFO: ContentReplace Behavior ::run [ RunTime:0.002302s ]
INFO: TokenBuild Behavior ::run [ RunTime:0.001382s ]
INFO: WriteHtmlCache Behavior ::run [ RunTime:0.001252s ]
INFO: ShowRuntime Behavior ::run [ RunTime:0.001456s ]
INFO: [ view_filter ] --END-- [ RunTime:0.006610s ]
INFO: [ view_end ] --START--
INFO: ShowPageTrace Behavior ::run [ RunTime:0.001679s ]
INFO: [ view_end ] --END-- [ RunTime:0.001765s ]

[ 2014-06-01T13:02:31+08:00 ] 127.0.0.1 /index.php/Admin/resultUI
INFO: [ route_check ] --START--
INFO: CheckRoute Behavior ::run [ RunTime:0.002400s ]
INFO: [ route_check ] --END-- [ RunTime:0.002618s ]
INFO: [ app_begin ] --START--
INFO: ReadHtmlCache Behavior ::run [ RunTime:0.002429s ]
INFO: [ app_begin ] --END-- [ RunTime:0.002614s ]
NOTIC: [8] Constant THEME_NAME already defined E:\web tools\wamp\www\ThinkPHP\Lib\Core\View.class.php 第 223 行.
NOTIC: [8] Constant THEME_PATH already defined E:\web tools\wamp\www\ThinkPHP\Lib\Core\View.class.php 第 174 行.
NOTIC: [8] Constant APP_TMPL_PATH already defined E:\web tools\wamp\www\ThinkPHP\Lib\Core\View.class.php 第 175 行.
INFO: [ view_parse ] --START--
INFO: ParseTemplate Behavior ::run [ RunTime:0.019935s ]
INFO: [ view_parse ] --END-- [ RunTime:0.020113s ]
INFO: [ view_filter ] --START--
INFO: ContentReplace Behavior ::run [ RunTime:0.001629s ]
INFO: TokenBuild Behavior ::run [ RunTime:0.001598s ]
INFO: WriteHtmlCache Behavior ::run [ RunTime:0.002039s ]
INFO: ShowRuntime Behavior ::run [ RunTime:0.002378s ]
INFO: [ view_filter ] --END-- [ RunTime:0.008065s ]
INFO: [ view_end ] --START--
INFO: ShowPageTrace Behavior ::run [ RunTime:0.001914s ]
INFO: [ view_end ] --END-- [ RunTime:0.002029s ]

[ 2014-06-01T13:02:58+08:00 ] 127.0.0.1 /index.php/Admin/resultUI
INFO: [ route_check ] --START--
INFO: CheckRoute Behavior ::run [ RunTime:0.003032s ]
INFO: [ route_check ] --END-- [ RunTime:0.003235s ]
INFO: [ app_begin ] --START--
INFO: ReadHtmlCache Behavior ::run [ RunTime:0.001699s ]
INFO: [ app_begin ] --END-- [ RunTime:0.001791s ]
NOTIC: [8] Constant THEME_NAME already defined E:\web tools\wamp\www\ThinkPHP\Lib\Core\View.class.php 第 223 行.
NOTIC: [8] Constant THEME_PATH already defined E:\web tools\wamp\www\ThinkPHP\Lib\Core\View.class.php 第 174 行.
NOTIC: [8] Constant APP_TMPL_PATH already defined E:\web tools\wamp\www\ThinkPHP\Lib\Core\View.class.php 第 175 行.
INFO: [ view_parse ] --START--
INFO: ParseTemplate Behavior ::run [ RunTime:0.018697s ]
INFO: [ view_parse ] --END-- [ RunTime:0.018853s ]
INFO: [ view_filter ] --START--
INFO: ContentReplace Behavior ::run [ RunTime:0.002490s ]
INFO: TokenBuild Behavior ::run [ RunTime:0.001660s ]
INFO: WriteHtmlCache Behavior ::run [ RunTime:0.001562s ]
INFO: ShowRuntime Behavior ::run [ RunTime:0.001739s ]
INFO: [ view_filter ] --END-- [ RunTime:0.007763s ]
INFO: [ view_end ] --START--
INFO: ShowPageTrace Behavior ::run [ RunTime:0.001861s ]
INFO: [ view_end ] --END-- [ RunTime:0.001954s ]

[ 2014-06-01T13:03:27+08:00 ] 127.0.0.1 /index.php/Admin/resultUI
INFO: [ route_check ] --START--
INFO: CheckRoute Behavior ::run [ RunTime:0.001352s ]
INFO: [ route_check ] --END-- [ RunTime:0.001536s ]
INFO: [ app_begin ] --START--
INFO: ReadHtmlCache Behavior ::run [ RunTime:0.000972s ]
INFO: [ app_begin ] --END-- [ RunTime:0.001079s ]
NOTIC: [8] Constant THEME_NAME already defined E:\web tools\wamp\www\ThinkPHP\Lib\Core\View.class.php 第 223 行.
NOTIC: [8] Constant THEME_PATH already defined E:\web tools\wamp\www\ThinkPHP\Lib\Core\View.class.php 第 174 行.
NOTIC: [8] Constant APP_TMPL_PATH already defined E:\web tools\wamp\www\ThinkPHP\Lib\Core\View.class.php 第 175 行.
INFO: [ view_parse ] --START--
INFO: ParseTemplate Behavior ::run [ RunTime:0.015018s ]
INFO: [ view_parse ] --END-- [ RunTime:0.015185s ]
INFO: [ view_filter ] --START--
INFO: ContentReplace Behavior ::run [ RunTime:0.000615s ]
INFO: TokenBuild Behavior ::run [ RunTime:0.000566s ]
INFO: WriteHtmlCache Behavior ::run [ RunTime:0.000411s ]
INFO: ShowRuntime Behavior ::run [ RunTime:0.000680s ]
INFO: [ view_filter ] --END-- [ RunTime:0.002548s ]
INFO: [ view_end ] --START--
INFO: ShowPageTrace Behavior ::run [ RunTime:0.000964s ]
INFO: [ view_end ] --END-- [ RunTime:0.001067s ]

[ 2014-06-01T13:07:28+08:00 ] 127.0.0.1 /index.php/Admin/resultUI
INFO: [ route_check ] --START--
INFO: CheckRoute Behavior ::run [ RunTime:0.002063s ]
INFO: [ route_check ] --END-- [ RunTime:0.002255s ]
INFO: [ app_begin ] --START--
INFO: ReadHtmlCache Behavior ::run [ RunTime:0.001609s ]
INFO: [ app_begin ] --END-- [ RunTime:0.001693s ]
NOTIC: [8] Constant THEME_NAME already defined E:\web tools\wamp\www\ThinkPHP\Lib\Core\View.class.php 第 223 行.
NOTIC: [8] Constant THEME_PATH already defined E:\web tools\wamp\www\ThinkPHP\Lib\Core\View.class.php 第 174 行.
NOTIC: [8] Constant APP_TMPL_PATH already defined E:\web tools\wamp\www\ThinkPHP\Lib\Core\View.class.php 第 175 行.
INFO: [ view_parse ] --START--
INFO: ParseTemplate Behavior ::run [ RunTime:0.018103s ]
INFO: [ view_parse ] --END-- [ RunTime:0.018248s ]
INFO: [ view_filter ] --START--
INFO: ContentReplace Behavior ::run [ RunTime:0.002375s ]
INFO: TokenBuild Behavior ::run [ RunTime:0.001401s ]
INFO: WriteHtmlCache Behavior ::run [ RunTime:0.001325s ]
INFO: ShowRuntime Behavior ::run [ RunTime:0.001578s ]
INFO: [ view_filter ] --END-- [ RunTime:0.007035s ]
INFO: [ view_end ] --START--
INFO: ShowPageTrace Behavior ::run [ RunTime:0.001797s ]
INFO: [ view_end ] --END-- [ RunTime:0.001887s ]

[ 2014-06-01T13:12:54+08:00 ] 127.0.0.1 /index.php/Admin/resultUI
INFO: [ route_check ] --START--
INFO: CheckRoute Behavior ::run [ RunTime:0.002141s ]
INFO: [ route_check ] --END-- [ RunTime:0.002267s ]
INFO: [ app_begin ] --START--
INFO: ReadHtmlCache Behavior ::run [ RunTime:0.003079s ]
INFO: [ app_begin ] --END-- [ RunTime:0.003203s ]
NOTIC: [8] Constant THEME_NAME already defined E:\web tools\wamp\www\ThinkPHP\Lib\Core\View.class.php 第 223 行.
NOTIC: [8] Constant THEME_PATH already defined E:\web tools\wamp\www\ThinkPHP\Lib\Core\View.class.php 第 174 行.
NOTIC: [8] Constant APP_TMPL_PATH already defined E:\web tools\wamp\www\ThinkPHP\Lib\Core\View.class.php 第 175 行.
INFO: [ view_parse ] --START--
INFO: ParseTemplate Behavior ::run [ RunTime:0.017768s ]
INFO: [ view_parse ] --END-- [ RunTime:0.017917s ]
INFO: [ view_filter ] --START--
INFO: ContentReplace Behavior ::run [ RunTime:0.002310s ]
INFO: TokenBuild Behavior ::run [ RunTime:0.001784s ]
INFO: WriteHtmlCache Behavior ::run [ RunTime:0.001822s ]
INFO: ShowRuntime Behavior ::run [ RunTime:0.001528s ]
INFO: [ view_filter ] --END-- [ RunTime:0.007736s ]
INFO: [ view_end ] --START--
INFO: ShowPageTrace Behavior ::run [ RunTime:0.001790s ]
INFO: [ view_end ] --END-- [ RunTime:0.001876s ]

[ 2014-06-01T13:37:17+08:00 ] 127.0.0.1 /index.php/Index/scanme
INFO: [ route_check ] --START--
INFO: CheckRoute Behavior ::run [ RunTime:0.003546s ]
INFO: [ route_check ] --END-- [ RunTime:0.003697s ]
INFO: [ app_begin ] --START--
INFO: ReadHtmlCache Behavior ::run [ RunTime:0.004186s ]
INFO: [ app_begin ] --END-- [ RunTime:0.004314s ]
SQL: SHOW COLUMNS FROM `spider` [ RunTime:0.034041s ]
SQL: SELECT * FROM `spider`  [ RunTime:0.002761s ]
NOTIC: [8] Undefined index:  timestamp E:\web tools\wamp\www\PluginDetect\Lib\Action\IndexAction.class.php 第 56 行.
INFO: [ view_parse ] --START--
INFO: ParseTemplate Behavior ::run [ RunTime:0.028258s ]
INFO: [ view_parse ] --END-- [ RunTime:0.028412s ]
INFO: [ view_filter ] --START--
INFO: ContentReplace Behavior ::run [ RunTime:0.002554s ]
INFO: TokenBuild Behavior ::run [ RunTime:0.002586s ]
INFO: WriteHtmlCache Behavior ::run [ RunTime:0.001319s ]
INFO: ShowRuntime Behavior ::run [ RunTime:0.002758s ]
INFO: [ view_filter ] --END-- [ RunTime:0.009486s ]
INFO: [ view_end ] --START--
INFO: ShowPageTrace Behavior ::run [ RunTime:0.002825s ]
INFO: [ view_end ] --END-- [ RunTime:0.002921s ]

[ 2014-06-01T13:37:19+08:00 ] 127.0.0.1 /index.php/Index/scanme
INFO: [ route_check ] --START--
INFO: CheckRoute Behavior ::run [ RunTime:0.001971s ]
INFO: [ route_check ] --END-- [ RunTime:0.002104s ]
INFO: [ app_begin ] --START--
INFO: ReadHtmlCache Behavior ::run [ RunTime:0.001574s ]
INFO: [ app_begin ] --END-- [ RunTime:0.001672s ]
SQL: SHOW COLUMNS FROM `spider` [ RunTime:0.004207s ]
SQL: SELECT * FROM `spider`  [ RunTime:0.002158s ]
SQL: SHOW COLUMNS FROM `scanrecord` [ RunTime:0.004597s ]
SQL: INSERT INTO `scanrecord` (`ip`,`browser`,`browserversion`,`plugininfo`,`os`,`timestamp`) VALUES ('127.0.0.1','Chrome','35,0,1916,114','reader=U2FsdGVkX19enuFo4zQQbAxsUg61KtQ1EU2AF8a15P0=&dvr=U2FsdGVkX1+dFftzl07bbnCn1HaULyIUlnUvExa7UWY=&flash=U2FsdGVkX18iWm31JEplRermwxky05gnDHjcwZbFnDs=&java=U2FsdGVkX19PnpdUBvyKlOIBw4LdK/frdWI7IXpoj58=&qt=U2FsdGVkX1+fr2wRDEExJWAeWD3PqiKTdzwyDlPWr+E=&shock=U2FsdGVkX1/YJzUjuzGXFOCE77Zb0bQGehYiO0f9BHw=&silver=U2FsdGVkX1/A1VUtV+aUrqPDVmu8pEHl1ycAg3QzTX0=&vlc=U2FsdGVkX19N6gtqhCyiWefG4MCcd9EBlVr8smQ6Aic=&xunlei=U2FsdGVkX19eZazx7B/abYQY0yFJpD0OeX1JRN7O1/o=&alipay=U2FsdGVkX18rEEhDAubOsnn3H5wYz5wZaOb1FS2RI4k=&qqmail=U2FsdGVkX1/vKA/Ftva8Zj0RvHLEypENZAACU86/9bg=&upeditor=U2FsdGVkX1/P5K67NGdE+e9kguaT1sK6rOUUXj/SH9s=&','Windows','2014-06-01 13:37:19') [ RunTime:0.035754s ]
INFO: [ view_parse ] --START--
INFO: ParseTemplate Behavior ::run [ RunTime:0.017983s ]
INFO: [ view_parse ] --END-- [ RunTime:0.018148s ]
INFO: [ view_filter ] --START--
INFO: ContentReplace Behavior ::run [ RunTime:0.001593s ]
INFO: TokenBuild Behavior ::run [ RunTime:0.001478s ]
INFO: WriteHtmlCache Behavior ::run [ RunTime:0.001337s ]
INFO: ShowRuntime Behavior ::run [ RunTime:0.001558s ]
INFO: [ view_filter ] --END-- [ RunTime:0.006209s ]
INFO: [ view_end ] --START--
INFO: ShowPageTrace Behavior ::run [ RunTime:0.001719s ]
INFO: [ view_end ] --END-- [ RunTime:0.001807s ]

[ 2014-06-01T13:37:32+08:00 ] 127.0.0.1 /index.php/Admin
INFO: [ route_check ] --START--
INFO: CheckRoute Behavior ::run [ RunTime:0.002089s ]
INFO: [ route_check ] --END-- [ RunTime:0.002238s ]
INFO: [ app_begin ] --START--
INFO: ReadHtmlCache Behavior ::run [ RunTime:0.002472s ]
INFO: [ app_begin ] --END-- [ RunTime:0.002556s ]
INFO: [ view_parse ] --START--
INFO: ParseTemplate Behavior ::run [ RunTime:0.060912s ]
INFO: [ view_parse ] --END-- [ RunTime:0.061071s ]
INFO: [ view_filter ] --START--
INFO: ContentReplace Behavior ::run [ RunTime:0.002707s ]
INFO: TokenBuild Behavior ::run [ RunTime:0.001451s ]
INFO: WriteHtmlCache Behavior ::run [ RunTime:0.001280s ]
INFO: ShowRuntime Behavior ::run [ RunTime:0.001540s ]
INFO: [ view_filter ] --END-- [ RunTime:0.007230s ]
INFO: [ view_end ] --START--
INFO: ShowPageTrace Behavior ::run [ RunTime:0.001633s ]
INFO: [ view_end ] --END-- [ RunTime:0.001712s ]

[ 2014-06-01T13:37:37+08:00 ] 127.0.0.1 /index.php/Admin/login
INFO: [ route_check ] --START--
INFO: CheckRoute Behavior ::run [ RunTime:0.000999s ]
INFO: [ route_check ] --END-- [ RunTime:0.001127s ]
INFO: [ app_begin ] --START--
INFO: ReadHtmlCache Behavior ::run [ RunTime:0.002679s ]
INFO: [ app_begin ] --END-- [ RunTime:0.002877s ]

[ 2014-06-01T13:37:37+08:00 ] 127.0.0.1 /index.php/Admin/resultview
INFO: [ route_check ] --START--
INFO: CheckRoute Behavior ::run [ RunTime:0.001860s ]
INFO: [ route_check ] --END-- [ RunTime:0.002077s ]
INFO: [ app_begin ] --START--
INFO: ReadHtmlCache Behavior ::run [ RunTime:0.003371s ]
INFO: [ app_begin ] --END-- [ RunTime:0.003520s ]
SQL: SHOW COLUMNS FROM `scanrecord` [ RunTime:0.005755s ]
SQL: SELECT COUNT(*) AS tp_count FROM `scanrecord` LIMIT 1   [ RunTime:0.003214s ]
SQL: SELECT * FROM `scanrecord` ORDER BY id desc LIMIT 0,12   [ RunTime:0.000403s ]
INFO: [ view_parse ] --START--
INFO: ParseTemplate Behavior ::run [ RunTime:0.056699s ]
INFO: [ view_parse ] --END-- [ RunTime:0.056853s ]
INFO: [ view_filter ] --START--
INFO: ContentReplace Behavior ::run [ RunTime:0.002488s ]
INFO: TokenBuild Behavior ::run [ RunTime:0.000671s ]
INFO: WriteHtmlCache Behavior ::run [ RunTime:0.000529s ]
INFO: ShowRuntime Behavior ::run [ RunTime:0.001019s ]
INFO: [ view_filter ] --END-- [ RunTime:0.005082s ]
INFO: [ view_end ] --START--
INFO: ShowPageTrace Behavior ::run [ RunTime:0.001180s ]
INFO: [ view_end ] --END-- [ RunTime:0.001289s ]

[ 2014-06-01T13:37:44+08:00 ] 127.0.0.1 /index.php/Admin/detail?id=229
INFO: [ route_check ] --START--
INFO: CheckRoute Behavior ::run [ RunTime:0.002002s ]
INFO: [ route_check ] --END-- [ RunTime:0.002135s ]
INFO: [ app_begin ] --START--
INFO: ReadHtmlCache Behavior ::run [ RunTime:0.001529s ]
INFO: [ app_begin ] --END-- [ RunTime:0.001613s ]
SQL: SHOW COLUMNS FROM `scanrecord` [ RunTime:0.005897s ]
SQL: SELECT * FROM `scanrecord` WHERE ( id="229" )  [ RunTime:0.004271s ]
INFO: [ view_parse ] --START--
INFO: ParseTemplate Behavior ::run [ RunTime:0.039037s ]
INFO: [ view_parse ] --END-- [ RunTime:0.039200s ]
INFO: [ view_filter ] --START--
INFO: ContentReplace Behavior ::run [ RunTime:0.002801s ]
INFO: TokenBuild Behavior ::run [ RunTime:0.001417s ]
INFO: WriteHtmlCache Behavior ::run [ RunTime:0.001247s ]
INFO: ShowRuntime Behavior ::run [ RunTime:0.001440s ]
INFO: [ view_filter ] --END-- [ RunTime:0.007169s ]
INFO: [ view_end ] --START--
INFO: ShowPageTrace Behavior ::run [ RunTime:0.001581s ]
INFO: [ view_end ] --END-- [ RunTime:0.001659s ]

[ 2014-06-01T13:37:52+08:00 ] 127.0.0.1 /index.php/Admin/detail?id=224
INFO: [ route_check ] --START--
INFO: CheckRoute Behavior ::run [ RunTime:0.001003s ]
INFO: [ route_check ] --END-- [ RunTime:0.001129s ]
INFO: [ app_begin ] --START--
INFO: ReadHtmlCache Behavior ::run [ RunTime:0.001193s ]
INFO: [ app_begin ] --END-- [ RunTime:0.001281s ]
SQL: SHOW COLUMNS FROM `scanrecord` [ RunTime:0.004547s ]
SQL: SELECT * FROM `scanrecord` WHERE ( id="224" )  [ RunTime:0.002346s ]
INFO: [ view_parse ] --START--
INFO: ParseTemplate Behavior ::run [ RunTime:0.014803s ]
INFO: [ view_parse ] --END-- [ RunTime:0.014962s ]
INFO: [ view_filter ] --START--
INFO: ContentReplace Behavior ::run [ RunTime:0.001880s ]
INFO: TokenBuild Behavior ::run [ RunTime:0.000475s ]
INFO: WriteHtmlCache Behavior ::run [ RunTime:0.000335s ]
INFO: ShowRuntime Behavior ::run [ RunTime:0.000534s ]
INFO: [ view_filter ] --END-- [ RunTime:0.003440s ]
INFO: [ view_end ] --START--
INFO: ShowPageTrace Behavior ::run [ RunTime:0.000667s ]
INFO: [ view_end ] --END-- [ RunTime:0.000744s ]

[ 2014-06-01T13:43:44+08:00 ] 127.0.0.1 /index.php/Index/scanme
INFO: [ route_check ] --START--
INFO: CheckRoute Behavior ::run [ RunTime:0.002049s ]
INFO: [ route_check ] --END-- [ RunTime:0.002187s ]
INFO: [ app_begin ] --START--
INFO: ReadHtmlCache Behavior ::run [ RunTime:0.002542s ]
INFO: [ app_begin ] --END-- [ RunTime:0.002631s ]
SQL: SHOW COLUMNS FROM `spider` [ RunTime:0.004710s ]
SQL: SELECT * FROM `spider`  [ RunTime:0.002657s ]
NOTIC: [8] Undefined index:  timestamp E:\web tools\wamp\www\PluginDetect\Lib\Action\IndexAction.class.php 第 56 行.
INFO: [ view_parse ] --START--
INFO: ParseTemplate Behavior ::run [ RunTime:0.019508s ]
INFO: [ view_parse ] --END-- [ RunTime:0.019667s ]
INFO: [ view_filter ] --START--
INFO: ContentReplace Behavior ::run [ RunTime:0.002327s ]
INFO: TokenBuild Behavior ::run [ RunTime:0.001376s ]
INFO: WriteHtmlCache Behavior ::run [ RunTime:0.001454s ]
INFO: ShowRuntime Behavior ::run [ RunTime:0.001785s ]
INFO: [ view_filter ] --END-- [ RunTime:0.007203s ]
INFO: [ view_end ] --START--
INFO: ShowPageTrace Behavior ::run [ RunTime:0.002964s ]
INFO: [ view_end ] --END-- [ RunTime:0.003064s ]

[ 2014-06-01T13:43:46+08:00 ] 127.0.0.1 /index.php/Index/scanme
INFO: [ route_check ] --START--
INFO: CheckRoute Behavior ::run [ RunTime:0.001957s ]
INFO: [ route_check ] --END-- [ RunTime:0.002073s ]
INFO: [ app_begin ] --START--
INFO: ReadHtmlCache Behavior ::run [ RunTime:0.001570s ]
INFO: [ app_begin ] --END-- [ RunTime:0.001653s ]
SQL: SHOW COLUMNS FROM `spider` [ RunTime:0.004374s ]
SQL: SELECT * FROM `spider`  [ RunTime:0.002540s ]
SQL: SHOW COLUMNS FROM `scanrecord` [ RunTime:0.004438s ]
SQL: INSERT INTO `scanrecord` (`ip`,`browser`,`browserversion`,`plugininfo`,`os`,`timestamp`) VALUES ('127.0.0.1','Chrome','35,0,1916,114','reader=U2FsdGVkX1/BQeh2b4y9pvcLn/5ddXLiowtpOPNGNDI=&dvr=U2FsdGVkX19N7qw3qEj9iuhBlWZAXM/4lRVg9Ag41Bw=&flash=U2FsdGVkX1/RAv6/7q17XGjZXYP7mtTrdIsU1138Iuk=&java=U2FsdGVkX1+k0+hwO3+bhgarlnIU6OPX2uRLmuYDMU4=&qt=U2FsdGVkX1/yFK0UViqU70hr/gWuh42dty2giC7UTeY=&shock=U2FsdGVkX1+Paeepjc9oVG3hGGXUzG9IEzZmYQpJwFU=&silver=U2FsdGVkX19Ma40iyRU9zJFcBai0ZigimXfc7M6KC14=&vlc=U2FsdGVkX18ZQ2hJX3T4zXii4zZwtX3bbPjyEK+71oo=&xunlei=U2FsdGVkX19d/5bocTzxgXhEcHQQdlupCnnmmaYSC4A=&alipay=U2FsdGVkX1+l8fMJ1uNG7G/Vc+zwUtaJhdSugMVWwP4=&qqmail=U2FsdGVkX1+PR1/lNtFM71H0kAlLzUTWTwqutOFCH/A=&upeditor=U2FsdGVkX1/kJDQffOz8HbfXUT0uhrdn3SmnEH7fBwI=&','Windows','2014-06-01 13:43:46') [ RunTime:0.072380s ]
INFO: [ view_parse ] --START--
INFO: ParseTemplate Behavior ::run [ RunTime:0.017033s ]
INFO: [ view_parse ] --END-- [ RunTime:0.017191s ]
INFO: [ view_filter ] --START--
INFO: ContentReplace Behavior ::run [ RunTime:0.001517s ]
INFO: TokenBuild Behavior ::run [ RunTime:0.001448s ]
INFO: WriteHtmlCache Behavior ::run [ RunTime:0.001282s ]
INFO: ShowRuntime Behavior ::run [ RunTime:0.001478s ]
INFO: [ view_filter ] --END-- [ RunTime:0.005945s ]
INFO: [ view_end ] --START--
INFO: ShowPageTrace Behavior ::run [ RunTime:0.001611s ]
INFO: [ view_end ] --END-- [ RunTime:0.001690s ]

